<?xml version="1.0" encoding="UTF-8"?>
<!-- Generated by org.testng.reporters.JUnitXMLReporter -->
<testsuite hostname="Aswins-MacBook-Air.local" ignored="0" name="Adults per room dropdown validation" tests="1" failures="0" timestamp="2020-08-05T12:58:00 AEST" time="20.217" errors="0">
  <testcase name="User_is_able_to_view_the_list_in_the_Adults_per_Room_drop_down_menu" time="19.663" classname="com.adactin.Mobileapphoteladactin.tests.AdultsPerRoomVerification"/>
</testsuite> <!-- Adults per room dropdown validation -->
