<?xml version="1.0" encoding="UTF-8"?>
<!-- Generated by org.testng.reporters.JUnitXMLReporter -->
<testsuite hostname="Aswins-Air" ignored="0" name="Book hotel verification" tests="1" failures="1" timestamp="2020-07-27T15:44:02 AEST" time="132.748" errors="0">
  <testcase name="User_is_able_to_book_a_hotel" time="132.233" classname="com.adactin.Mobileapphoteladactin1.tests.BookHotelVerificationTest">
    <failure type="java.lang.AssertionError" message="expected [true] but found [false]">
      <![CDATA[java.lang.AssertionError: expected [true] but found [false]
at com.adactin.Mobileapphoteladactin1.tests.BookHotelVerificationTest.User_is_able_to_book_a_hotel(BookHotelVerificationTest.java:109)
at java.util.ArrayList.forEach(ArrayList.java:1257)
... Removed 31 stack frames]]>
    </failure>
  </testcase> <!-- User_is_able_to_book_a_hotel -->
</testsuite> <!-- Book hotel verification -->
