<?xml version="1.0" encoding="UTF-8"?>
<!-- Generated by org.testng.reporters.JUnitXMLReporter -->
<testsuite hostname="Aswins-MacBook-Air.local" ignored="0" name="Booking confirmation screen scroll validation" tests="1" failures="0" timestamp="2020-08-06T16:06:39 AEST" time="147.615" errors="0">
  <testcase name="User_is_able_to_scroll_up_and_down_the_Booking_confirmation_screen" time="147.06" classname="com.adactin.Mobileapphoteladactin.tests.BookingConfirmationScreenScroll"/>
</testsuite> <!-- Booking confirmation screen scroll validation -->
