<?xml version="1.0" encoding="UTF-8"?>
<!-- Generated by org.testng.reporters.JUnitXMLReporter -->
<testsuite hostname="Aswins-Air" ignored="0" name="Booking cancelation verification" tests="1" failures="1" timestamp="2020-07-27T15:44:26 AEST" time="24.346" errors="0">
  <testcase name="User_is_able_to_cancel_a_hotel_booking" time="23.808" classname="com.adactin.Mobileapphoteladactin1.tests.BookingCancelationVerification">
    <failure type="java.lang.AssertionError" message="expected [true] but found [false]">
      <![CDATA[java.lang.AssertionError: expected [true] but found [false]
at com.adactin.Mobileapphoteladactin1.tests.BookingCancelationVerification.User_is_able_to_cancel_a_hotel_booking(BookingCancelationVerification.java:69)
at java.util.ArrayList.forEach(ArrayList.java:1257)
... Removed 31 stack frames]]>
    </failure>
  </testcase> <!-- User_is_able_to_cancel_a_hotel_booking -->
</testsuite> <!-- Booking cancelation verification -->
