<?xml version="1.0" encoding="UTF-8"?>
<!-- Generated by org.testng.reporters.JUnitXMLReporter -->
<testsuite hostname="Aswins-MacBook-Air.local" ignored="0" name="Check-in cancel Verification" tests="1" failures="0" timestamp="2020-08-04T12:02:25 AEST" time="22.206" errors="0">
  <testcase name="User_is_able_to_click_cancel_link_in_the_check_in_date" time="21.649" classname="com.adactin.Mobileapphoteladactin.tests.CheckinDateCancelVerification"/>
</testsuite> <!-- Check-in cancel Verification -->
