<?xml version="1.0" encoding="UTF-8"?>
<!-- Generated by org.testng.reporters.JUnitXMLReporter -->
<testsuite hostname="Aswins-MacBook-Air.local" ignored="0" name="Check-out date Verification" tests="1" failures="0" timestamp="2020-08-04T12:09:14 AEST" time="24.645" errors="0">
  <testcase name="User_should_be_able_to_enter_date_in_the_Check_out_date_field" time="24.005" classname="com.adactin.Mobileapphoteladactin.tests.CheckoutDateValidation"/>
</testsuite> <!-- Check-out date Verification -->
