<?xml version="1.0" encoding="UTF-8"?>
<!-- Generated by org.testng.reporters.JUnitXMLReporter -->
<testsuite hostname="Aswins-MacBook-Air.local" ignored="0" name="Check-out date Cancelation" tests="1" failures="0" timestamp="2020-08-05T12:57:30 AEST" time="23.304" errors="0">
  <testcase name="User_should_be_able_to_click_the_Cancel_link_in_the_Check_out_Date_field" time="22.805" classname="com.adactin.Mobileapphoteladactin.tests.CheckoutDateCancelVerification"/>
</testsuite> <!-- Check-out date Cancelation -->
