<?xml version="1.0" encoding="UTF-8"?>
<!-- Generated by org.testng.reporters.JUnitXMLReporter -->
<testsuite hostname="Aswins-MacBook-Air.local" ignored="0" name="Children per room dropdown validation" tests="1" failures="0" timestamp="2020-08-05T13:40:03 AEST" time="11.596" errors="0">
  <testcase name="User_is_able_to_exit_the_application_when_he_clicks_on_the_back_button_of_the_phone" time="11.233" classname="com.adactin.Mobileapphoteladactin.tests.ExitApp"/>
</testsuite> <!-- Children per room dropdown validation -->
