<?xml version="1.0" encoding="UTF-8"?>
<!-- Generated by org.testng.reporters.JUnitXMLReporter -->
<testsuite hostname="Aswins-MacBook-Air.local" ignored="0" name="Login verification with valid user id and password" tests="1" failures="0" timestamp="2020-07-29T16:47:26 AEST" time="13.075" errors="0">
  <testcase name="MAHA_TC03_TC_ValidLoginVerificationTest" time="12.673" classname="com.adactin.Mobileapphoteladactin1.tests.ValidLoginVerificationTest"/>
</testsuite> <!-- Login verification with valid user id and password -->
