<?xml version="1.0" encoding="UTF-8"?>
<!-- Generated by org.testng.reporters.JUnitXMLReporter -->
<testsuite hostname="Aswins-MacBook-Air.local" ignored="0" name="Login Verification with invalid user id and password" tests="1" failures="0" timestamp="2020-07-29T16:46:02 AEST" time="14.137" errors="0">
  <testcase name="MAHA_TC01_TC_InvalidLoginVerification" time="13.675" classname="com.adactin.Mobileapphoteladactin1.tests.InvalidLoginVerificationTest"/>
</testsuite> <!-- Login Verification with invalid user id and password -->
