<?xml version="1.0" encoding="UTF-8"?>
<!-- Generated by org.testng.reporters.JUnitXMLReporter -->
<testsuite hostname="Aswins-Air" ignored="0" name="Login Verification with invalid user id and password" tests="1" failures="0" timestamp="2020-08-05T12:38:51 AEST" time="16.709" errors="0">
  <testcase name="MAHA_TC01_TC_InvalidLoginVerification" time="16.012" classname="com.adactin.Mobileapphoteladactin.tests.InvalidLoginVerificationTest"/>
</testsuite> <!-- Login Verification with invalid user id and password -->
