<?xml version="1.0" encoding="UTF-8"?>
<!-- Generated by org.testng.reporters.JUnitXMLReporter -->
<testsuite hostname="Aswins-Air" ignored="0" name="Login verification with valid user id and password" tests="1" failures="0" timestamp="2020-06-26T15:22:07 AEST" time="15.773" errors="0">
  <testcase name="MAHA_TC03_TC_ValidLoginVerificationTest" time="15.305" classname="com.adactin.Mobileapphoteladactin1.tests.ValidLoginVerificationTest"/>
</testsuite> <!-- Login verification with valid user id and password -->
