<?xml version="1.0" encoding="UTF-8"?>
<!-- Generated by org.testng.reporters.JUnitXMLReporter -->
<testsuite hostname="Aswins-Air" ignored="0" name="Login Verification with no user id and password" tests="1" failures="0" timestamp="2020-07-27T15:40:36 AEST" time="17.858" errors="0">
  <testcase name="MAHA_TC02_TC_BlankLoginVerificationTest" time="17.144" classname="com.adactin.Mobileapphoteladactin1.tests.BlankLoginVerificationTest"/>
</testsuite> <!-- Login Verification with no user id and password -->
