<?xml version="1.0" encoding="UTF-8"?>
<!-- Generated by org.testng.reporters.JUnitXMLReporter -->
<testsuite hostname="Aswins-Air" ignored="0" name="Roomtype Dropdown Verification" tests="1" failures="0" timestamp="2020-08-05T12:51:25 AEST" time="16.975" errors="0">
  <testcase name="User_is_able_to_view_list_of_options_in_the_Room_Type_drop_down_menu" time="16.563" classname="com.adactin.Mobileapphoteladactin.tests.RoomtypeDropdownVerification"/>
</testsuite> <!-- Roomtype Dropdown Verification -->
