<?xml version="1.0" encoding="UTF-8"?>
<!-- Generated by org.testng.reporters.JUnitXMLReporter -->
<testsuite hostname="Aswins-Air" ignored="0" name="Room number Dropdown Verification" tests="1" failures="0" timestamp="2020-08-03T16:07:43 AEST" time="23.765" errors="0">
  <testcase name="User_is_able_to_view_the_list_of_options_in_the_Number_of_Rooms_drop_down_menu" time="23.244" classname="com.adactin.Mobileapphoteladactin.tests.RoomNoDropdownVerification"/>
</testsuite> <!-- Room number Dropdown Verification -->
