<?xml version="1.0" encoding="UTF-8"?>
<!-- Generated by org.testng.reporters.JUnitXMLReporter -->
<testsuite hostname="Aswins-MacBook-Air.local" ignored="0" name="Room number Dropdown Verification" tests="1" failures="0" timestamp="2020-08-05T12:54:31 AEST" time="150.753" errors="0">
  <testcase name="User_is_able_to_view_the_list_of_options_in_the_Number_of_Rooms_drop_down_menu" time="150.275" classname="com.adactin.Mobileapphoteladactin.tests.RoomNoDropdownVerification"/>
</testsuite> <!-- Room number Dropdown Verification -->
