<?xml version="1.0" encoding="UTF-8"?>
<!-- Generated by org.testng.reporters.JUnitXMLReporter -->
<testsuite hostname="Aswins-MacBook-Air.local" ignored="0" name="Search hotel with location and hotel name" tests="1" failures="0" timestamp="2020-07-29T17:00:34 AEST" time="23.735" errors="0">
  <testcase name="User_is_able_to_search_hotel_with_location_and_hotelname" time="23.297" classname="com.adactin.Mobileapphoteladactin1.tests.SearchHotel_LocationHotelName"/>
</testsuite> <!-- Search hotel with location and hotel name -->
