<?xml version="1.0" encoding="UTF-8"?>
<!-- Generated by org.testng.reporters.JUnitXMLReporter -->
<testsuite hostname="Aswins-MacBook-Air.local" ignored="0" name="Search Hotel results scroll validation" tests="1" failures="0" timestamp="2020-08-06T16:07:06 AEST" time="21.694" errors="0">
  <testcase name="User_is_able_to_scroll_up_down_the_search_results_of_the_search_hotel_screen" time="21.212" classname="com.adactin.Mobileapphoteladactin.tests.SearchResultsScrollVerification"/>
</testsuite> <!-- Search Hotel results scroll validation -->
