<?xml version="1.0" encoding="UTF-8"?>
<!-- Generated by org.testng.reporters.JUnitXMLReporter -->
<testsuite hostname="Aswins-Air" ignored="0" name="Select Hotel Verification" tests="1" failures="1" timestamp="2020-07-24T12:38:23 AEST" time="40.593" errors="0">
  <testcase name="User_is_able_to_select_hotel" time="40.183" classname="com.adactin.Mobileapphoteladactin1.tests.SelectHotelVerification">
    <failure type="java.lang.AssertionError" message="expected [true] but found [false]">
      <![CDATA[java.lang.AssertionError: expected [true] but found [false]
at com.adactin.Mobileapphoteladactin1.tests.SelectHotelVerification.User_is_able_to_select_hotel(SelectHotelVerification.java:85)
at java.util.ArrayList.forEach(ArrayList.java:1257)
... Removed 31 stack frames]]>
    </failure>
  </testcase> <!-- User_is_able_to_select_hotel -->
</testsuite> <!-- Select Hotel Verification -->
