<?xml version="1.0" encoding="UTF-8"?>
<!-- Generated by org.testng.reporters.JUnitXMLReporter -->
<testsuite hostname="Aswins-Air" ignored="0" name="Selected Hotel Detail Go back validation" tests="1" failures="0" timestamp="2020-08-06T12:44:51 AEST" time="25.681" errors="0">
  <testcase name="User_is_able_to_go_back_to_the_result_of_the_search_hotel_screen_by_clicking_the_back_arrow_button" time="25.171" classname="com.adactin.Mobileapphoteladactin.tests.SelectedHotelGoBack"/>
</testsuite> <!-- Selected Hotel Detail Go back validation -->
