<?xml version="1.0" encoding="UTF-8"?>
<!-- Generated by org.testng.reporters.JUnitXMLReporter -->
<testsuite hostname="Aswins-Air" ignored="0" name="View Booked Hotel Details verification" tests="1" failures="1" timestamp="2020-07-24T12:38:40 AEST" time="16.644" errors="0">
  <testcase name="User_is_able_to_view_itinerary" time="16.151" classname="com.adactin.Mobileapphoteladactin1.tests.ViewBookedHotelDetails">
    <failure type="java.lang.AssertionError" message="expected [true] but found [false]">
      <![CDATA[java.lang.AssertionError: expected [true] but found [false]
at com.adactin.Mobileapphoteladactin1.tests.ViewBookedHotelDetails.User_is_able_to_view_itinerary(ViewBookedHotelDetails.java:44)
at java.util.ArrayList.forEach(ArrayList.java:1257)
... Removed 31 stack frames]]>
    </failure>
  </testcase> <!-- User_is_able_to_view_itinerary -->
</testsuite> <!-- View Booked Hotel Details verification -->
