<?xml version="1.0" encoding="UTF-8"?>
<!-- Generated by org.testng.reporters.JUnitXMLReporter -->
<testsuite hostname="Aswins-Air" ignored="0" name="View Booked itinerary" tests="1" failures="1" timestamp="2020-07-24T12:38:56 AEST" time="16.239" errors="0">
  <testcase name="User_is_able_to_view_itinerary" time="15.747" classname="com.adactin.Mobileapphoteladactin1.tests.ViewItineraryVerification">
    <failure type="java.lang.AssertionError" message="expected [true] but found [false]">
      <![CDATA[java.lang.AssertionError: expected [true] but found [false]
at com.adactin.Mobileapphoteladactin1.tests.ViewItineraryVerification.User_is_able_to_view_itinerary(ViewItineraryVerification.java:49)
at java.util.ArrayList.forEach(ArrayList.java:1257)
... Removed 31 stack frames]]>
    </failure>
  </testcase> <!-- User_is_able_to_view_itinerary -->
</testsuite> <!-- View Booked itinerary -->
