<?xml version="1.0" encoding="UTF-8"?>
<testng-results ignored="0" total="1" passed="1" failed="0" skipped="0">
  <reporter-output>
  </reporter-output>
  <suite started-at="2020-03-19T12:10:59 AEDT" name="Default suite" finished-at="2020-03-19T12:18:19 AEDT" duration-ms="440185">
    <groups>
    </groups>
    <test started-at="2020-03-19T12:10:59 AEDT" name="Default test" finished-at="2020-03-19T12:18:19 AEDT" duration-ms="440185">
      <class name="com.adactin.Mobileapphoteladactin1.tests.User_is_able_to_book_a_hotel">
        <test-method signature="User_is_able_to_book_a_hotel()[pri:0, instance:com.adactin.Mobileapphoteladactin1.tests.User_is_able_to_book_a_hotel@225129c]" started-at="2020-03-19T12:10:59 AEDT" name="User_is_able_to_book_a_hotel" finished-at="2020-03-19T12:18:19 AEDT" duration-ms="440081" status="PASS">
          <reporter-output>
          </reporter-output>
        </test-method> <!-- User_is_able_to_book_a_hotel -->
      </class> <!-- com.adactin.Mobileapphoteladactin1.tests.User_is_able_to_book_a_hotel -->
    </test> <!-- Default test -->
  </suite> <!-- Default suite -->
</testng-results>
