<?xml version="1.0" encoding="UTF-8"?>
<testng-results ignored="1" total="9" passed="2" failed="6" skipped="0">
  <reporter-output>
  </reporter-output>
  <suite started-at="2020-03-26T15:28:11 AEDT" name="HotelAdactinMobileAppAutomationSuite" finished-at="2020-03-26T16:00:40 AEDT" duration-ms="1949147">
    <groups>
      <group name="functionalTest">
        <method signature="User_is_able_to_Search_Hotel_with_Location.User_is_able_to_Search_Hotel_with_Location()[pri:0, instance:com.adactin.Mobileapphoteladactin1.tests.User_is_able_to_Search_Hotel_with_Location@5ef5c734]" name="User_is_able_to_Search_Hotel_with_Location" class="com.adactin.Mobileapphoteladactin1.tests.User_is_able_to_Search_Hotel_with_Location"/>
        <method signature="User_is_able_to_book_a_hotel.User_is_able_to_book_a_hotel()[pri:0, instance:com.adactin.Mobileapphoteladactin1.tests.User_is_able_to_book_a_hotel@6f44a157]" name="User_is_able_to_book_a_hotel" class="com.adactin.Mobileapphoteladactin1.tests.User_is_able_to_book_a_hotel"/>
        <method signature="User_is_able_to_cancel_a_hotel_booking.User_is_able_to_cancel_a_hotel_booking()[pri:0, instance:com.adactin.Mobileapphoteladactin1.tests.User_is_able_to_cancel_a_hotel_booking@6bc407fd]" name="User_is_able_to_cancel_a_hotel_booking" class="com.adactin.Mobileapphoteladactin1.tests.User_is_able_to_cancel_a_hotel_booking"/>
        <method signature="User_is_able_to_login_into_the_application.User_is_able_to_login_into_the_application()[pri:0, instance:com.adactin.Mobileapphoteladactin1.tests.User_is_able_to_login_into_the_application@291f18]" name="User_is_able_to_login_into_the_application" class="com.adactin.Mobileapphoteladactin1.tests.User_is_able_to_login_into_the_application"/>
        <method signature="User_is_able_to_logout.User_is_able_to_logout()[pri:0, instance:com.adactin.Mobileapphoteladactin1.tests.User_is_able_to_logout@17d88132]" name="User_is_able_to_logout" class="com.adactin.Mobileapphoteladactin1.tests.User_is_able_to_logout"/>
        <method signature="User_is_able_to_reset_the_search_criteria.User_is_able_to_reset_the_search_criteria()[pri:0, instance:com.adactin.Mobileapphoteladactin1.tests.User_is_able_to_reset_the_search_criteria@5ddcc487]" name="User_is_able_to_reset_the_search_criteria" class="com.adactin.Mobileapphoteladactin1.tests.User_is_able_to_reset_the_search_criteria"/>
        <method signature="User_is_able_to_search_hotel_with_location_and_hotelname.User_is_able_to_search_hotel_with_location_and_hotelname()[pri:0, instance:com.adactin.Mobileapphoteladactin1.tests.User_is_able_to_search_hotel_with_location_and_hotelname@16eccb2e]" name="User_is_able_to_search_hotel_with_location_and_hotelname" class="com.adactin.Mobileapphoteladactin1.tests.User_is_able_to_search_hotel_with_location_and_hotelname"/>
        <method signature="User_is_able_to_view_itinerary.User_is_able_to_view_itinerary()[pri:0, instance:com.adactin.Mobileapphoteladactin1.tests.User_is_able_to_view_itinerary@d771cc9]" name="User_is_able_to_view_itinerary" class="com.adactin.Mobileapphoteladactin1.tests.User_is_able_to_view_itinerary"/>
      </group> <!-- functionalTest -->
    </groups>
    <test started-at="2020-03-26T15:28:11 AEDT" name="DeviceTesting" finished-at="2020-03-26T16:00:40 AEDT" duration-ms="1949147">
      <class name="com.adactin.Mobileapphoteladactin1.tests.User_is_able_to_logout">
        <test-method signature="User_is_able_to_logout()[pri:0, instance:com.adactin.Mobileapphoteladactin1.tests.User_is_able_to_logout@17d88132]" started-at="2020-03-26T15:41:37 AEDT" name="User_is_able_to_logout" finished-at="2020-03-26T15:44:20 AEDT" duration-ms="163584" status="FAIL">
          <exception class="org.openqa.selenium.SessionNotCreatedException">
            <message>
              <![CDATA[Unable to create a new remote session. Please check the server log for more details. Original error: An unknown server-side error occurred while processing the command. Original error: The simulator 6BE42A44-FE37-4883-93C0-3266405B7660 has failed to finish booting after 120s. Original status: Monitoring boot status for appiumTest-771258FF-ED87-4B58-AA6F-2938F96ABA51-iPhone SE (6BE42A44-FE37-4883-93C0-3266405B7660).
[2020-03-26 04:42:08 +0000] Status=2, isTerminal=NO, Elapsed=00:25.
Waiting on Data Migration
Reason:Running plugin com.apple.-0LaunchServicesMigrator (00LaunchServicesMigrator.migrator, user-agnostic)
Migration Elapsed:00:19 seconds

[2020-03-26 04:42:09 +0000] Status=2, isTerminal=NO, Elapsed=00:26.
Waiting on Data Migration
Reason:Running plugin com.apple.-0LaunchServicesMigrator (00LaunchServicesMigrator.migrator, user-agnostic)
Migration Elapsed:00:20 seconds

[2020-03-26 04:42:10 +0000] Status=2, isTerminal=NO, Elapsed=00:27.
Waiting on Data Migration
Reason:Running plugin com.apple.-0LaunchServicesMigrator (00LaunchServicesMigrator.migrator, user-agnostic)
Migration Elapsed:00:21 seconds

[2020-03-26 04:42:11 +0000] Status=2, isTerminal=NO, Elapsed=00:28.
Waiting on Data Migration
Reason:Running plugin com.apple.-0LaunchServicesMigrator (00LaunchServicesMigrator.migrator, user-agnostic)
Migration Elapsed:00:22 seconds

[2020-03-26 04:42:12 +0000] Status=2, isTerminal=NO, Elapsed=00:29.
Waiting on Data Migration
Reason:Running plugin com.apple.-0LaunchServicesMigrator (00LaunchServicesMigrator.migrator, user-agnostic)
Migration Elapsed:00:23 seconds

[2020-03-26 04:42:13 +0000] Status=2, isTerminal=NO, Elapsed=00:30.
Waiting on Data Migration
Reason:Running plugin com.apple.-0LaunchServicesMigrator (00LaunchServicesMigrator.migrator, user-agnostic)
Migration Elapsed:00:24 seconds

[2020-03-26 04:42:14 +0000] Status=2, isTerminal=NO, Elapsed=00:31.
Waiting on Data Migration
Reason:Running plugin com.apple.-0LaunchServicesMigrator (00LaunchServicesMigrator.migrator, user-agnostic)
Migration Elapsed:00:25 seconds

[2020-03-26 04:42:15 +0000] Status=2, isTerminal=NO, Elapsed=00:32.
Waiting on Data Migration
Reason:Running plugin com.apple.-0LaunchServicesMigrator (00LaunchServicesMigrator.migrator, user-agnostic)
Migration Elapsed:00:26 seconds

[2020-03-26 04:42:16 +0000] Status=2, isTerminal=NO, Elapsed=00:33.
Waiting on Data Migration
Reason:Running plugin com.apple.-0LaunchServicesMigrator (00LaunchServicesMigrator.migrator, user-agnostic)
Migration Elapsed:00:27 seconds

[2020-03-26 04:42:17 +0000] Status=2, isTerminal=NO, Elapsed=00:34.
Waiting on Data Migration
Reason:Running plugin com.apple.-0LaunchServicesMigrator (00LaunchServicesMigrator.migrator, user-agnostic)
Migration Elapsed:00:28 seconds

[2020-03-26 04:42:18 +0000] Status=2, isTerminal=NO, Elapsed=00:35.
Waiting on Data Migration
Reason:Running plugin com.apple.-0LaunchServicesMigrator (00LaunchServicesMigrator.migrator, user-agnostic)
Migration Elapsed:00:29 seconds

[2020-03-26 04:42:19 +0000] Status=2, isTerminal=NO, Elapsed=00:36.
Waiting on Data Migration
Reason:Running plugin com.apple.-0LaunchServicesMigrator (00LaunchServicesMigrator.migrator, user-agnostic)
Migration Elapsed:00:30 seconds

[2020-03-26 04:42:20 +0000] Status=2, isTerminal=NO, Elapsed=00:37.
Waiting on Data Migration
Reason:Running plugin com.apple.-0LaunchServicesMigrator (00LaunchServicesMigrator.migrator, user-agnostic)
Migration Elapsed:00:31 seconds

[2020-03-26 04:42:21 +0000] Status=2, isTerminal=NO, Elapsed=00:38.
Waiting on Data Migration
Reason:Running plugin com.apple.-0LaunchServicesMigrator (00LaunchServicesMigrator.migrator, user-agnostic)
Migration Elapsed:00:32 seconds

[2020-03-26 04:42:22 +0000] Status=2, isTerminal=NO, Elapsed=00:39.
Waiting on Data Migration
Reason:Running plugin com.apple.-0LaunchServicesMigrator (00LaunchServicesMigrator.migrator, user-agnostic)
Migration Elapsed:00:33 seconds

[2020-03-26 04:42:23 +0000] Status=2, isTerminal=NO, Elapsed=00:40.
Waiting on Data Migration
Reason:Running plugin com.apple.-0LaunchServicesMigrator (00LaunchServicesMigrator.migrator, user-agnostic)
Migration Elapsed:00:34 seconds

[2020-03-26 04:42:24 +0000] Status=2, isTerminal=NO, Elapsed=00:41.
Waiting on Data Migration
Reason:Running plugin com.apple.-0LaunchServicesMigrator (00LaunchServicesMigrator.migrator, user-agnostic)
Migration Elapsed:00:35 seconds

[2020-03-26 04:42:25 +0000] Status=2, isTerminal=NO, Elapsed=00:42.
Waiting on Data Migration
Reason:Running plugin com.apple.-0LaunchServicesMigrator (00LaunchServicesMigrator.migrator, user-agnostic)
Migration Elapsed:00:36 seconds

[2020-03-26 04:42:26 +0000] Status=2, isTerminal=NO, Elapsed=00:43.
Waiting on Data Migration
Reason:Running plugin com.apple.-0LaunchServicesMigrator (00LaunchServicesMigrator.migrator, user-agnostic)
Migration Elapsed:00:37 seconds

[2020-03-26 04:42:27 +0000] Status=2, isTerminal=NO, Elapsed=00:44.
Waiting on Data Migration
Reason:Running plugin com.apple.-0LaunchServicesMigrator (00LaunchServicesMigrator.migrator, user-agnostic)
Migration Elapsed:00:38 seconds

[2020-03-26 04:42:28 +0000] Status=2, isTerminal=NO, Elapsed=00:45.
Waiting on Data Migration
Reason:Running plugin com.apple.-0LaunchServicesMigrator (00LaunchServicesMigrator.migrator, user-agnostic)
Migration Elapsed:00:39 seconds

[2020-03-26 04:42:29 +0000] Status=2, isTerminal=NO, Elapsed=00:46.
Waiting on Data Migration
Reason:Running plugin com.apple.-0LaunchServicesMigrator (00LaunchServicesMigrator.migrator, user-agnostic)
Migration Elapsed:00:40 seconds

[2020-03-26 04:42:30 +0000] Status=2, isTerminal=NO, Elapsed=00:47.
Waiting on Data Migration
Reason:Running plugin com.apple.-0LaunchServicesMigrator (00LaunchServicesMigrator.migrator, user-agnostic)
Migration Elapsed:00:41 seconds

[2020-03-26 04:42:31 +0000] Status=2, isTerminal=NO, Elapsed=00:48.
Waiting on Data Migration
Reason:Running plugin com.apple.-0LaunchServicesMigrator (00LaunchServicesMigrator.migrator, user-agnostic)
Migration Elapsed:00:42 seconds

[2020-03-26 04:42:32 +0000] Status=2, isTerminal=NO, Elapsed=00:49.
Waiting on Data Migration
Reason:Running plugin com.apple.-0LaunchServicesMigrator (00LaunchServicesMigrator.migrator, user-agnostic)
Migration Elapsed:00:43 seconds

[2020-03-26 04:42:33 +0000] Status=2, isTerminal=NO, Elapsed=00:50.
Waiting on Data Migration
Reason:Running plugin com.apple.-0LaunchServicesMigrator (00LaunchServicesMigrator.migrator, user-agnostic)
Migration Elapsed:00:44 seconds

[2020-03-26 04:42:34 +0000] Status=2, isTerminal=NO, Elapsed=00:51.
Waiting on Data Migration
Reason:Running plugin com.apple.-0LaunchServicesMigrator (00LaunchServicesMigrator.migrator, user-agnostic)
Migration Elapsed:00:45 seconds

[2020-03-26 04:42:35 +0000] Status=2, isTerminal=NO, Elapsed=00:52.
Waiting on Data Migration
Reason:Running plugin com.apple.-0LaunchServicesMigrator (00LaunchServicesMigrator.migrator, user-agnostic)
Migration Elapsed:00:46 seconds

[2020-03-26 04:42:36 +0000] Status=2, isTerminal=NO, Elapsed=00:53.
Waiting on Data Migration
Reason:Running plugin com.apple.-0LaunchServicesMigrator (00LaunchServicesMigrator.migrator, user-agnostic)
Migration Elapsed:00:47 seconds

[2020-03-26 04:42:37 +0000] Status=2, isTerminal=NO, Elapsed=00:54.
Waiting on Data Migration
Reason:Running plugin com.apple.-0LaunchServicesMigrator (00LaunchServicesMigrator.migrator, user-agnostic)
Migration Elapsed:00:48 seconds

[2020-03-26 04:42:38 +0000] Status=2, isTerminal=NO, Elapsed=00:55.
Waiting on Data Migration
Reason:Running plugin com.apple.-0LaunchServicesMigrator (00LaunchServicesMigrator.migrator, user-agnostic)
Migration Elapsed:00:49 seconds

[2020-03-26 04:42:39 +0000] Status=2, isTerminal=NO, Elapsed=00:56.
Waiting on Data Migration
Reason:Running plugin com.apple.-0LaunchServicesMigrator (00LaunchServicesMigrator.migrator, user-agnostic)
Migration Elapsed:00:50 seconds

[2020-03-26 04:42:40 +0000] Status=2, isTerminal=NO, Elapsed=00:57.
Waiting on Data Migration
Reason:Running plugin com.apple.-0LaunchServicesMigrator (00LaunchServicesMigrator.migrator, user-agnostic)
Migration Elapsed:00:51 seconds

[2020-03-26 04:42:41 +0000] Status=2, isTerminal=NO, Elapsed=00:58.
Waiting on Data Migration
Reason:Running plugin com.apple.-0LaunchServicesMigrator (00LaunchServicesMigrator.migrator, user-agnostic)
Migration Elapsed:00:52 seconds

[2020-03-26 04:42:42 +0000] Status=2, isTerminal=NO, Elapsed=00:59.
Waiting on Data Migration
Reason:Running plugin com.apple.-0LaunchServicesMigrator (00LaunchServicesMigrator.migrator, user-agnostic)
Migration Elapsed:00:53 seconds

[2020-03-26 04:42:43 +0000] Status=2, isTerminal=NO, Elapsed=01:00.
Waiting on Data Migration
Reason:Running plugin com.apple.-0LaunchServicesMigrator (00LaunchServicesMigrator.migrator, user-agnostic)
Migration Elapsed:00:54 seconds

[2020-03-26 04:42:44 +0000] Status=2, isTerminal=NO, Elapsed=01:01.
Waiting on Data Migration
Reason:Running plugin com.apple.-0LaunchServicesMigrator (00LaunchServicesMigrator.migrator, user-agnostic)
Migration Elapsed:00:55 seconds

[2020-03-26 04:42:45 +0000] Status=2, isTerminal=NO, Elapsed=01:02.
Waiting on Data Migration
Reason:Running plugin com.apple.-0LaunchServicesMigrator (00LaunchServicesMigrator.migrator, user-agnostic)
Migration Elapsed:00:56 seconds

[2020-03-26 04:42:46 +0000] Status=2, isTerminal=NO, Elapsed=01:03.
Waiting on Data Migration
Reason:Running plugin com.apple.-0LaunchServicesMigrator (00LaunchServicesMigrator.migrator, user-agnostic)
Migration Elapsed:00:57 seconds

[2020-03-26 04:42:47 +0000] Status=2, isTerminal=NO, Elapsed=01:04.
Waiting on Data Migration
Reason:Running plugin com.apple.-0LaunchServicesMigrator (00LaunchServicesMigrator.migrator, user-agnostic)
Migration Elapsed:00:58 seconds

[2020-03-26 04:42:48 +0000] Status=2, isTerminal=NO, Elapsed=01:05.
Waiting on Data Migration
Reason:Running plugin com.apple.-0LaunchServicesMigrator (00LaunchServicesMigrator.migrator, user-agnostic)
Migration Elapsed:00:59 seconds

[2020-03-26 04:42:49 +0000] Status=2, isTerminal=NO, Elapsed=01:06.
Waiting on Data Migration
Reason:Running plugin com.apple.-0LaunchServicesMigrator (00LaunchServicesMigrator.migrator, user-agnostic)
Migration Elapsed:01:00 seconds

[2020-03-26 04:42:50 +0000] Status=2, isTerminal=NO, Elapsed=01:07.
Waiting on Data Migration
Reason:Running plugin com.apple.-0LaunchServicesMigrator (00LaunchServicesMigrator.migrator, user-agnostic)
Migration Elapsed:01:01 seconds

[2020-03-26 04:42:51 +0000] Status=2, isTerminal=NO, Elapsed=01:08.
Waiting on Data Migration
Reason:Running plugin com.apple.-0LaunchServicesMigrator (00LaunchServicesMigrator.migrator, user-agnostic)
Migration Elapsed:01:02 seconds

[2020-03-26 04:42:52 +0000] Status=2, isTerminal=NO, Elapsed=01:09.
Waiting on Data Migration
Reason:Running plugin com.apple.-0LaunchServicesMigrator (00LaunchServicesMigrator.migrator, user-agnostic)
Migration Elapsed:01:03 seconds

[2020-03-26 04:42:53 +0000] Status=2, isTerminal=NO, Elapsed=01:10.
Waiting on Data Migration
Reason:Running plugin com.apple.-0LaunchServicesMigrator (00LaunchServicesMigrator.migrator, user-agnostic)
Migration Elapsed:01:04 seconds

[2020-03-26 04:42:54 +0000] Status=2, isTerminal=NO, Elapsed=01:11.
Waiting on Data Migration
Reason:Running plugin com.apple.-0LaunchServicesMigrator (00LaunchServicesMigrator.migrator, user-agnostic)
Migration Elapsed:01:05 seconds

[2020-03-26 04:42:55 +0000] Status=2, isTerminal=NO, Elapsed=01:12.
Waiting on Data Migration
Reason:Running plugin com.apple.-0LaunchServicesMigrator (00LaunchServicesMigrator.migrator, user-agnostic)
Migration Elapsed:01:06 seconds

[2020-03-26 04:42:56 +0000] Status=2, isTerminal=NO, Elapsed=01:13.
Waiting on Data Migration
Reason:Running plugin com.apple.-0LaunchServicesMigrator (00LaunchServicesMigrator.migrator, user-agnostic)
Migration Elapsed:01:07 seconds

[2020-03-26 04:42:57 +0000] Status=2, isTerminal=NO, Elapsed=01:14.
Waiting on Data Migration
Reason:Running plugin com.apple.-0LaunchServicesMigrator (00LaunchServicesMigrator.migrator, user-agnostic)
Migration Elapsed:01:08 seconds

[2020-03-26 04:42:58 +0000] Status=2, isTerminal=NO, Elapsed=01:15.
Waiting on Data Migration
Reason:Running plugin com.apple.-0LaunchServicesMigrator (00LaunchServicesMigrator.migrator, user-agnostic)
Migration Elapsed:01:09 seconds

[2020-03-26 04:42:59 +0000] Status=2, isTerminal=NO, Elapsed=01:16.
Waiting on Data Migration
Reason:Running plugin com.apple.-0LaunchServicesMigrator (00LaunchServicesMigrator.migrator, user-agnostic)
Migration Elapsed:01:10 seconds

[2020-03-26 04:43:00 +0000] Status=2, isTerminal=NO, Elapsed=01:17.
Waiting on Data Migration
Reason:Running plugin com.apple.-0LaunchServicesMigrator (00LaunchServicesMigrator.migrator, user-agnostic)
Migration Elapsed:01:11 seconds

[2020-03-26 04:43:01 +0000] Status=2, isTerminal=NO, Elapsed=01:18.
Waiting on Data Migration
Reason:Running plugin com.apple.-0LaunchServicesMigrator (00LaunchServicesMigrator.migrator, user-agnostic)
Migration Elapsed:01:12 seconds

[2020-03-26 04:43:02 +0000] Status=2, isTerminal=NO, Elapsed=01:19.
Waiting on Data Migration
Reason:Running plugin com.apple.-0LaunchServicesMigrator (00LaunchServicesMigrator.migrator, user-agnostic)
Migration Elapsed:01:13 seconds

[2020-03-26 04:43:03 +0000] Status=2, isTerminal=NO, Elapsed=01:20.
Waiting on Data Migration
Reason:Running plugin com.apple.-0LaunchServicesMigrator (00LaunchServicesMigrator.migrator, user-agnostic)
Migration Elapsed:01:14 seconds

[2020-03-26 04:43:04 +0000] Status=2, isTerminal=NO, Elapsed=01:21.
Waiting on Data Migration
Reason:Running plugin com.apple.-0LaunchServicesMigrator (00LaunchServicesMigrator.migrator, user-agnostic)
Migration Elapsed:01:15 seconds

[2020-03-26 04:43:05 +0000] Status=2, isTerminal=NO, Elapsed=01:22.
Waiting on Data Migration
Reason:Running plugin com.apple.-0LaunchServicesMigrator (00LaunchServicesMigrator.migrator, user-agnostic)
Migration Elapsed:01:16 seconds

[2020-03-26 04:43:06 +0000] Status=2, isTerminal=NO, Elapsed=01:23.
Waiting on Data Migration
Reason:Running plugin com.apple.-0LaunchServicesMigrator (00LaunchServicesMigrator.migrator, user-agnostic)
Migration Elapsed:01:17 seconds

[2020-03-26 04:43:07 +0000] Status=2, isTerminal=NO, Elapsed=01:24.
Waiting on Data Migration
Reason:Running plugin com.apple.-0LaunchServicesMigrator (00LaunchServicesMigrator.migrator, user-agnostic)
Migration Elapsed:01:18 seconds

[2020-03-26 04:43:08 +0000] Status=2, isTerminal=NO, Elapsed=01:25.
Waiting on Data Migration
Reason:Running plugin com.apple.-0LaunchServicesMigrator (00LaunchServicesMigrator.migrator, user-agnostic)
Migration Elapsed:01:19 seconds

[2020-03-26 04:43:09 +0000] Status=2, isTerminal=NO, Elapsed=01:26.
Waiting on Data Migration
Reason:Running plugin com.apple.-0LaunchServicesMigrator (00LaunchServicesMigrator.migrator, user-agnostic)
Migration Elapsed:01:20 seconds

[2020-03-26 04:43:10 +0000] Status=2, isTerminal=NO, Elapsed=01:27.
Waiting on Data Migration
Reason:Running plugin com.apple.-0LaunchServicesMigrator (00LaunchServicesMigrator.migrator, user-agnostic)
Migration Elapsed:01:21 seconds

[2020-03-26 04:43:11 +0000] Status=2, isTerminal=NO, Elapsed=01:28.
Waiting on Data Migration
Reason:Running plugin com.apple.-0LaunchServicesMigrator (00LaunchServicesMigrator.migrator, user-agnostic)
Migration Elapsed:01:22 seconds

[2020-03-26 04:43:12 +0000] Status=2, isTerminal=NO, Elapsed=01:29.
Waiting on Data Migration
Reason:Running plugin com.apple.-0LaunchServicesMigrator (00LaunchServicesMigrator.migrator, user-agnostic)
Migration Elapsed:01:23 seconds

[2020-03-26 04:43:13 +0000] Status=2, isTerminal=NO, Elapsed=01:30.
Waiting on Data Migration
Reason:Running plugin com.apple.-0LaunchServicesMigrator (00LaunchServicesMigrator.migrator, user-agnostic)
Migration Elapsed:01:24 seconds

[2020-03-26 04:43:14 +0000] Status=2, isTerminal=NO, Elapsed=01:31.
Waiting on Data Migration
Reason:Running plugin com.apple.-0LaunchServicesMigrator (00LaunchServicesMigrator.migrator, user-agnostic)
Migration Elapsed:01:25 seconds

[2020-03-26 04:43:15 +0000] Status=2, isTerminal=NO, Elapsed=01:32.
Waiting on Data Migration
Reason:Running plugin com.apple.-0LaunchServicesMigrator (00LaunchServicesMigrator.migrator, user-agnostic)
Migration Elapsed:01:26 seconds

[2020-03-26 04:43:16 +0000] Status=2, isTerminal=NO, Elapsed=01:33.
Waiting on Data Migration
Reason:Running plugin com.apple.-0LaunchServicesMigrator (00LaunchServicesMigrator.migrator, user-agnostic)
Migration Elapsed:01:27 seconds

[2020-03-26 04:43:17 +0000] Status=2, isTerminal=NO, Elapsed=01:34.
Waiting on Data Migration
Reason:Running plugin com.apple.-0LaunchServicesMigrator (00LaunchServicesMigrator.migrator, user-agnostic)
Migration Elapsed:01:28 seconds

[2020-03-26 04:43:18 +0000] Status=2, isTerminal=NO, Elapsed=01:35.
Waiting on Data Migration
Reason:Running plugin com.apple.-0LaunchServicesMigrator (00LaunchServicesMigrator.migrator, user-agnostic)
Migration Elapsed:01:29 seconds

[2020-03-26 04:43:19 +0000] Status=2, isTerminal=NO, Elapsed=01:36.
Waiting on Data Migration
Reason:Running plugin com.apple.-0LaunchServicesMigrator (00LaunchServicesMigrator.migrator, user-agnostic)
Migration Elapsed:01:30 seconds

[2020-03-26 04:43:20 +0000] Status=2, isTerminal=NO, Elapsed=01:37.
Waiting on Data Migration
Reason:Running plugin com.apple.-0LaunchServicesMigrator (00LaunchServicesMigrator.migrator, user-agnostic)
Migration Elapsed:01:31 seconds

[2020-03-26 04:43:21 +0000] Status=2, isTerminal=NO, Elapsed=01:38.
Waiting on Data Migration
Reason:Running plugin com.apple.-0LaunchServicesMigrator (00LaunchServicesMigrator.migrator, user-agnostic)
Migration Elapsed:01:32 seconds

[2020-03-26 04:43:22 +0000] Status=2, isTerminal=NO, Elapsed=01:39.
Waiting on Data Migration
Reason:Running plugin com.apple.-0LaunchServicesMigrator (00LaunchServicesMigrator.migrator, user-agnostic)
Migration Elapsed:01:33 seconds

[2020-03-26 04:43:23 +0000] Status=2, isTerminal=NO, Elapsed=01:40.
Waiting on Data Migration
Reason:Running plugin com.apple.-0LaunchServicesMigrator (00LaunchServicesMigrator.migrator, user-agnostic)
Migration Elapsed:01:34 seconds

[2020-03-26 04:43:24 +0000] Status=2, isTerminal=NO, Elapsed=01:41.
Waiting on Data Migration
Reason:Running plugin com.apple.-0LaunchServicesMigrator (00LaunchServicesMigrator.migrator, user-agnostic)
Migration Elapsed:01:35 seconds

[2020-03-26 04:43:25 +0000] Status=2, isTerminal=NO, Elapsed=01:42.
Waiting on Data Migration
Reason:Running plugin com.apple.-0LaunchServicesMigrator (00LaunchServicesMigrator.migrator, user-agnostic)
Migration Elapsed:01:36 seconds

[2020-03-26 04:43:26 +0000] Status=2, isTerminal=NO, Elapsed=01:43.
Waiting on Data Migration
Reason:Running plugin com.apple.-0LaunchServicesMigrator (00LaunchServicesMigrator.migrator, user-agnostic)
Migration Elapsed:01:37 seconds

[2020-03-26 04:43:27 +0000] Status=2, isTerminal=NO, Elapsed=01:44.
Waiting on Data Migration
Reason:Running plugin com.apple.-0LaunchServicesMigrator (00LaunchServicesMigrator.migrator, user-agnostic)
Migration Elapsed:01:38 seconds

[2020-03-26 04:43:28 +0000] Status=2, isTerminal=NO, Elapsed=01:45.
Waiting on Data Migration
Reason:Running plugin com.apple.-0LaunchServicesMigrator (00LaunchServicesMigrator.migrator, user-agnostic)
Migration Elapsed:01:39 seconds

[2020-03-26 04:43:29 +0000] Status=2, isTerminal=NO, Elapsed=01:46.
Waiting on Data Migration
Reason:Running plugin com.apple.-0LaunchServicesMigrator (00LaunchServicesMigrator.migrator, user-agnostic)
Migration Elapsed:01:40 seconds

[2020-03-26 04:43:30 +0000] Status=2, isTerminal=NO, Elapsed=01:47.
Waiting on Data Migration
Reason:Running plugin com.apple.-0LaunchServicesMigrator (00LaunchServicesMigrator.migrator, user-agnostic)
Migration Elapsed:01:41 seconds

[2020-03-26 04:43:31 +0000] Status=2, isTerminal=NO, Elapsed=01:48.
Waiting on Data Migration
Reason:Running plugin com.apple.-0LaunchServicesMigrator (00LaunchServicesMigrator.migrator, user-agnostic)
Migration Elapsed:01:42 seconds

[2020-03-26 04:43:32 +0000] Status=2, isTerminal=NO, Elapsed=01:49.
Waiting on Data Migration
Reason:Running plugin com.apple.-0LaunchServicesMigrator (00LaunchServicesMigrator.migrator, user-agnostic)
Migration Elapsed:01:43 seconds

[2020-03-26 04:43:33 +0000] Status=2, isTerminal=NO, Elapsed=01:50.
Waiting on Data Migration
Reason:Running plugin com.apple.-0LaunchServicesMigrator (00LaunchServicesMigrator.migrator, user-agnostic)
Migration Elapsed:01:44 seconds

[2020-03-26 04:43:34 +0000] Status=2, isTerminal=NO, Elapsed=01:51.
Waiting on Data Migration
Reason:Running plugin com.apple.-0LaunchServicesMigrator (00LaunchServicesMigrator.migrator, user-agnostic)
Migration Elapsed:01:45 seconds

[2020-03-26 04:43:35 +0000] Status=2, isTerminal=NO, Elapsed=01:52.
Waiting on Data Migration
Reason:Running plugin com.apple.-0LaunchServicesMigrator (00LaunchServicesMigrator.migrator, user-agnostic)
Migration Elapsed:01:46 seconds

[2020-03-26 04:43:36 +0000] Status=2, isTerminal=NO, Elapsed=01:53.
Waiting on Data Migration
Reason:Running plugin com.apple.-0LaunchServicesMigrator (00LaunchServicesMigrator.migrator, user-agnostic)
Migration Elapsed:01:47 seconds

[2020-03-26 04:43:37 +0000] Status=2, isTerminal=NO, Elapsed=01:54.
Waiting on Data Migration
Reason:Running plugin com.apple.-0LaunchServicesMigrator (00LaunchServicesMigrator.migrator, user-agnostic)
Migration Elapsed:01:48 seconds

[2020-03-26 04:43:38 +0000] Status=2, isTerminal=NO, Elapsed=01:55.
Waiting on Data Migration
Reason:Running plugin com.apple.-0LaunchServicesMigrator (00LaunchServicesMigrator.migrator, user-agnostic)
Migration Elapsed:01:49 seconds

[2020-03-26 04:43:39 +0000] Status=2, isTerminal=NO, Elapsed=01:56.
Waiting on Data Migration
Reason:Running plugin com.apple.-0LaunchServicesMigrator (00LaunchServicesMigrator.migrator, user-agnostic)
Migration Elapsed:01:50 seconds

[2020-03-26 04:43:40 +0000] Status=2, isTerminal=NO, Elapsed=01:57.
Waiting on Data Migration
Reason:Running plugin com.apple.-0LaunchServicesMigrator (00LaunchServicesMigrator.migrator, user-agnostic)
Migration Elapsed:01:51 seconds

[2020-03-26 04:43:41 +0000] Status=2, isTerminal=NO, Elapsed=01:58.
Waiting on Data Migration
Reason:Running plugin com.apple.-0LaunchServicesMigrator (00LaunchServicesMigrator.migrator, user-agnostic)
Migration Elapsed:01:52 seconds

[2020-03-26 04:43:42 +0000] Status=2, isTerminal=NO, Elapsed=01:59.
Waiting on Data Migration
Reason:Running plugin com.apple.-0LaunchServicesMigrator (00LaunchServicesMigrator.migrator, user-agnostic)
Migration Elapsed:01:53 seconds

[2020-03-26 04:43:43 +0000] Status=2, isTerminal=NO, Elapsed=02:00.
Waiting on Data Migration
Reason:Running plugin com.apple.-0LaunchServicesMigrator (00LaunchServicesMigrator.migrator, user-agnostic)
Migration Elapsed:01:54 seconds

[2020-03-26 04:43:44 +0000] Status=2, isTerminal=NO, Elapsed=02:01.
Waiting on Data Migration
Reason:Running plugin com.apple.-0LaunchServicesMigrator (00LaunchServicesMigrator.migrator, user-agnostic)
Migration Elapsed:01:55 seconds

[2020-03-26 04:43:45 +0000] Status=2, isTerminal=NO, Elapsed=02:02.
Waiting on Data Migration
Reason:Running plugin com.apple.-0LaunchServicesMigrator (00LaunchServicesMigrator.migrator, user-agnostic)
Migration Elapsed:01:56 seconds

[2020-03-26 04:43:46 +0000] Status=2, isTerminal=NO, Elapsed=02:03.
Waiting on Data Migration
Reason:Running plugin com.apple.-0LaunchServicesMigrator (00LaunchServicesMigrator.migrator, user-agnostic)
Migration Elapsed:01:57 seconds

[2020-03-26 04:43:47 +0000] Status=2, isTerminal=NO, Elapsed=02:04.
Waiting on Data Migration
Reason:Running plugin com.apple.-0LaunchServicesMigrator (00LaunchServicesMigrator.migrator, user-agnostic)
Migration Elapsed:01:58 seconds

[2020-03-26 04:43:48 +0000] Status=2, isTerminal=NO, Elapsed=02:05.
Waiting on Data Migration
Reason:Running plugin com.apple.-0LaunchServicesMigrator (00LaunchServicesMigrator.migrator, user-agnostic)
Migration Elapsed:01:59 seconds

[2020-03-26 04:43:49 +0000] Status=2, isTerminal=NO, Elapsed=02:06.
Waiting on Data Migration
Reason:Running plugin com.apple.-0LaunchServicesMigrator (00LaunchServicesMigrator.migrator, user-agnostic)
Migration Elapsed:02:00 seconds

[2020-03-26 04:43:50 +0000] Status=2, isTerminal=NO, Elapsed=02:07.
Waiting on Data Migration
Reason:Running plugin com.apple.-0LaunchServicesMigrator (00LaunchServicesMigrator.migrator, user-agnostic)
Migration Elapsed:02:01 seconds

[2020-03-26 04:43:51 +0000] Status=2, isTerminal=NO, Elapsed=02:08.
Waiting on Data Migration
Reason:Running plugin com.apple.-0LaunchServicesMigrator (00LaunchServicesMigrator.migrator, user-agnostic)
Migration Elapsed:02:02 seconds

[2020-03-26 04:43:52 +0000] Status=2, isTerminal=NO, Elapsed=02:09.
Waiting on Data Migration
Reason:Running plugin com.apple.-0LaunchServicesMigrator (00LaunchServicesMigrator.migrator, user-agnostic)
Migration Elapsed:02:03 seconds

[2020-03-26 04:43:53 +0000] Status=2, isTerminal=NO, Elapsed=02:10.
Waiting on Data Migration
Reason:Running plugin com.apple.-0LaunchServicesMigrator (00LaunchServicesMigrator.migrator, user-agnostic)
Migration Elapsed:02:04 seconds

[2020-03-26 04:43:54 +0000] Status=2, isTerminal=NO, Elapsed=02:11.
Waiting on Data Migration
Reason:Running plugin com.apple.-0LaunchServicesMigrator (00LaunchServicesMigrator.migrator, user-agnostic)
Migration Elapsed:02:05 seconds

[2020-03-26 04:43:55 +0000] Status=2, isTerminal=NO, Elapsed=02:12.
Waiting on Data Migration
Reason:Running plugin com.apple.-0LaunchServicesMigrator (00LaunchServicesMigrator.migrator, user-agnostic)
Migration Elapsed:02:06 seconds

[2020-03-26 04:43:56 +0000] Status=2, isTerminal=NO, Elapsed=02:13.
Waiting on Data Migration
Reason:Running plugin com.apple.-0LaunchServicesMigrator (00LaunchServicesMigrator.migrator, user-agnostic)
Migration Elapsed:02:07 seconds

[2020-03-26 04:43:57 +0000] Status=2, isTerminal=NO, Elapsed=02:14.
Waiting on Data Migration
Reason:Running plugin com.apple.-0LaunchServicesMigrator (00LaunchServicesMigrator.migrator, user-agnostic)
Migration Elapsed:02:08 seconds

[2020-03-26 04:43:58 +0000] Status=2, isTerminal=NO, Elapsed=02:15.
Waiting on Data Migration
Reason:Running plugin com.apple.-0LaunchServicesMigrator (00LaunchServicesMigrator.migrator, user-agnostic)
Migration Elapsed:02:09 seconds

[2020-03-26 04:43:59 +0000] Status=2, isTerminal=NO, Elapsed=02:16.
Waiting on Data Migration
Reason:Running plugin com.apple.-0LaunchServicesMigrator (00LaunchServicesMigrator.migrator, user-agnostic)
Migration Elapsed:02:10 seconds

[2020-03-26 04:44:00 +0000] Status=2, isTerminal=NO, Elapsed=02:17.
Waiting on Data Migration
Reason:Running plugin com.apple.-0LaunchServicesMigrator (00LaunchServicesMigrator.migrator, user-agnostic)
Migration Elapsed:02:11 seconds

[2020-03-26 04:44:01 +0000] Status=2, isTerminal=NO, Elapsed=02:18.
Waiting on Data Migration
Reason:Running plugin com.apple.-0LaunchServicesMigrator (00LaunchServicesMigrator.migrator, user-agnostic)
Migration Elapsed:02:12 seconds

[2020-03-26 04:44:02 +0000] Status=2, isTerminal=NO, Elapsed=02:19.
Waiting on Data Migration
Reason:Running plugin com.apple.-0LaunchServicesMigrator (00LaunchServicesMigrator.migrator, user-agnostic)
Migration Elapsed:02:13 seconds

[2020-03-26 04:44:03 +0000] Status=2, isTerminal=NO, Elapsed=02:20.
Waiting on Data Migration
Reason:Running plugin com.apple.-0LaunchServicesMigrator (00LaunchServicesMigrator.migrator, user-agnostic)
Migration Elapsed:02:14 seconds

[2020-03-26 04:44:04 +0000] Status=2, isTerminal=NO, Elapsed=02:21.
Waiting on Data Migration
Reason:Running plugin com.apple.-0LaunchServicesMigrator (00LaunchServicesMigrator.migrator, user-agnostic)
Migration Elapsed:02:15 seconds

[2020-03-26 04:44:05 +0000] Status=2, isTerminal=NO, Elapsed=02:22.
Waiting on Data Migration
Reason:Running plugin com.apple.-0LaunchServicesMigrator (00LaunchServicesMigrator.migrator, user-agnostic)
Migration Elapsed:02:16 seconds

[2020-03-26 04:44:06 +0000] Status=2, isTerminal=NO, Elapsed=02:23.
Waiting on Data Migration
Reason:Running plugin com.apple.-0LaunchServicesMigrator (00LaunchServicesMigrator.migrator, user-agnostic)
Migration Elapsed:02:17 seconds


Build info: version: '3.141.59', revision: 'e82be7d358', time: '2018-11-14T08:17:03'
System info: host: 'Aswins-Air', ip: 'fe80:0:0:0:18c7:5e5d:1c65:92af%en0', os.name: 'Mac OS X', os.arch: 'x86_64', os.version: '10.15.3', java.version: '13.0.1'
Driver info: driver.version: IOSDriver
remote stacktrace: UnknownError: An unknown server-side error occurred while processing the command. Original error: The simulator 6BE42A44-FE37-4883-93C0-3266405B7660 has failed to finish booting after 120s. Original status: Monitoring boot status for appiumTest-771258FF-ED87-4B58-AA6F-2938F96ABA51-iPhone SE (6BE42A44-FE37-4883-93C0-3266405B7660).
[2020-03-26 04:42:08 +0000] Status=2, isTerminal=NO, Elapsed=00:25.
Waiting on Data Migration
Reason:Running plugin com.apple.-0LaunchServicesMigrator (00LaunchServicesMigrator.migrator, user-agnostic)
Migration Elapsed:00:19 seconds

[2020-03-26 04:42:09 +0000] Status=2, isTerminal=NO, Elapsed=00:26.
Waiting on Data Migration
Reason:Running plugin com.apple.-0LaunchServicesMigrator (00LaunchServicesMigrator.migrator, user-agnostic)
Migration Elapsed:00:20 seconds

[2020-03-26 04:42:10 +0000] Status=2, isTerminal=NO, Elapsed=00:27.
Waiting on Data Migration
Reason:Running plugin com.apple.-0LaunchServicesMigrator (00LaunchServicesMigrator.migrator, user-agnostic)
Migration Elapsed:00:21 seconds

[2020-03-26 04:42:11 +0000] Status=2, isTerminal=NO, Elapsed=00:28.
Waiting on Data Migration
Reason:Running plugin com.apple.-0LaunchServicesMigrator (00LaunchServicesMigrator.migrator, user-agnostic)
Migration Elapsed:00:22 seconds

[2020-03-26 04:42:12 +0000] Status=2, isTerminal=NO, Elapsed=00:29.
Waiting on Data Migration
Reason:Running plugin com.apple.-0LaunchServicesMigrator (00LaunchServicesMigrator.migrator, user-agnostic)
Migration Elapsed:00:23 seconds

[2020-03-26 04:42:13 +0000] Status=2, isTerminal=NO, Elapsed=00:30.
Waiting on Data Migration
Reason:Running plugin com.apple.-0LaunchServicesMigrator (00LaunchServicesMigrator.migrator, user-agnostic)
Migration Elapsed:00:24 seconds

[2020-03-26 04:42:14 +0000] Status=2, isTerminal=NO, Elapsed=00:31.
Waiting on Data Migration
Reason:Running plugin com.apple.-0LaunchServicesMigrator (00LaunchServicesMigrator.migrator, user-agnostic)
Migration Elapsed:00:25 seconds

[2020-03-26 04:42:15 +0000] Status=2, isTerminal=NO, Elapsed=00:32.
Waiting on Data Migration
Reason:Running plugin com.apple.-0LaunchServicesMigrator (00LaunchServicesMigrator.migrator, user-agnostic)
Migration Elapsed:00:26 seconds

[2020-03-26 04:42:16 +0000] Status=2, isTerminal=NO, Elapsed=00:33.
Waiting on Data Migration
Reason:Running plugin com.apple.-0LaunchServicesMigrator (00LaunchServicesMigrator.migrator, user-agnostic)
Migration Elapsed:00:27 seconds

[2020-03-26 04:42:17 +0000] Status=2, isTerminal=NO, Elapsed=00:34.
Waiting on Data Migration
Reason:Running plugin com.apple.-0LaunchServicesMigrator (00LaunchServicesMigrator.migrator, user-agnostic)
Migration Elapsed:00:28 seconds

[2020-03-26 04:42:18 +0000] Status=2, isTerminal=NO, Elapsed=00:35.
Waiting on Data Migration
Reason:Running plugin com.apple.-0LaunchServicesMigrator (00LaunchServicesMigrator.migrator, user-agnostic)
Migration Elapsed:00:29 seconds

[2020-03-26 04:42:19 +0000] Status=2, isTerminal=NO, Elapsed=00:36.
Waiting on Data Migration
Reason:Running plugin com.apple.-0LaunchServicesMigrator (00LaunchServicesMigrator.migrator, user-agnostic)
Migration Elapsed:00:30 seconds

[2020-03-26 04:42:20 +0000] Status=2, isTerminal=NO, Elapsed=00:37.
Waiting on Data Migration
Reason:Running plugin com.apple.-0LaunchServicesMigrator (00LaunchServicesMigrator.migrator, user-agnostic)
Migration Elapsed:00:31 seconds

[2020-03-26 04:42:21 +0000] Status=2, isTerminal=NO, Elapsed=00:38.
Waiting on Data Migration
Reason:Running plugin com.apple.-0LaunchServicesMigrator (00LaunchServicesMigrator.migrator, user-agnostic)
Migration Elapsed:00:32 seconds

[2020-03-26 04:42:22 +0000] Status=2, isTerminal=NO, Elapsed=00:39.
Waiting on Data Migration
Reason:Running plugin com.apple.-0LaunchServicesMigrator (00LaunchServicesMigrator.migrator, user-agnostic)
Migration Elapsed:00:33 seconds

[2020-03-26 04:42:23 +0000] Status=2, isTerminal=NO, Elapsed=00:40.
Waiting on Data Migration
Reason:Running plugin com.apple.-0LaunchServicesMigrator (00LaunchServicesMigrator.migrator, user-agnostic)
Migration Elapsed:00:34 seconds

[2020-03-26 04:42:24 +0000] Status=2, isTerminal=NO, Elapsed=00:41.
Waiting on Data Migration
Reason:Running plugin com.apple.-0LaunchServicesMigrator (00LaunchServicesMigrator.migrator, user-agnostic)
Migration Elapsed:00:35 seconds

[2020-03-26 04:42:25 +0000] Status=2, isTerminal=NO, Elapsed=00:42.
Waiting on Data Migration
Reason:Running plugin com.apple.-0LaunchServicesMigrator (00LaunchServicesMigrator.migrator, user-agnostic)
Migration Elapsed:00:36 seconds

[2020-03-26 04:42:26 +0000] Status=2, isTerminal=NO, Elapsed=00:43.
Waiting on Data Migration
Reason:Running plugin com.apple.-0LaunchServicesMigrator (00LaunchServicesMigrator.migrator, user-agnostic)
Migration Elapsed:00:37 seconds

[2020-03-26 04:42:27 +0000] Status=2, isTerminal=NO, Elapsed=00:44.
Waiting on Data Migration
Reason:Running plugin com.apple.-0LaunchServicesMigrator (00LaunchServicesMigrator.migrator, user-agnostic)
Migration Elapsed:00:38 seconds

[2020-03-26 04:42:28 +0000] Status=2, isTerminal=NO, Elapsed=00:45.
Waiting on Data Migration
Reason:Running plugin com.apple.-0LaunchServicesMigrator (00LaunchServicesMigrator.migrator, user-agnostic)
Migration Elapsed:00:39 seconds

[2020-03-26 04:42:29 +0000] Status=2, isTerminal=NO, Elapsed=00:46.
Waiting on Data Migration
Reason:Running plugin com.apple.-0LaunchServicesMigrator (00LaunchServicesMigrator.migrator, user-agnostic)
Migration Elapsed:00:40 seconds

[2020-03-26 04:42:30 +0000] Status=2, isTerminal=NO, Elapsed=00:47.
Waiting on Data Migration
Reason:Running plugin com.apple.-0LaunchServicesMigrator (00LaunchServicesMigrator.migrator, user-agnostic)
Migration Elapsed:00:41 seconds

[2020-03-26 04:42:31 +0000] Status=2, isTerminal=NO, Elapsed=00:48.
Waiting on Data Migration
Reason:Running plugin com.apple.-0LaunchServicesMigrator (00LaunchServicesMigrator.migrator, user-agnostic)
Migration Elapsed:00:42 seconds

[2020-03-26 04:42:32 +0000] Status=2, isTerminal=NO, Elapsed=00:49.
Waiting on Data Migration
Reason:Running plugin com.apple.-0LaunchServicesMigrator (00LaunchServicesMigrator.migrator, user-agnostic)
Migration Elapsed:00:43 seconds

[2020-03-26 04:42:33 +0000] Status=2, isTerminal=NO, Elapsed=00:50.
Waiting on Data Migration
Reason:Running plugin com.apple.-0LaunchServicesMigrator (00LaunchServicesMigrator.migrator, user-agnostic)
Migration Elapsed:00:44 seconds

[2020-03-26 04:42:34 +0000] Status=2, isTerminal=NO, Elapsed=00:51.
Waiting on Data Migration
Reason:Running plugin com.apple.-0LaunchServicesMigrator (00LaunchServicesMigrator.migrator, user-agnostic)
Migration Elapsed:00:45 seconds

[2020-03-26 04:42:35 +0000] Status=2, isTerminal=NO, Elapsed=00:52.
Waiting on Data Migration
Reason:Running plugin com.apple.-0LaunchServicesMigrator (00LaunchServicesMigrator.migrator, user-agnostic)
Migration Elapsed:00:46 seconds

[2020-03-26 04:42:36 +0000] Status=2, isTerminal=NO, Elapsed=00:53.
Waiting on Data Migration
Reason:Running plugin com.apple.-0LaunchServicesMigrator (00LaunchServicesMigrator.migrator, user-agnostic)
Migration Elapsed:00:47 seconds

[2020-03-26 04:42:37 +0000] Status=2, isTerminal=NO, Elapsed=00:54.
Waiting on Data Migration
Reason:Running plugin com.apple.-0LaunchServicesMigrator (00LaunchServicesMigrator.migrator, user-agnostic)
Migration Elapsed:00:48 seconds

[2020-03-26 04:42:38 +0000] Status=2, isTerminal=NO, Elapsed=00:55.
Waiting on Data Migration
Reason:Running plugin com.apple.-0LaunchServicesMigrator (00LaunchServicesMigrator.migrator, user-agnostic)
Migration Elapsed:00:49 seconds

[2020-03-26 04:42:39 +0000] Status=2, isTerminal=NO, Elapsed=00:56.
Waiting on Data Migration
Reason:Running plugin com.apple.-0LaunchServicesMigrator (00LaunchServicesMigrator.migrator, user-agnostic)
Migration Elapsed:00:50 seconds

[2020-03-26 04:42:40 +0000] Status=2, isTerminal=NO, Elapsed=00:57.
Waiting on Data Migration
Reason:Running plugin com.apple.-0LaunchServicesMigrator (00LaunchServicesMigrator.migrator, user-agnostic)
Migration Elapsed:00:51 seconds

[2020-03-26 04:42:41 +0000] Status=2, isTerminal=NO, Elapsed=00:58.
Waiting on Data Migration
Reason:Running plugin com.apple.-0LaunchServicesMigrator (00LaunchServicesMigrator.migrator, user-agnostic)
Migration Elapsed:00:52 seconds

[2020-03-26 04:42:42 +0000] Status=2, isTerminal=NO, Elapsed=00:59.
Waiting on Data Migration
Reason:Running plugin com.apple.-0LaunchServicesMigrator (00LaunchServicesMigrator.migrator, user-agnostic)
Migration Elapsed:00:53 seconds

[2020-03-26 04:42:43 +0000] Status=2, isTerminal=NO, Elapsed=01:00.
Waiting on Data Migration
Reason:Running plugin com.apple.-0LaunchServicesMigrator (00LaunchServicesMigrator.migrator, user-agnostic)
Migration Elapsed:00:54 seconds

[2020-03-26 04:42:44 +0000] Status=2, isTerminal=NO, Elapsed=01:01.
Waiting on Data Migration
Reason:Running plugin com.apple.-0LaunchServicesMigrator (00LaunchServicesMigrator.migrator, user-agnostic)
Migration Elapsed:00:55 seconds

[2020-03-26 04:42:45 +0000] Status=2, isTerminal=NO, Elapsed=01:02.
Waiting on Data Migration
Reason:Running plugin com.apple.-0LaunchServicesMigrator (00LaunchServicesMigrator.migrator, user-agnostic)
Migration Elapsed:00:56 seconds

[2020-03-26 04:42:46 +0000] Status=2, isTerminal=NO, Elapsed=01:03.
Waiting on Data Migration
Reason:Running plugin com.apple.-0LaunchServicesMigrator (00LaunchServicesMigrator.migrator, user-agnostic)
Migration Elapsed:00:57 seconds

[2020-03-26 04:42:47 +0000] Status=2, isTerminal=NO, Elapsed=01:04.
Waiting on Data Migration
Reason:Running plugin com.apple.-0LaunchServicesMigrator (00LaunchServicesMigrator.migrator, user-agnostic)
Migration Elapsed:00:58 seconds

[2020-03-26 04:42:48 +0000] Status=2, isTerminal=NO, Elapsed=01:05.
Waiting on Data Migration
Reason:Running plugin com.apple.-0LaunchServicesMigrator (00LaunchServicesMigrator.migrator, user-agnostic)
Migration Elapsed:00:59 seconds

[2020-03-26 04:42:49 +0000] Status=2, isTerminal=NO, Elapsed=01:06.
Waiting on Data Migration
Reason:Running plugin com.apple.-0LaunchServicesMigrator (00LaunchServicesMigrator.migrator, user-agnostic)
Migration Elapsed:01:00 seconds

[2020-03-26 04:42:50 +0000] Status=2, isTerminal=NO, Elapsed=01:07.
Waiting on Data Migration
Reason:Running plugin com.apple.-0LaunchServicesMigrator (00LaunchServicesMigrator.migrator, user-agnostic)
Migration Elapsed:01:01 seconds

[2020-03-26 04:42:51 +0000] Status=2, isTerminal=NO, Elapsed=01:08.
Waiting on Data Migration
Reason:Running plugin com.apple.-0LaunchServicesMigrator (00LaunchServicesMigrator.migrator, user-agnostic)
Migration Elapsed:01:02 seconds

[2020-03-26 04:42:52 +0000] Status=2, isTerminal=NO, Elapsed=01:09.
Waiting on Data Migration
Reason:Running plugin com.apple.-0LaunchServicesMigrator (00LaunchServicesMigrator.migrator, user-agnostic)
Migration Elapsed:01:03 seconds

[2020-03-26 04:42:53 +0000] Status=2, isTerminal=NO, Elapsed=01:10.
Waiting on Data Migration
Reason:Running plugin com.apple.-0LaunchServicesMigrator (00LaunchServicesMigrator.migrator, user-agnostic)
Migration Elapsed:01:04 seconds

[2020-03-26 04:42:54 +0000] Status=2, isTerminal=NO, Elapsed=01:11.
Waiting on Data Migration
Reason:Running plugin com.apple.-0LaunchServicesMigrator (00LaunchServicesMigrator.migrator, user-agnostic)
Migration Elapsed:01:05 seconds

[2020-03-26 04:42:55 +0000] Status=2, isTerminal=NO, Elapsed=01:12.
Waiting on Data Migration
Reason:Running plugin com.apple.-0LaunchServicesMigrator (00LaunchServicesMigrator.migrator, user-agnostic)
Migration Elapsed:01:06 seconds

[2020-03-26 04:42:56 +0000] Status=2, isTerminal=NO, Elapsed=01:13.
Waiting on Data Migration
Reason:Running plugin com.apple.-0LaunchServicesMigrator (00LaunchServicesMigrator.migrator, user-agnostic)
Migration Elapsed:01:07 seconds

[2020-03-26 04:42:57 +0000] Status=2, isTerminal=NO, Elapsed=01:14.
Waiting on Data Migration
Reason:Running plugin com.apple.-0LaunchServicesMigrator (00LaunchServicesMigrator.migrator, user-agnostic)
Migration Elapsed:01:08 seconds

[2020-03-26 04:42:58 +0000] Status=2, isTerminal=NO, Elapsed=01:15.
Waiting on Data Migration
Reason:Running plugin com.apple.-0LaunchServicesMigrator (00LaunchServicesMigrator.migrator, user-agnostic)
Migration Elapsed:01:09 seconds

[2020-03-26 04:42:59 +0000] Status=2, isTerminal=NO, Elapsed=01:16.
Waiting on Data Migration
Reason:Running plugin com.apple.-0LaunchServicesMigrator (00LaunchServicesMigrator.migrator, user-agnostic)
Migration Elapsed:01:10 seconds

[2020-03-26 04:43:00 +0000] Status=2, isTerminal=NO, Elapsed=01:17.
Waiting on Data Migration
Reason:Running plugin com.apple.-0LaunchServicesMigrator (00LaunchServicesMigrator.migrator, user-agnostic)
Migration Elapsed:01:11 seconds

[2020-03-26 04:43:01 +0000] Status=2, isTerminal=NO, Elapsed=01:18.
Waiting on Data Migration
Reason:Running plugin com.apple.-0LaunchServicesMigrator (00LaunchServicesMigrator.migrator, user-agnostic)
Migration Elapsed:01:12 seconds

[2020-03-26 04:43:02 +0000] Status=2, isTerminal=NO, Elapsed=01:19.
Waiting on Data Migration
Reason:Running plugin com.apple.-0LaunchServicesMigrator (00LaunchServicesMigrator.migrator, user-agnostic)
Migration Elapsed:01:13 seconds

[2020-03-26 04:43:03 +0000] Status=2, isTerminal=NO, Elapsed=01:20.
Waiting on Data Migration
Reason:Running plugin com.apple.-0LaunchServicesMigrator (00LaunchServicesMigrator.migrator, user-agnostic)
Migration Elapsed:01:14 seconds

[2020-03-26 04:43:04 +0000] Status=2, isTerminal=NO, Elapsed=01:21.
Waiting on Data Migration
Reason:Running plugin com.apple.-0LaunchServicesMigrator (00LaunchServicesMigrator.migrator, user-agnostic)
Migration Elapsed:01:15 seconds

[2020-03-26 04:43:05 +0000] Status=2, isTerminal=NO, Elapsed=01:22.
Waiting on Data Migration
Reason:Running plugin com.apple.-0LaunchServicesMigrator (00LaunchServicesMigrator.migrator, user-agnostic)
Migration Elapsed:01:16 seconds

[2020-03-26 04:43:06 +0000] Status=2, isTerminal=NO, Elapsed=01:23.
Waiting on Data Migration
Reason:Running plugin com.apple.-0LaunchServicesMigrator (00LaunchServicesMigrator.migrator, user-agnostic)
Migration Elapsed:01:17 seconds

[2020-03-26 04:43:07 +0000] Status=2, isTerminal=NO, Elapsed=01:24.
Waiting on Data Migration
Reason:Running plugin com.apple.-0LaunchServicesMigrator (00LaunchServicesMigrator.migrator, user-agnostic)
Migration Elapsed:01:18 seconds

[2020-03-26 04:43:08 +0000] Status=2, isTerminal=NO, Elapsed=01:25.
Waiting on Data Migration
Reason:Running plugin com.apple.-0LaunchServicesMigrator (00LaunchServicesMigrator.migrator, user-agnostic)
Migration Elapsed:01:19 seconds

[2020-03-26 04:43:09 +0000] Status=2, isTerminal=NO, Elapsed=01:26.
Waiting on Data Migration
Reason:Running plugin com.apple.-0LaunchServicesMigrator (00LaunchServicesMigrator.migrator, user-agnostic)
Migration Elapsed:01:20 seconds

[2020-03-26 04:43:10 +0000] Status=2, isTerminal=NO, Elapsed=01:27.
Waiting on Data Migration
Reason:Running plugin com.apple.-0LaunchServicesMigrator (00LaunchServicesMigrator.migrator, user-agnostic)
Migration Elapsed:01:21 seconds

[2020-03-26 04:43:11 +0000] Status=2, isTerminal=NO, Elapsed=01:28.
Waiting on Data Migration
Reason:Running plugin com.apple.-0LaunchServicesMigrator (00LaunchServicesMigrator.migrator, user-agnostic)
Migration Elapsed:01:22 seconds

[2020-03-26 04:43:12 +0000] Status=2, isTerminal=NO, Elapsed=01:29.
Waiting on Data Migration
Reason:Running plugin com.apple.-0LaunchServicesMigrator (00LaunchServicesMigrator.migrator, user-agnostic)
Migration Elapsed:01:23 seconds

[2020-03-26 04:43:13 +0000] Status=2, isTerminal=NO, Elapsed=01:30.
Waiting on Data Migration
Reason:Running plugin com.apple.-0LaunchServicesMigrator (00LaunchServicesMigrator.migrator, user-agnostic)
Migration Elapsed:01:24 seconds

[2020-03-26 04:43:14 +0000] Status=2, isTerminal=NO, Elapsed=01:31.
Waiting on Data Migration
Reason:Running plugin com.apple.-0LaunchServicesMigrator (00LaunchServicesMigrator.migrator, user-agnostic)
Migration Elapsed:01:25 seconds

[2020-03-26 04:43:15 +0000] Status=2, isTerminal=NO, Elapsed=01:32.
Waiting on Data Migration
Reason:Running plugin com.apple.-0LaunchServicesMigrator (00LaunchServicesMigrator.migrator, user-agnostic)
Migration Elapsed:01:26 seconds

[2020-03-26 04:43:16 +0000] Status=2, isTerminal=NO, Elapsed=01:33.
Waiting on Data Migration
Reason:Running plugin com.apple.-0LaunchServicesMigrator (00LaunchServicesMigrator.migrator, user-agnostic)
Migration Elapsed:01:27 seconds

[2020-03-26 04:43:17 +0000] Status=2, isTerminal=NO, Elapsed=01:34.
Waiting on Data Migration
Reason:Running plugin com.apple.-0LaunchServicesMigrator (00LaunchServicesMigrator.migrator, user-agnostic)
Migration Elapsed:01:28 seconds

[2020-03-26 04:43:18 +0000] Status=2, isTerminal=NO, Elapsed=01:35.
Waiting on Data Migration
Reason:Running plugin com.apple.-0LaunchServicesMigrator (00LaunchServicesMigrator.migrator, user-agnostic)
Migration Elapsed:01:29 seconds

[2020-03-26 04:43:19 +0000] Status=2, isTerminal=NO, Elapsed=01:36.
Waiting on Data Migration
Reason:Running plugin com.apple.-0LaunchServicesMigrator (00LaunchServicesMigrator.migrator, user-agnostic)
Migration Elapsed:01:30 seconds

[2020-03-26 04:43:20 +0000] Status=2, isTerminal=NO, Elapsed=01:37.
Waiting on Data Migration
Reason:Running plugin com.apple.-0LaunchServicesMigrator (00LaunchServicesMigrator.migrator, user-agnostic)
Migration Elapsed:01:31 seconds

[2020-03-26 04:43:21 +0000] Status=2, isTerminal=NO, Elapsed=01:38.
Waiting on Data Migration
Reason:Running plugin com.apple.-0LaunchServicesMigrator (00LaunchServicesMigrator.migrator, user-agnostic)
Migration Elapsed:01:32 seconds

[2020-03-26 04:43:22 +0000] Status=2, isTerminal=NO, Elapsed=01:39.
Waiting on Data Migration
Reason:Running plugin com.apple.-0LaunchServicesMigrator (00LaunchServicesMigrator.migrator, user-agnostic)
Migration Elapsed:01:33 seconds

[2020-03-26 04:43:23 +0000] Status=2, isTerminal=NO, Elapsed=01:40.
Waiting on Data Migration
Reason:Running plugin com.apple.-0LaunchServicesMigrator (00LaunchServicesMigrator.migrator, user-agnostic)
Migration Elapsed:01:34 seconds

[2020-03-26 04:43:24 +0000] Status=2, isTerminal=NO, Elapsed=01:41.
Waiting on Data Migration
Reason:Running plugin com.apple.-0LaunchServicesMigrator (00LaunchServicesMigrator.migrator, user-agnostic)
Migration Elapsed:01:35 seconds

[2020-03-26 04:43:25 +0000] Status=2, isTerminal=NO, Elapsed=01:42.
Waiting on Data Migration
Reason:Running plugin com.apple.-0LaunchServicesMigrator (00LaunchServicesMigrator.migrator, user-agnostic)
Migration Elapsed:01:36 seconds

[2020-03-26 04:43:26 +0000] Status=2, isTerminal=NO, Elapsed=01:43.
Waiting on Data Migration
Reason:Running plugin com.apple.-0LaunchServicesMigrator (00LaunchServicesMigrator.migrator, user-agnostic)
Migration Elapsed:01:37 seconds

[2020-03-26 04:43:27 +0000] Status=2, isTerminal=NO, Elapsed=01:44.
Waiting on Data Migration
Reason:Running plugin com.apple.-0LaunchServicesMigrator (00LaunchServicesMigrator.migrator, user-agnostic)
Migration Elapsed:01:38 seconds

[2020-03-26 04:43:28 +0000] Status=2, isTerminal=NO, Elapsed=01:45.
Waiting on Data Migration
Reason:Running plugin com.apple.-0LaunchServicesMigrator (00LaunchServicesMigrator.migrator, user-agnostic)
Migration Elapsed:01:39 seconds

[2020-03-26 04:43:29 +0000] Status=2, isTerminal=NO, Elapsed=01:46.
Waiting on Data Migration
Reason:Running plugin com.apple.-0LaunchServicesMigrator (00LaunchServicesMigrator.migrator, user-agnostic)
Migration Elapsed:01:40 seconds

[2020-03-26 04:43:30 +0000] Status=2, isTerminal=NO, Elapsed=01:47.
Waiting on Data Migration
Reason:Running plugin com.apple.-0LaunchServicesMigrator (00LaunchServicesMigrator.migrator, user-agnostic)
Migration Elapsed:01:41 seconds

[2020-03-26 04:43:31 +0000] Status=2, isTerminal=NO, Elapsed=01:48.
Waiting on Data Migration
Reason:Running plugin com.apple.-0LaunchServicesMigrator (00LaunchServicesMigrator.migrator, user-agnostic)
Migration Elapsed:01:42 seconds

[2020-03-26 04:43:32 +0000] Status=2, isTerminal=NO, Elapsed=01:49.
Waiting on Data Migration
Reason:Running plugin com.apple.-0LaunchServicesMigrator (00LaunchServicesMigrator.migrator, user-agnostic)
Migration Elapsed:01:43 seconds

[2020-03-26 04:43:33 +0000] Status=2, isTerminal=NO, Elapsed=01:50.
Waiting on Data Migration
Reason:Running plugin com.apple.-0LaunchServicesMigrator (00LaunchServicesMigrator.migrator, user-agnostic)
Migration Elapsed:01:44 seconds

[2020-03-26 04:43:34 +0000] Status=2, isTerminal=NO, Elapsed=01:51.
Waiting on Data Migration
Reason:Running plugin com.apple.-0LaunchServicesMigrator (00LaunchServicesMigrator.migrator, user-agnostic)
Migration Elapsed:01:45 seconds

[2020-03-26 04:43:35 +0000] Status=2, isTerminal=NO, Elapsed=01:52.
Waiting on Data Migration
Reason:Running plugin com.apple.-0LaunchServicesMigrator (00LaunchServicesMigrator.migrator, user-agnostic)
Migration Elapsed:01:46 seconds

[2020-03-26 04:43:36 +0000] Status=2, isTerminal=NO, Elapsed=01:53.
Waiting on Data Migration
Reason:Running plugin com.apple.-0LaunchServicesMigrator (00LaunchServicesMigrator.migrator, user-agnostic)
Migration Elapsed:01:47 seconds

[2020-03-26 04:43:37 +0000] Status=2, isTerminal=NO, Elapsed=01:54.
Waiting on Data Migration
Reason:Running plugin com.apple.-0LaunchServicesMigrator (00LaunchServicesMigrator.migrator, user-agnostic)
Migration Elapsed:01:48 seconds

[2020-03-26 04:43:38 +0000] Status=2, isTerminal=NO, Elapsed=01:55.
Waiting on Data Migration
Reason:Running plugin com.apple.-0LaunchServicesMigrator (00LaunchServicesMigrator.migrator, user-agnostic)
Migration Elapsed:01:49 seconds

[2020-03-26 04:43:39 +0000] Status=2, isTerminal=NO, Elapsed=01:56.
Waiting on Data Migration
Reason:Running plugin com.apple.-0LaunchServicesMigrator (00LaunchServicesMigrator.migrator, user-agnostic)
Migration Elapsed:01:50 seconds

[2020-03-26 04:43:40 +0000] Status=2, isTerminal=NO, Elapsed=01:57.
Waiting on Data Migration
Reason:Running plugin com.apple.-0LaunchServicesMigrator (00LaunchServicesMigrator.migrator, user-agnostic)
Migration Elapsed:01:51 seconds

[2020-03-26 04:43:41 +0000] Status=2, isTerminal=NO, Elapsed=01:58.
Waiting on Data Migration
Reason:Running plugin com.apple.-0LaunchServicesMigrator (00LaunchServicesMigrator.migrator, user-agnostic)
Migration Elapsed:01:52 seconds

[2020-03-26 04:43:42 +0000] Status=2, isTerminal=NO, Elapsed=01:59.
Waiting on Data Migration
Reason:Running plugin com.apple.-0LaunchServicesMigrator (00LaunchServicesMigrator.migrator, user-agnostic)
Migration Elapsed:01:53 seconds

[2020-03-26 04:43:43 +0000] Status=2, isTerminal=NO, Elapsed=02:00.
Waiting on Data Migration
Reason:Running plugin com.apple.-0LaunchServicesMigrator (00LaunchServicesMigrator.migrator, user-agnostic)
Migration Elapsed:01:54 seconds

[2020-03-26 04:43:44 +0000] Status=2, isTerminal=NO, Elapsed=02:01.
Waiting on Data Migration
Reason:Running plugin com.apple.-0LaunchServicesMigrator (00LaunchServicesMigrator.migrator, user-agnostic)
Migration Elapsed:01:55 seconds

[2020-03-26 04:43:45 +0000] Status=2, isTerminal=NO, Elapsed=02:02.
Waiting on Data Migration
Reason:Running plugin com.apple.-0LaunchServicesMigrator (00LaunchServicesMigrator.migrator, user-agnostic)
Migration Elapsed:01:56 seconds

[2020-03-26 04:43:46 +0000] Status=2, isTerminal=NO, Elapsed=02:03.
Waiting on Data Migration
Reason:Running plugin com.apple.-0LaunchServicesMigrator (00LaunchServicesMigrator.migrator, user-agnostic)
Migration Elapsed:01:57 seconds

[2020-03-26 04:43:47 +0000] Status=2, isTerminal=NO, Elapsed=02:04.
Waiting on Data Migration
Reason:Running plugin com.apple.-0LaunchServicesMigrator (00LaunchServicesMigrator.migrator, user-agnostic)
Migration Elapsed:01:58 seconds

[2020-03-26 04:43:48 +0000] Status=2, isTerminal=NO, Elapsed=02:05.
Waiting on Data Migration
Reason:Running plugin com.apple.-0LaunchServicesMigrator (00LaunchServicesMigrator.migrator, user-agnostic)
Migration Elapsed:01:59 seconds

[2020-03-26 04:43:49 +0000] Status=2, isTerminal=NO, Elapsed=02:06.
Waiting on Data Migration
Reason:Running plugin com.apple.-0LaunchServicesMigrator (00LaunchServicesMigrator.migrator, user-agnostic)
Migration Elapsed:02:00 seconds

[2020-03-26 04:43:50 +0000] Status=2, isTerminal=NO, Elapsed=02:07.
Waiting on Data Migration
Reason:Running plugin com.apple.-0LaunchServicesMigrator (00LaunchServicesMigrator.migrator, user-agnostic)
Migration Elapsed:02:01 seconds

[2020-03-26 04:43:51 +0000] Status=2, isTerminal=NO, Elapsed=02:08.
Waiting on Data Migration
Reason:Running plugin com.apple.-0LaunchServicesMigrator (00LaunchServicesMigrator.migrator, user-agnostic)
Migration Elapsed:02:02 seconds

[2020-03-26 04:43:52 +0000] Status=2, isTerminal=NO, Elapsed=02:09.
Waiting on Data Migration
Reason:Running plugin com.apple.-0LaunchServicesMigrator (00LaunchServicesMigrator.migrator, user-agnostic)
Migration Elapsed:02:03 seconds

[2020-03-26 04:43:53 +0000] Status=2, isTerminal=NO, Elapsed=02:10.
Waiting on Data Migration
Reason:Running plugin com.apple.-0LaunchServicesMigrator (00LaunchServicesMigrator.migrator, user-agnostic)
Migration Elapsed:02:04 seconds

[2020-03-26 04:43:54 +0000] Status=2, isTerminal=NO, Elapsed=02:11.
Waiting on Data Migration
Reason:Running plugin com.apple.-0LaunchServicesMigrator (00LaunchServicesMigrator.migrator, user-agnostic)
Migration Elapsed:02:05 seconds

[2020-03-26 04:43:55 +0000] Status=2, isTerminal=NO, Elapsed=02:12.
Waiting on Data Migration
Reason:Running plugin com.apple.-0LaunchServicesMigrator (00LaunchServicesMigrator.migrator, user-agnostic)
Migration Elapsed:02:06 seconds

[2020-03-26 04:43:56 +0000] Status=2, isTerminal=NO, Elapsed=02:13.
Waiting on Data Migration
Reason:Running plugin com.apple.-0LaunchServicesMigrator (00LaunchServicesMigrator.migrator, user-agnostic)
Migration Elapsed:02:07 seconds

[2020-03-26 04:43:57 +0000] Status=2, isTerminal=NO, Elapsed=02:14.
Waiting on Data Migration
Reason:Running plugin com.apple.-0LaunchServicesMigrator (00LaunchServicesMigrator.migrator, user-agnostic)
Migration Elapsed:02:08 seconds

[2020-03-26 04:43:58 +0000] Status=2, isTerminal=NO, Elapsed=02:15.
Waiting on Data Migration
Reason:Running plugin com.apple.-0LaunchServicesMigrator (00LaunchServicesMigrator.migrator, user-agnostic)
Migration Elapsed:02:09 seconds

[2020-03-26 04:43:59 +0000] Status=2, isTerminal=NO, Elapsed=02:16.
Waiting on Data Migration
Reason:Running plugin com.apple.-0LaunchServicesMigrator (00LaunchServicesMigrator.migrator, user-agnostic)
Migration Elapsed:02:10 seconds

[2020-03-26 04:44:00 +0000] Status=2, isTerminal=NO, Elapsed=02:17.
Waiting on Data Migration
Reason:Running plugin com.apple.-0LaunchServicesMigrator (00LaunchServicesMigrator.migrator, user-agnostic)
Migration Elapsed:02:11 seconds

[2020-03-26 04:44:01 +0000] Status=2, isTerminal=NO, Elapsed=02:18.
Waiting on Data Migration
Reason:Running plugin com.apple.-0LaunchServicesMigrator (00LaunchServicesMigrator.migrator, user-agnostic)
Migration Elapsed:02:12 seconds

[2020-03-26 04:44:02 +0000] Status=2, isTerminal=NO, Elapsed=02:19.
Waiting on Data Migration
Reason:Running plugin com.apple.-0LaunchServicesMigrator (00LaunchServicesMigrator.migrator, user-agnostic)
Migration Elapsed:02:13 seconds

[2020-03-26 04:44:03 +0000] Status=2, isTerminal=NO, Elapsed=02:20.
Waiting on Data Migration
Reason:Running plugin com.apple.-0LaunchServicesMigrator (00LaunchServicesMigrator.migrator, user-agnostic)
Migration Elapsed:02:14 seconds

[2020-03-26 04:44:04 +0000] Status=2, isTerminal=NO, Elapsed=02:21.
Waiting on Data Migration
Reason:Running plugin com.apple.-0LaunchServicesMigrator (00LaunchServicesMigrator.migrator, user-agnostic)
Migration Elapsed:02:15 seconds

[2020-03-26 04:44:05 +0000] Status=2, isTerminal=NO, Elapsed=02:22.
Waiting on Data Migration
Reason:Running plugin com.apple.-0LaunchServicesMigrator (00LaunchServicesMigrator.migrator, user-agnostic)
Migration Elapsed:02:16 seconds

[2020-03-26 04:44:06 +0000] Status=2, isTerminal=NO, Elapsed=02:23.
Waiting on Data Migration
Reason:Running plugin com.apple.-0LaunchServicesMigrator (00LaunchServicesMigrator.migrator, user-agnostic)
Migration Elapsed:02:17 seconds


    at getResponseForW3CError (/Applications/Appium.app/Contents/Resources/app/node_modules/appium/node_modules/appium-base-driver/lib/protocol/errors.js:804:9)
    at asyncHandler (/Applications/Appium.app/Contents/Resources/app/node_modules/appium/node_modules/appium-base-driver/lib/protocol/protocol.js:388:37)
    at process._tickCallback (internal/process/next_tick.js:68:7)
Build info: version: '3.141.59', revision: 'e82be7d358', time: '2018-11-14T08:17:03'
System info: host: 'Aswins-Air', ip: 'fe80:0:0:0:18c7:5e5d:1c65:92af%en0', os.name: 'Mac OS X', os.arch: 'x86_64', os.version: '10.15.3', java.version: '13.0.1'
Driver info: driver.version: IOSDriver]]>
            </message>
            <full-stacktrace>
              <![CDATA[org.openqa.selenium.SessionNotCreatedException: Unable to create a new remote session. Please check the server log for more details. Original error: An unknown server-side error occurred while processing the command. Original error: The simulator 6BE42A44-FE37-4883-93C0-3266405B7660 has failed to finish booting after 120s. Original status: Monitoring boot status for appiumTest-771258FF-ED87-4B58-AA6F-2938F96ABA51-iPhone SE (6BE42A44-FE37-4883-93C0-3266405B7660).
[2020-03-26 04:42:08 +0000] Status=2, isTerminal=NO, Elapsed=00:25.
Waiting on Data Migration
Reason:Running plugin com.apple.-0LaunchServicesMigrator (00LaunchServicesMigrator.migrator, user-agnostic)
Migration Elapsed:00:19 seconds

[2020-03-26 04:42:09 +0000] Status=2, isTerminal=NO, Elapsed=00:26.
Waiting on Data Migration
Reason:Running plugin com.apple.-0LaunchServicesMigrator (00LaunchServicesMigrator.migrator, user-agnostic)
Migration Elapsed:00:20 seconds

[2020-03-26 04:42:10 +0000] Status=2, isTerminal=NO, Elapsed=00:27.
Waiting on Data Migration
Reason:Running plugin com.apple.-0LaunchServicesMigrator (00LaunchServicesMigrator.migrator, user-agnostic)
Migration Elapsed:00:21 seconds

[2020-03-26 04:42:11 +0000] Status=2, isTerminal=NO, Elapsed=00:28.
Waiting on Data Migration
Reason:Running plugin com.apple.-0LaunchServicesMigrator (00LaunchServicesMigrator.migrator, user-agnostic)
Migration Elapsed:00:22 seconds

[2020-03-26 04:42:12 +0000] Status=2, isTerminal=NO, Elapsed=00:29.
Waiting on Data Migration
Reason:Running plugin com.apple.-0LaunchServicesMigrator (00LaunchServicesMigrator.migrator, user-agnostic)
Migration Elapsed:00:23 seconds

[2020-03-26 04:42:13 +0000] Status=2, isTerminal=NO, Elapsed=00:30.
Waiting on Data Migration
Reason:Running plugin com.apple.-0LaunchServicesMigrator (00LaunchServicesMigrator.migrator, user-agnostic)
Migration Elapsed:00:24 seconds

[2020-03-26 04:42:14 +0000] Status=2, isTerminal=NO, Elapsed=00:31.
Waiting on Data Migration
Reason:Running plugin com.apple.-0LaunchServicesMigrator (00LaunchServicesMigrator.migrator, user-agnostic)
Migration Elapsed:00:25 seconds

[2020-03-26 04:42:15 +0000] Status=2, isTerminal=NO, Elapsed=00:32.
Waiting on Data Migration
Reason:Running plugin com.apple.-0LaunchServicesMigrator (00LaunchServicesMigrator.migrator, user-agnostic)
Migration Elapsed:00:26 seconds

[2020-03-26 04:42:16 +0000] Status=2, isTerminal=NO, Elapsed=00:33.
Waiting on Data Migration
Reason:Running plugin com.apple.-0LaunchServicesMigrator (00LaunchServicesMigrator.migrator, user-agnostic)
Migration Elapsed:00:27 seconds

[2020-03-26 04:42:17 +0000] Status=2, isTerminal=NO, Elapsed=00:34.
Waiting on Data Migration
Reason:Running plugin com.apple.-0LaunchServicesMigrator (00LaunchServicesMigrator.migrator, user-agnostic)
Migration Elapsed:00:28 seconds

[2020-03-26 04:42:18 +0000] Status=2, isTerminal=NO, Elapsed=00:35.
Waiting on Data Migration
Reason:Running plugin com.apple.-0LaunchServicesMigrator (00LaunchServicesMigrator.migrator, user-agnostic)
Migration Elapsed:00:29 seconds

[2020-03-26 04:42:19 +0000] Status=2, isTerminal=NO, Elapsed=00:36.
Waiting on Data Migration
Reason:Running plugin com.apple.-0LaunchServicesMigrator (00LaunchServicesMigrator.migrator, user-agnostic)
Migration Elapsed:00:30 seconds

[2020-03-26 04:42:20 +0000] Status=2, isTerminal=NO, Elapsed=00:37.
Waiting on Data Migration
Reason:Running plugin com.apple.-0LaunchServicesMigrator (00LaunchServicesMigrator.migrator, user-agnostic)
Migration Elapsed:00:31 seconds

[2020-03-26 04:42:21 +0000] Status=2, isTerminal=NO, Elapsed=00:38.
Waiting on Data Migration
Reason:Running plugin com.apple.-0LaunchServicesMigrator (00LaunchServicesMigrator.migrator, user-agnostic)
Migration Elapsed:00:32 seconds

[2020-03-26 04:42:22 +0000] Status=2, isTerminal=NO, Elapsed=00:39.
Waiting on Data Migration
Reason:Running plugin com.apple.-0LaunchServicesMigrator (00LaunchServicesMigrator.migrator, user-agnostic)
Migration Elapsed:00:33 seconds

[2020-03-26 04:42:23 +0000] Status=2, isTerminal=NO, Elapsed=00:40.
Waiting on Data Migration
Reason:Running plugin com.apple.-0LaunchServicesMigrator (00LaunchServicesMigrator.migrator, user-agnostic)
Migration Elapsed:00:34 seconds

[2020-03-26 04:42:24 +0000] Status=2, isTerminal=NO, Elapsed=00:41.
Waiting on Data Migration
Reason:Running plugin com.apple.-0LaunchServicesMigrator (00LaunchServicesMigrator.migrator, user-agnostic)
Migration Elapsed:00:35 seconds

[2020-03-26 04:42:25 +0000] Status=2, isTerminal=NO, Elapsed=00:42.
Waiting on Data Migration
Reason:Running plugin com.apple.-0LaunchServicesMigrator (00LaunchServicesMigrator.migrator, user-agnostic)
Migration Elapsed:00:36 seconds

[2020-03-26 04:42:26 +0000] Status=2, isTerminal=NO, Elapsed=00:43.
Waiting on Data Migration
Reason:Running plugin com.apple.-0LaunchServicesMigrator (00LaunchServicesMigrator.migrator, user-agnostic)
Migration Elapsed:00:37 seconds

[2020-03-26 04:42:27 +0000] Status=2, isTerminal=NO, Elapsed=00:44.
Waiting on Data Migration
Reason:Running plugin com.apple.-0LaunchServicesMigrator (00LaunchServicesMigrator.migrator, user-agnostic)
Migration Elapsed:00:38 seconds

[2020-03-26 04:42:28 +0000] Status=2, isTerminal=NO, Elapsed=00:45.
Waiting on Data Migration
Reason:Running plugin com.apple.-0LaunchServicesMigrator (00LaunchServicesMigrator.migrator, user-agnostic)
Migration Elapsed:00:39 seconds

[2020-03-26 04:42:29 +0000] Status=2, isTerminal=NO, Elapsed=00:46.
Waiting on Data Migration
Reason:Running plugin com.apple.-0LaunchServicesMigrator (00LaunchServicesMigrator.migrator, user-agnostic)
Migration Elapsed:00:40 seconds

[2020-03-26 04:42:30 +0000] Status=2, isTerminal=NO, Elapsed=00:47.
Waiting on Data Migration
Reason:Running plugin com.apple.-0LaunchServicesMigrator (00LaunchServicesMigrator.migrator, user-agnostic)
Migration Elapsed:00:41 seconds

[2020-03-26 04:42:31 +0000] Status=2, isTerminal=NO, Elapsed=00:48.
Waiting on Data Migration
Reason:Running plugin com.apple.-0LaunchServicesMigrator (00LaunchServicesMigrator.migrator, user-agnostic)
Migration Elapsed:00:42 seconds

[2020-03-26 04:42:32 +0000] Status=2, isTerminal=NO, Elapsed=00:49.
Waiting on Data Migration
Reason:Running plugin com.apple.-0LaunchServicesMigrator (00LaunchServicesMigrator.migrator, user-agnostic)
Migration Elapsed:00:43 seconds

[2020-03-26 04:42:33 +0000] Status=2, isTerminal=NO, Elapsed=00:50.
Waiting on Data Migration
Reason:Running plugin com.apple.-0LaunchServicesMigrator (00LaunchServicesMigrator.migrator, user-agnostic)
Migration Elapsed:00:44 seconds

[2020-03-26 04:42:34 +0000] Status=2, isTerminal=NO, Elapsed=00:51.
Waiting on Data Migration
Reason:Running plugin com.apple.-0LaunchServicesMigrator (00LaunchServicesMigrator.migrator, user-agnostic)
Migration Elapsed:00:45 seconds

[2020-03-26 04:42:35 +0000] Status=2, isTerminal=NO, Elapsed=00:52.
Waiting on Data Migration
Reason:Running plugin com.apple.-0LaunchServicesMigrator (00LaunchServicesMigrator.migrator, user-agnostic)
Migration Elapsed:00:46 seconds

[2020-03-26 04:42:36 +0000] Status=2, isTerminal=NO, Elapsed=00:53.
Waiting on Data Migration
Reason:Running plugin com.apple.-0LaunchServicesMigrator (00LaunchServicesMigrator.migrator, user-agnostic)
Migration Elapsed:00:47 seconds

[2020-03-26 04:42:37 +0000] Status=2, isTerminal=NO, Elapsed=00:54.
Waiting on Data Migration
Reason:Running plugin com.apple.-0LaunchServicesMigrator (00LaunchServicesMigrator.migrator, user-agnostic)
Migration Elapsed:00:48 seconds

[2020-03-26 04:42:38 +0000] Status=2, isTerminal=NO, Elapsed=00:55.
Waiting on Data Migration
Reason:Running plugin com.apple.-0LaunchServicesMigrator (00LaunchServicesMigrator.migrator, user-agnostic)
Migration Elapsed:00:49 seconds

[2020-03-26 04:42:39 +0000] Status=2, isTerminal=NO, Elapsed=00:56.
Waiting on Data Migration
Reason:Running plugin com.apple.-0LaunchServicesMigrator (00LaunchServicesMigrator.migrator, user-agnostic)
Migration Elapsed:00:50 seconds

[2020-03-26 04:42:40 +0000] Status=2, isTerminal=NO, Elapsed=00:57.
Waiting on Data Migration
Reason:Running plugin com.apple.-0LaunchServicesMigrator (00LaunchServicesMigrator.migrator, user-agnostic)
Migration Elapsed:00:51 seconds

[2020-03-26 04:42:41 +0000] Status=2, isTerminal=NO, Elapsed=00:58.
Waiting on Data Migration
Reason:Running plugin com.apple.-0LaunchServicesMigrator (00LaunchServicesMigrator.migrator, user-agnostic)
Migration Elapsed:00:52 seconds

[2020-03-26 04:42:42 +0000] Status=2, isTerminal=NO, Elapsed=00:59.
Waiting on Data Migration
Reason:Running plugin com.apple.-0LaunchServicesMigrator (00LaunchServicesMigrator.migrator, user-agnostic)
Migration Elapsed:00:53 seconds

[2020-03-26 04:42:43 +0000] Status=2, isTerminal=NO, Elapsed=01:00.
Waiting on Data Migration
Reason:Running plugin com.apple.-0LaunchServicesMigrator (00LaunchServicesMigrator.migrator, user-agnostic)
Migration Elapsed:00:54 seconds

[2020-03-26 04:42:44 +0000] Status=2, isTerminal=NO, Elapsed=01:01.
Waiting on Data Migration
Reason:Running plugin com.apple.-0LaunchServicesMigrator (00LaunchServicesMigrator.migrator, user-agnostic)
Migration Elapsed:00:55 seconds

[2020-03-26 04:42:45 +0000] Status=2, isTerminal=NO, Elapsed=01:02.
Waiting on Data Migration
Reason:Running plugin com.apple.-0LaunchServicesMigrator (00LaunchServicesMigrator.migrator, user-agnostic)
Migration Elapsed:00:56 seconds

[2020-03-26 04:42:46 +0000] Status=2, isTerminal=NO, Elapsed=01:03.
Waiting on Data Migration
Reason:Running plugin com.apple.-0LaunchServicesMigrator (00LaunchServicesMigrator.migrator, user-agnostic)
Migration Elapsed:00:57 seconds

[2020-03-26 04:42:47 +0000] Status=2, isTerminal=NO, Elapsed=01:04.
Waiting on Data Migration
Reason:Running plugin com.apple.-0LaunchServicesMigrator (00LaunchServicesMigrator.migrator, user-agnostic)
Migration Elapsed:00:58 seconds

[2020-03-26 04:42:48 +0000] Status=2, isTerminal=NO, Elapsed=01:05.
Waiting on Data Migration
Reason:Running plugin com.apple.-0LaunchServicesMigrator (00LaunchServicesMigrator.migrator, user-agnostic)
Migration Elapsed:00:59 seconds

[2020-03-26 04:42:49 +0000] Status=2, isTerminal=NO, Elapsed=01:06.
Waiting on Data Migration
Reason:Running plugin com.apple.-0LaunchServicesMigrator (00LaunchServicesMigrator.migrator, user-agnostic)
Migration Elapsed:01:00 seconds

[2020-03-26 04:42:50 +0000] Status=2, isTerminal=NO, Elapsed=01:07.
Waiting on Data Migration
Reason:Running plugin com.apple.-0LaunchServicesMigrator (00LaunchServicesMigrator.migrator, user-agnostic)
Migration Elapsed:01:01 seconds

[2020-03-26 04:42:51 +0000] Status=2, isTerminal=NO, Elapsed=01:08.
Waiting on Data Migration
Reason:Running plugin com.apple.-0LaunchServicesMigrator (00LaunchServicesMigrator.migrator, user-agnostic)
Migration Elapsed:01:02 seconds

[2020-03-26 04:42:52 +0000] Status=2, isTerminal=NO, Elapsed=01:09.
Waiting on Data Migration
Reason:Running plugin com.apple.-0LaunchServicesMigrator (00LaunchServicesMigrator.migrator, user-agnostic)
Migration Elapsed:01:03 seconds

[2020-03-26 04:42:53 +0000] Status=2, isTerminal=NO, Elapsed=01:10.
Waiting on Data Migration
Reason:Running plugin com.apple.-0LaunchServicesMigrator (00LaunchServicesMigrator.migrator, user-agnostic)
Migration Elapsed:01:04 seconds

[2020-03-26 04:42:54 +0000] Status=2, isTerminal=NO, Elapsed=01:11.
Waiting on Data Migration
Reason:Running plugin com.apple.-0LaunchServicesMigrator (00LaunchServicesMigrator.migrator, user-agnostic)
Migration Elapsed:01:05 seconds

[2020-03-26 04:42:55 +0000] Status=2, isTerminal=NO, Elapsed=01:12.
Waiting on Data Migration
Reason:Running plugin com.apple.-0LaunchServicesMigrator (00LaunchServicesMigrator.migrator, user-agnostic)
Migration Elapsed:01:06 seconds

[2020-03-26 04:42:56 +0000] Status=2, isTerminal=NO, Elapsed=01:13.
Waiting on Data Migration
Reason:Running plugin com.apple.-0LaunchServicesMigrator (00LaunchServicesMigrator.migrator, user-agnostic)
Migration Elapsed:01:07 seconds

[2020-03-26 04:42:57 +0000] Status=2, isTerminal=NO, Elapsed=01:14.
Waiting on Data Migration
Reason:Running plugin com.apple.-0LaunchServicesMigrator (00LaunchServicesMigrator.migrator, user-agnostic)
Migration Elapsed:01:08 seconds

[2020-03-26 04:42:58 +0000] Status=2, isTerminal=NO, Elapsed=01:15.
Waiting on Data Migration
Reason:Running plugin com.apple.-0LaunchServicesMigrator (00LaunchServicesMigrator.migrator, user-agnostic)
Migration Elapsed:01:09 seconds

[2020-03-26 04:42:59 +0000] Status=2, isTerminal=NO, Elapsed=01:16.
Waiting on Data Migration
Reason:Running plugin com.apple.-0LaunchServicesMigrator (00LaunchServicesMigrator.migrator, user-agnostic)
Migration Elapsed:01:10 seconds

[2020-03-26 04:43:00 +0000] Status=2, isTerminal=NO, Elapsed=01:17.
Waiting on Data Migration
Reason:Running plugin com.apple.-0LaunchServicesMigrator (00LaunchServicesMigrator.migrator, user-agnostic)
Migration Elapsed:01:11 seconds

[2020-03-26 04:43:01 +0000] Status=2, isTerminal=NO, Elapsed=01:18.
Waiting on Data Migration
Reason:Running plugin com.apple.-0LaunchServicesMigrator (00LaunchServicesMigrator.migrator, user-agnostic)
Migration Elapsed:01:12 seconds

[2020-03-26 04:43:02 +0000] Status=2, isTerminal=NO, Elapsed=01:19.
Waiting on Data Migration
Reason:Running plugin com.apple.-0LaunchServicesMigrator (00LaunchServicesMigrator.migrator, user-agnostic)
Migration Elapsed:01:13 seconds

[2020-03-26 04:43:03 +0000] Status=2, isTerminal=NO, Elapsed=01:20.
Waiting on Data Migration
Reason:Running plugin com.apple.-0LaunchServicesMigrator (00LaunchServicesMigrator.migrator, user-agnostic)
Migration Elapsed:01:14 seconds

[2020-03-26 04:43:04 +0000] Status=2, isTerminal=NO, Elapsed=01:21.
Waiting on Data Migration
Reason:Running plugin com.apple.-0LaunchServicesMigrator (00LaunchServicesMigrator.migrator, user-agnostic)
Migration Elapsed:01:15 seconds

[2020-03-26 04:43:05 +0000] Status=2, isTerminal=NO, Elapsed=01:22.
Waiting on Data Migration
Reason:Running plugin com.apple.-0LaunchServicesMigrator (00LaunchServicesMigrator.migrator, user-agnostic)
Migration Elapsed:01:16 seconds

[2020-03-26 04:43:06 +0000] Status=2, isTerminal=NO, Elapsed=01:23.
Waiting on Data Migration
Reason:Running plugin com.apple.-0LaunchServicesMigrator (00LaunchServicesMigrator.migrator, user-agnostic)
Migration Elapsed:01:17 seconds

[2020-03-26 04:43:07 +0000] Status=2, isTerminal=NO, Elapsed=01:24.
Waiting on Data Migration
Reason:Running plugin com.apple.-0LaunchServicesMigrator (00LaunchServicesMigrator.migrator, user-agnostic)
Migration Elapsed:01:18 seconds

[2020-03-26 04:43:08 +0000] Status=2, isTerminal=NO, Elapsed=01:25.
Waiting on Data Migration
Reason:Running plugin com.apple.-0LaunchServicesMigrator (00LaunchServicesMigrator.migrator, user-agnostic)
Migration Elapsed:01:19 seconds

[2020-03-26 04:43:09 +0000] Status=2, isTerminal=NO, Elapsed=01:26.
Waiting on Data Migration
Reason:Running plugin com.apple.-0LaunchServicesMigrator (00LaunchServicesMigrator.migrator, user-agnostic)
Migration Elapsed:01:20 seconds

[2020-03-26 04:43:10 +0000] Status=2, isTerminal=NO, Elapsed=01:27.
Waiting on Data Migration
Reason:Running plugin com.apple.-0LaunchServicesMigrator (00LaunchServicesMigrator.migrator, user-agnostic)
Migration Elapsed:01:21 seconds

[2020-03-26 04:43:11 +0000] Status=2, isTerminal=NO, Elapsed=01:28.
Waiting on Data Migration
Reason:Running plugin com.apple.-0LaunchServicesMigrator (00LaunchServicesMigrator.migrator, user-agnostic)
Migration Elapsed:01:22 seconds

[2020-03-26 04:43:12 +0000] Status=2, isTerminal=NO, Elapsed=01:29.
Waiting on Data Migration
Reason:Running plugin com.apple.-0LaunchServicesMigrator (00LaunchServicesMigrator.migrator, user-agnostic)
Migration Elapsed:01:23 seconds

[2020-03-26 04:43:13 +0000] Status=2, isTerminal=NO, Elapsed=01:30.
Waiting on Data Migration
Reason:Running plugin com.apple.-0LaunchServicesMigrator (00LaunchServicesMigrator.migrator, user-agnostic)
Migration Elapsed:01:24 seconds

[2020-03-26 04:43:14 +0000] Status=2, isTerminal=NO, Elapsed=01:31.
Waiting on Data Migration
Reason:Running plugin com.apple.-0LaunchServicesMigrator (00LaunchServicesMigrator.migrator, user-agnostic)
Migration Elapsed:01:25 seconds

[2020-03-26 04:43:15 +0000] Status=2, isTerminal=NO, Elapsed=01:32.
Waiting on Data Migration
Reason:Running plugin com.apple.-0LaunchServicesMigrator (00LaunchServicesMigrator.migrator, user-agnostic)
Migration Elapsed:01:26 seconds

[2020-03-26 04:43:16 +0000] Status=2, isTerminal=NO, Elapsed=01:33.
Waiting on Data Migration
Reason:Running plugin com.apple.-0LaunchServicesMigrator (00LaunchServicesMigrator.migrator, user-agnostic)
Migration Elapsed:01:27 seconds

[2020-03-26 04:43:17 +0000] Status=2, isTerminal=NO, Elapsed=01:34.
Waiting on Data Migration
Reason:Running plugin com.apple.-0LaunchServicesMigrator (00LaunchServicesMigrator.migrator, user-agnostic)
Migration Elapsed:01:28 seconds

[2020-03-26 04:43:18 +0000] Status=2, isTerminal=NO, Elapsed=01:35.
Waiting on Data Migration
Reason:Running plugin com.apple.-0LaunchServicesMigrator (00LaunchServicesMigrator.migrator, user-agnostic)
Migration Elapsed:01:29 seconds

[2020-03-26 04:43:19 +0000] Status=2, isTerminal=NO, Elapsed=01:36.
Waiting on Data Migration
Reason:Running plugin com.apple.-0LaunchServicesMigrator (00LaunchServicesMigrator.migrator, user-agnostic)
Migration Elapsed:01:30 seconds

[2020-03-26 04:43:20 +0000] Status=2, isTerminal=NO, Elapsed=01:37.
Waiting on Data Migration
Reason:Running plugin com.apple.-0LaunchServicesMigrator (00LaunchServicesMigrator.migrator, user-agnostic)
Migration Elapsed:01:31 seconds

[2020-03-26 04:43:21 +0000] Status=2, isTerminal=NO, Elapsed=01:38.
Waiting on Data Migration
Reason:Running plugin com.apple.-0LaunchServicesMigrator (00LaunchServicesMigrator.migrator, user-agnostic)
Migration Elapsed:01:32 seconds

[2020-03-26 04:43:22 +0000] Status=2, isTerminal=NO, Elapsed=01:39.
Waiting on Data Migration
Reason:Running plugin com.apple.-0LaunchServicesMigrator (00LaunchServicesMigrator.migrator, user-agnostic)
Migration Elapsed:01:33 seconds

[2020-03-26 04:43:23 +0000] Status=2, isTerminal=NO, Elapsed=01:40.
Waiting on Data Migration
Reason:Running plugin com.apple.-0LaunchServicesMigrator (00LaunchServicesMigrator.migrator, user-agnostic)
Migration Elapsed:01:34 seconds

[2020-03-26 04:43:24 +0000] Status=2, isTerminal=NO, Elapsed=01:41.
Waiting on Data Migration
[...]
at org.testng.internal.TestMethodWorker.invokeTestMethods(TestMethodWorker.java:146)
at org.testng.internal.TestMethodWorker.run(TestMethodWorker.java:128)
at java.base/java.util.ArrayList.forEach(ArrayList.java:1507)
at org.testng.TestRunner.privateRun(TestRunner.java:766)
at org.testng.TestRunner.run(TestRunner.java:587)
at org.testng.SuiteRunner.runTest(SuiteRunner.java:384)
at org.testng.SuiteRunner.runSequentially(SuiteRunner.java:378)
at org.testng.SuiteRunner.privateRun(SuiteRunner.java:337)
at org.testng.SuiteRunner.run(SuiteRunner.java:286)
at org.testng.SuiteRunnerWorker.runSuite(SuiteRunnerWorker.java:53)
at org.testng.SuiteRunnerWorker.run(SuiteRunnerWorker.java:96)
at org.testng.TestNG.runSuitesSequentially(TestNG.java:1187)
at org.testng.TestNG.runSuitesLocally(TestNG.java:1109)
at org.testng.TestNG.runSuites(TestNG.java:1039)
at org.testng.TestNG.run(TestNG.java:1007)
at org.testng.remote.AbstractRemoteTestNG.run(AbstractRemoteTestNG.java:115)
at org.testng.remote.RemoteTestNG.initAndRun(RemoteTestNG.java:251)
at org.testng.remote.RemoteTestNG.main(RemoteTestNG.java:77)
]]>
            </full-stacktrace>
          </exception> <!-- org.openqa.selenium.NoSuchElementException -->
          <reporter-output>
          </reporter-output>
        </test-method> <!-- User_is_able_to_cancel_a_hotel_booking -->
      </class> <!-- com.adactin.Mobileapphoteladactin1.tests.User_is_able_to_cancel_a_hotel_booking -->
      <class name="com.adactin.Mobileapphoteladactin1.tests.User_is_able_to_view_itinerary">
        <test-method signature="User_is_able_to_view_itinerary()[pri:0, instance:com.adactin.Mobileapphoteladactin1.tests.User_is_able_to_view_itinerary@d771cc9]" started-at="2020-03-26T15:58:01 AEDT" name="User_is_able_to_view_itinerary" finished-at="2020-03-26T16:00:31 AEDT" duration-ms="150759" status="FAIL">
          <exception class="org.openqa.selenium.SessionNotCreatedException">
            <message>
              <![CDATA[Unable to create a new remote session. Please check the server log for more details. Original error: An unknown server-side error occurred while processing the command. Original error: The simulator CD237D53-3866-43F5-8723-636F9A74D5BB has failed to finish booting after 120s. Original status: SIGTERM
Build info: version: '3.141.59', revision: 'e82be7d358', time: '2018-11-14T08:17:03'
System info: host: 'Aswins-Air', ip: 'fe80:0:0:0:18c7:5e5d:1c65:92af%en0', os.name: 'Mac OS X', os.arch: 'x86_64', os.version: '10.15.3', java.version: '13.0.1'
Driver info: driver.version: IOSDriver
remote stacktrace: UnknownError: An unknown server-side error occurred while processing the command. Original error: The simulator CD237D53-3866-43F5-8723-636F9A74D5BB has failed to finish booting after 120s. Original status: SIGTERM
    at getResponseForW3CError (/Applications/Appium.app/Contents/Resources/app/node_modules/appium/node_modules/appium-base-driver/lib/protocol/errors.js:804:9)
    at asyncHandler (/Applications/Appium.app/Contents/Resources/app/node_modules/appium/node_modules/appium-base-driver/lib/protocol/protocol.js:388:37)
    at process._tickCallback (internal/process/next_tick.js:68:7)
Build info: version: '3.141.59', revision: 'e82be7d358', time: '2018-11-14T08:17:03'
System info: host: 'Aswins-Air', ip: 'fe80:0:0:0:18c7:5e5d:1c65:92af%en0', os.name: 'Mac OS X', os.arch: 'x86_64', os.version: '10.15.3', java.version: '13.0.1'
Driver info: driver.version: IOSDriver]]>
            </message>
            <full-stacktrace>
              <![CDATA[org.openqa.selenium.SessionNotCreatedException: Unable to create a new remote session. Please check the server log for more details. Original error: An unknown server-side error occurred while processing the command. Original error: The simulator CD237D53-3866-43F5-8723-636F9A74D5BB has failed to finish booting after 120s. Original status: SIGTERM
Build info: version: '3.141.59', revision: 'e82be7d358', time: '2018-11-14T08:17:03'
System info: host: 'Aswins-Air', ip: 'fe80:0:0:0:18c7:5e5d:1c65:92af%en0', os.name: 'Mac OS X', os.arch: 'x86_64', os.version: '10.15.3', java.version: '13.0.1'
Driver info: driver.version: IOSDriver
remote stacktrace: UnknownError: An unknown server-side error occurred while processing the command. Original error: The simulator CD237D53-3866-43F5-8723-636F9A74D5BB has failed to finish booting after 120s. Original status: SIGTERM
    at getResponseForW3CError (/Applications/Appium.app/Contents/Resources/app/node_modules/appium/node_modules/appium-base-driver/lib/protocol/errors.js:804:9)
    at asyncHandler (/Applications/Appium.app/Contents/Resources/app/node_modules/appium/node_modules/appium-base-driver/lib/protocol/protocol.js:388:37)
    at process._tickCallback (internal/process/next_tick.js:68:7)
Build info: version: '3.141.59', revision: 'e82be7d358', time: '2018-11-14T08:17:03'
System info: host: 'Aswins-Air', ip: 'fe80:0:0:0:18c7:5e5d:1c65:92af%en0', os.name: 'Mac OS X', os.arch: 'x86_64', os.version: '10.15.3', java.version: '13.0.1'
Driver info: driver.version: IOSDriver
at io.appium.java_client.remote.AppiumCommandExecutor$1.createSession(AppiumCommandExecutor.java:208)
at io.appium.java_client.remote.AppiumCommandExecutor.createSession(AppiumCommandExecutor.java:217)
at io.appium.java_client.remote.AppiumCommandExecutor.execute(AppiumCommandExecutor.java:239)
at org.openqa.selenium.remote.RemoteWebDriver.execute(RemoteWebDriver.java:552)
at io.appium.java_client.DefaultGenericMobileDriver.execute(DefaultGenericMobileDriver.java:41)
at io.appium.java_client.AppiumDriver.execute(AppiumDriver.java:1)
at io.appium.java_client.ios.IOSDriver.execute(IOSDriver.java:1)
at org.openqa.selenium.remote.RemoteWebDriver.startSession(RemoteWebDriver.java:213)
at io.appium.java_client.AppiumDriver.startSession(AppiumDriver.java:336)
at org.openqa.selenium.remote.RemoteWebDriver.<init>(RemoteWebDriver.java:131)
at io.appium.java_client.DefaultGenericMobileDriver.<init>(DefaultGenericMobileDriver.java:37)
at io.appium.java_client.AppiumDriver.<init>(AppiumDriver.java:88)
at io.appium.java_client.AppiumDriver.<init>(AppiumDriver.java:98)
at io.appium.java_client.ios.IOSDriver.<init>(IOSDriver.java:90)
at com.adactin.Mobileapphoteladactin1.base.BaseClass.simulator_setup(BaseClass.java:92)
at com.adactin.Mobileapphoteladactin1.base.BaseClass.initApp(BaseClass.java:143)
at com.adactin.Mobileapphoteladactin1.tests.User_is_able_to_view_itinerary.User_is_able_to_view_itinerary(User_is_able_to_view_itinerary.java:35)
at java.base/jdk.internal.reflect.NativeMethodAccessorImpl.invoke0(Native Method)
at java.base/jdk.internal.reflect.NativeMethodAccessorImpl.invoke(NativeMethodAccessorImpl.java:62)
at java.base/jdk.internal.reflect.DelegatingMethodAccessorImpl.invoke(DelegatingMethodAccessorImpl.java:43)
at java.base/java.lang.reflect.Method.invoke(Method.java:567)
at org.testng.internal.MethodInvocationHelper.invokeMethod(MethodInvocationHelper.java:134)
at org.testng.internal.TestInvoker.invokeMethod(TestInvoker.java:597)
at org.testng.internal.TestInvoker.invokeTestMethod(TestInvoker.java:173)
at org.testng.internal.MethodRunner.runInSequence(MethodRunner.java:46)
at org.testng.internal.TestInvoker$MethodInvocationAgent.invoke(TestInvoker.java:816)
at org.testng.internal.TestInvoker.invokeTestMethods(TestInvoker.java:146)
at org.testng.internal.TestMethodWorker.invokeTestMethods(TestMethodWorker.java:146)
at org.testng.internal.TestMethodWorker.run(TestMethodWorker.java:128)
at java.base/java.util.ArrayList.forEach(ArrayList.java:1507)
at org.testng.TestRunner.privateRun(TestRunner.java:766)
at org.testng.TestRunner.run(TestRunner.java:587)
at org.testng.SuiteRunner.runTest(SuiteRunner.java:384)
at org.testng.SuiteRunner.runSequentially(SuiteRunner.java:378)
at org.testng.SuiteRunner.privateRun(SuiteRunner.java:337)
at org.testng.SuiteRunner.run(SuiteRunner.java:286)
at org.testng.SuiteRunnerWorker.runSuite(SuiteRunnerWorker.java:53)
at org.testng.SuiteRunnerWorker.run(SuiteRunnerWorker.java:96)
at org.testng.TestNG.runSuitesSequentially(TestNG.java:1187)
at org.testng.TestNG.runSuitesLocally(TestNG.java:1109)
at org.testng.TestNG.runSuites(TestNG.java:1039)
at org.testng.TestNG.run(TestNG.java:1007)
at org.testng.remote.AbstractRemoteTestNG.run(AbstractRemoteTestNG.java:115)
at org.testng.remote.RemoteTestNG.initAndRun(RemoteTestNG.java:251)
at org.testng.remote.RemoteTestNG.main(RemoteTestNG.java:77)
Caused by: java.lang.reflect.InvocationTargetException
at java.base/jdk.internal.reflect.NativeMethodAccessorImpl.invoke0(Native Method)
at java.base/jdk.internal.reflect.NativeMethodAccessorImpl.invoke(NativeMethodAccessorImpl.java:62)
at java.base/jdk.internal.reflect.DelegatingMethodAccessorImpl.invoke(DelegatingMethodAccessorImpl.java:43)
at java.base/java.lang.reflect.Method.invoke(Method.java:567)
at io.appium.java_client.remote.AppiumCommandExecutor$1.createSession(AppiumCommandExecutor.java:186)
... 44 more
Caused by: org.openqa.selenium.WebDriverException: An unknown server-side error occurred while processing the command. Original error: The simulator CD237D53-3866-43F5-8723-636F9A74D5BB has failed to finish booting after 120s. Original status: SIGTERM
Build info: version: '3.141.59', revision: 'e82be7d358', time: '2018-11-14T08:17:03'
System info: host: 'Aswins-Air', ip: 'fe80:0:0:0:18c7:5e5d:1c65:92af%en0', os.name: 'Mac OS X', os.arch: 'x86_64', os.version: '10.15.3', java.version: '13.0.1'
Driver info: driver.version: IOSDriver
remote stacktrace: UnknownError: An unknown server-side error occurred while processing the command. Original error: The simulator CD237D53-3866-43F5-8723-636F9A74D5BB has failed to finish booting after 120s. Original status: SIGTERM
    at getResponseForW3CError (/Applications/Appium.app/Contents/Resources/app/node_modules/appium/node_modules/appium-base-driver/lib/protocol/errors.js:804:9)
    at asyncHandler (/Applications/Appium.app/Contents/Resources/app/node_modules/appium/node_modules/appium-base-driver/lib/protocol/protocol.js:388:37)
    at process._tickCallback (internal/process/next_tick.js:68:7)
at java.base/jdk.internal.reflect.NativeConstructorAccessorImpl.newInstance0(Native Method)
at java.base/jdk.internal.reflect.NativeConstructorAccessorImpl.newInstance(NativeConstructorAccessorImpl.java:62)
at java.base/jdk.internal.reflect.DelegatingConstructorAccessorImpl.newInstance(DelegatingConstructorAccessorImpl.java:45)
at java.base/java.lang.reflect.Constructor.newInstanceWithCaller(Constructor.java:500)
at java.base/java.lang.reflect.Constructor.newInstance(Constructor.java:481)
at org.openqa.selenium.remote.W3CHandshakeResponse.lambda$errorHandler$0(W3CHandshakeResponse.java:62)
at org.openqa.selenium.remote.HandshakeResponse.lambda$getResponseFunction$0(HandshakeResponse.java:30)
at org.openqa.selenium.remote.ProtocolHandshake.lambda$createSession$0(ProtocolHandshake.java:126)
at java.base/java.util.stream.ReferencePipeline$3$1.accept(ReferencePipeline.java:195)
at java.base/java.util.Spliterators$ArraySpliterator.tryAdvance(Spliterators.java:958)
at java.base/java.util.stream.ReferencePipeline.forEachWithCancel(ReferencePipeline.java:127)
at java.base/java.util.stream.AbstractPipeline.copyIntoWithCancel(AbstractPipeline.java:502)
at java.base/java.util.stream.AbstractPipeline.copyInto(AbstractPipeline.java:488)
at java.base/java.util.stream.AbstractPipeline.wrapAndCopyInto(AbstractPipeline.java:474)
at java.base/java.util.stream.FindOps$FindOp.evaluateSequential(FindOps.java:150)
at java.base/java.util.stream.AbstractPipeline.evaluate(AbstractPipeline.java:234)
at java.base/java.util.stream.ReferencePipeline.findFirst(ReferencePipeline.java:543)
at org.openqa.selenium.remote.ProtocolHandshake.createSession(ProtocolHandshake.java:128)
... 49 more
]]>
            </full-stacktrace>
          </exception> <!-- org.openqa.selenium.SessionNotCreatedException -->
          <reporter-output>
          </reporter-output>
        </test-method> <!-- User_is_able_to_view_itinerary -->
      </class> <!-- com.adactin.Mobileapphoteladactin1.tests.User_is_able_to_view_itinerary -->
      <class name="com.adactin.Mobileapphoteladactin1.tests.User_is_able_to_Search_Hotel_with_Location">
        <test-method signature="User_is_able_to_Search_Hotel_with_Location()[pri:0, instance:com.adactin.Mobileapphoteladactin1.tests.User_is_able_to_Search_Hotel_with_Location@5ef5c734]" started-at="2020-03-26T15:51:28 AEDT" name="User_is_able_to_Search_Hotel_with_Location" finished-at="2020-03-26T15:58:01 AEDT" duration-ms="392668" status="FAIL">
          <exception class="org.openqa.selenium.NoSuchElementException">
            <message>
              <![CDATA[An element could not be located on the page using the given search parameters.
For documentation on this error, please visit: https://www.seleniumhq.org/exceptions/no_such_element.html
Build info: version: '3.141.59', revision: 'e82be7d358', time: '2018-11-14T08:17:03'
System info: host: 'Aswins-Air', ip: 'fe80:0:0:0:18c7:5e5d:1c65:92af%en0', os.name: 'Mac OS X', os.arch: 'x86_64', os.version: '10.15.3', java.version: '13.0.1'
Driver info: io.appium.java_client.ios.IOSDriver
Capabilities {app: /Users/aswinvijayan/Documen..., automationName: XCUITest, browserName: , connectHardwareKeyboard: true, databaseEnabled: false, deviceName: iPhone SE, javascriptEnabled: true, locationContextEnabled: false, networkConnectionEnabled: false, platform: MAC, platformName: iOS, platformVersion: 13.3, simpleIsVisibleCheck: true, takesScreenshot: true, udid: 806B0FDC-EB90-4D7C-B60D-3E3..., webStorageEnabled: false}
Session ID: f213d3dd-9325-490e-bfd5-ecd2c183f826
*** Element info: {Using=xpath, value=(//XCUIElementTypeOther[@name="hotel_list_item"])[1]}]]>
            </message>
            <full-stacktrace>
              <![CDATA[org.openqa.selenium.NoSuchElementException: An element could not be located on the page using the given search parameters.
For documentation on this error, please visit: https://www.seleniumhq.org/exceptions/no_such_element.html
Build info: version: '3.141.59', revision: 'e82be7d358', time: '2018-11-14T08:17:03'
System info: host: 'Aswins-Air', ip: 'fe80:0:0:0:18c7:5e5d:1c65:92af%en0', os.name: 'Mac OS X', os.arch: 'x86_64', os.version: '10.15.3', java.version: '13.0.1'
Driver info: io.appium.java_client.ios.IOSDriver
Capabilities {app: /Users/aswinvijayan/Documen..., automationName: XCUITest, browserName: , connectHardwareKeyboard: true, databaseEnabled: false, deviceName: iPhone SE, javascriptEnabled: true, locationContextEnabled: false, networkConnectionEnabled: false, platform: MAC, platformName: iOS, platformVersion: 13.3, simpleIsVisibleCheck: true, takesScreenshot: true, udid: 806B0FDC-EB90-4D7C-B60D-3E3..., webStorageEnabled: false}
Session ID: f213d3dd-9325-490e-bfd5-ecd2c183f826
*** Element info: {Using=xpath, value=(//XCUIElementTypeOther[@name="hotel_list_item"])[1]}
at java.base/jdk.internal.reflect.NativeConstructorAccessorImpl.newInstance0(Native Method)
at java.base/jdk.internal.reflect.NativeConstructorAccessorImpl.newInstance(NativeConstructorAccessorImpl.java:62)
at java.base/jdk.internal.reflect.DelegatingConstructorAccessorImpl.newInstance(DelegatingConstructorAccessorImpl.java:45)
at java.base/java.lang.reflect.Constructor.newInstanceWithCaller(Constructor.java:500)
at java.base/java.lang.reflect.Constructor.newInstance(Constructor.java:481)
at org.openqa.selenium.remote.http.W3CHttpResponseCodec.createException(W3CHttpResponseCodec.java:187)
at org.openqa.selenium.remote.http.W3CHttpResponseCodec.decode(W3CHttpResponseCodec.java:122)
at org.openqa.selenium.remote.http.W3CHttpResponseCodec.decode(W3CHttpResponseCodec.java:49)
at org.openqa.selenium.remote.HttpCommandExecutor.execute(HttpCommandExecutor.java:158)
at io.appium.java_client.remote.AppiumCommandExecutor.execute(AppiumCommandExecutor.java:239)
at org.openqa.selenium.remote.RemoteWebDriver.execute(RemoteWebDriver.java:552)
at io.appium.java_client.DefaultGenericMobileDriver.execute(DefaultGenericMobileDriver.java:41)
at io.appium.java_client.AppiumDriver.execute(AppiumDriver.java:1)
at io.appium.java_client.ios.IOSDriver.execute(IOSDriver.java:1)
at org.openqa.selenium.remote.RemoteWebDriver.findElement(RemoteWebDriver.java:323)
at io.appium.java_client.DefaultGenericMobileDriver.findElement(DefaultGenericMobileDriver.java:61)
at io.appium.java_client.AppiumDriver.findElement(AppiumDriver.java:1)
at io.appium.java_client.ios.IOSDriver.findElement(IOSDriver.java:1)
at org.openqa.selenium.remote.RemoteWebDriver.findElementByXPath(RemoteWebDriver.java:428)
at io.appium.java_client.DefaultGenericMobileDriver.findElementByXPath(DefaultGenericMobileDriver.java:151)
at io.appium.java_client.AppiumDriver.findElementByXPath(AppiumDriver.java:1)
at io.appium.java_client.ios.IOSDriver.findElementByXPath(IOSDriver.java:1)
at org.openqa.selenium.By$ByXPath.findElement(By.java:353)
at org.openqa.selenium.remote.RemoteWebDriver.findElement(RemoteWebDriver.java:315)
at io.appium.java_client.DefaultGenericMobileDriver.findElement(DefaultGenericMobileDriver.java:57)
at io.appium.java_client.AppiumDriver.findElement(AppiumDriver.java:1)
at io.appium.java_client.ios.IOSDriver.findElement(IOSDriver.java:1)
at com.adactin.Mobileapphoteladactin1.pages.Select_Hotel.select_hotel(Select_Hotel.java:39)
at com.adactin.Mobileapphoteladactin1.tests.User_is_able_to_Search_Hotel_with_Location.User_is_able_to_Search_Hotel_with_Location(User_is_able_to_Search_Hotel_with_Location.java:46)
at java.base/jdk.internal.reflect.NativeMethodAccessorImpl.invoke0(Native Method)
at java.base/jdk.internal.reflect.NativeMethodAccessorImpl.invoke(NativeMethodAccessorImpl.java:62)
at java.base/jdk.internal.reflect.DelegatingMethodAccessorImpl.invoke(DelegatingMethodAccessorImpl.java:43)
at java.base/java.lang.reflect.Method.invoke(Method.java:567)
at org.testng.internal.MethodInvocationHelper.invokeMethod(MethodInvocationHelper.java:134)
at org.testng.internal.TestInvoker.invokeMethod(TestInvoker.java:597)
at org.testng.internal.TestInvoker.invokeTestMethod(TestInvoker.java:173)
at org.testng.internal.MethodRunner.runInSequence(MethodRunner.java:46)
at org.testng.internal.TestInvoker$MethodInvocationAgent.invoke(TestInvoker.java:816)
at org.testng.internal.TestInvoker.invokeTestMethods(TestInvoker.java:146)
at org.testng.internal.TestMethodWorker.invokeTestMethods(TestMethodWorker.java:146)
at org.testng.internal.TestMethodWorker.run(TestMethodWorker.java:128)
at java.base/java.util.ArrayList.forEach(ArrayList.java:1507)
at org.testng.TestRunner.privateRun(TestRunner.java:766)
at org.testng.TestRunner.run(TestRunner.java:587)
at org.testng.SuiteRunner.runTest(SuiteRunner.java:384)
at org.testng.SuiteRunner.runSequentially(SuiteRunner.java:378)
at org.testng.SuiteRunner.privateRun(SuiteRunner.java:337)
at org.testng.SuiteRunner.run(SuiteRunner.java:286)
at org.testng.SuiteRunnerWorker.runSuite(SuiteRunnerWorker.java:53)
at org.testng.SuiteRunnerWorker.run(SuiteRunnerWorker.java:96)
at org.testng.TestNG.runSuitesSequentially(TestNG.java:1187)
at org.testng.TestNG.runSuitesLocally(TestNG.java:1109)
at org.testng.TestNG.runSuites(TestNG.java:1039)
at org.testng.TestNG.run(TestNG.java:1007)
at org.testng.remote.AbstractRemoteTestNG.run(AbstractRemoteTestNG.java:115)
at org.testng.remote.RemoteTestNG.initAndRun(RemoteTestNG.java:251)
at org.testng.remote.RemoteTestNG.main(RemoteTestNG.java:77)
]]>
            </full-stacktrace>
          </exception> <!-- org.openqa.selenium.NoSuchElementException -->
          <reporter-output>
          </reporter-output>
        </test-method> <!-- User_is_able_to_Search_Hotel_with_Location -->
      </class> <!-- com.adactin.Mobileapphoteladactin1.tests.User_is_able_to_Search_Hotel_with_Location -->
    </test> <!-- DeviceTesting -->
  </suite> <!-- HotelAdactinMobileAppAutomationSuite -->
</testng-results>
