<?xml version="1.0" encoding="UTF-8"?>
<testng-results skipped="0" failed="0" ignored="0" total="1" passed="1">
  <reporter-output>
  </reporter-output>
  <suite name="Default suite" duration-ms="74171" started-at="2020-06-25T15:12:39 AEST" finished-at="2020-06-25T15:13:53 AEST">
    <groups>
      <group name="functionalTest">
        <method signature="User_is_able_to_book_a_hotel.User_is_able_to_book_a_hotel()[pri:0, instance:com.adactin.Mobileapphoteladactin1.tests.User_is_able_to_book_a_hotel@5ace1ed4]" name="User_is_able_to_book_a_hotel" class="com.adactin.Mobileapphoteladactin1.tests.User_is_able_to_book_a_hotel"/>
      </group> <!-- functionalTest -->
    </groups>
    <test name="Default test" duration-ms="74171" started-at="2020-06-25T15:12:39 AEST" finished-at="2020-06-25T15:13:53 AEST">
      <class name="com.adactin.Mobileapphoteladactin1.tests.User_is_able_to_book_a_hotel">
        <test-method status="PASS" signature="User_is_able_to_book_a_hotel()[pri:0, instance:com.adactin.Mobileapphoteladactin1.tests.User_is_able_to_book_a_hotel@5ace1ed4]" name="User_is_able_to_book_a_hotel" duration-ms="73634" started-at="2020-06-25T15:12:39 AEST" finished-at="2020-06-25T15:13:53 AEST">
          <reporter-output>
          </reporter-output>
        </test-method> <!-- User_is_able_to_book_a_hotel -->
        <test-method status="PASS" signature="closeSession()[pri:0, instance:com.adactin.Mobileapphoteladactin1.tests.User_is_able_to_book_a_hotel@5ace1ed4]" name="closeSession" is-config="true" duration-ms="456" started-at="2020-06-25T15:13:53 AEST" finished-at="2020-06-25T15:13:53 AEST">
          <reporter-output>
          </reporter-output>
        </test-method> <!-- closeSession -->
      </class> <!-- com.adactin.Mobileapphoteladactin1.tests.User_is_able_to_book_a_hotel -->
    </test> <!-- Default test -->
  </suite> <!-- Default suite -->
</testng-results>
