<?xml version="1.0" encoding="UTF-8"?>
<testng-results skipped="0" failed="0" ignored="0" total="1" passed="1">
  <reporter-output>
  </reporter-output>
  <suite name="Default suite" duration-ms="39832" started-at="2020-07-09T16:55:29 AEST" finished-at="2020-07-09T16:56:08 AEST">
    <groups>
    </groups>
    <test name="Default test" duration-ms="39832" started-at="2020-07-09T16:55:29 AEST" finished-at="2020-07-09T16:56:08 AEST">
      <class name="com.adactin.Mobileapphoteladactin1.tests.SearchHotel_AllFields">
        <test-method status="PASS" signature="MAHA_TC03_TC_SearchHotel_AllFieldsTest()[pri:0, instance:com.adactin.Mobileapphoteladactin1.tests.SearchHotel_AllFields@1af2d44a]" name="MAHA_TC03_TC_SearchHotel_AllFieldsTest" duration-ms="39280" started-at="2020-07-09T16:55:29 AEST" finished-at="2020-07-09T16:56:08 AEST">
          <reporter-output>
          </reporter-output>
        </test-method> <!-- MAHA_TC03_TC_SearchHotel_AllFieldsTest -->
        <test-method status="PASS" signature="closeApp()[pri:0, instance:com.adactin.Mobileapphoteladactin1.tests.SearchHotel_AllFields@1af2d44a]" name="closeApp" is-config="true" duration-ms="491" started-at="2020-07-09T16:56:08 AEST" finished-at="2020-07-09T16:56:08 AEST">
          <reporter-output>
          </reporter-output>
        </test-method> <!-- closeApp -->
      </class> <!-- com.adactin.Mobileapphoteladactin1.tests.SearchHotel_AllFields -->
    </test> <!-- Default test -->
  </suite> <!-- Default suite -->
</testng-results>
