<?xml version="1.0" encoding="UTF-8"?>
<testng-results skipped="0" failed="0" ignored="0" total="1" passed="1">
  <reporter-output>
  </reporter-output>
  <suite name="Default suite" duration-ms="44030" started-at="2020-07-24T11:52:46 AEST" finished-at="2020-07-24T11:53:30 AEST">
    <groups>
      <group name="functionalTest">
        <method signature="BookHotel_BlankFields.User_is_able_to_view_error_Book_No_Input()[pri:0, instance:com.adactin.Mobileapphoteladactin1.tests.BookHotel_BlankFields@446293d]" name="User_is_able_to_view_error_Book_No_Input" class="com.adactin.Mobileapphoteladactin1.tests.BookHotel_BlankFields"/>
      </group> <!-- functionalTest -->
    </groups>
    <test name="Default test" duration-ms="44030" started-at="2020-07-24T11:52:46 AEST" finished-at="2020-07-24T11:53:30 AEST">
      <class name="com.adactin.Mobileapphoteladactin1.tests.BookHotel_BlankFields">
        <test-method status="PASS" signature="User_is_able_to_view_error_Book_No_Input()[pri:0, instance:com.adactin.Mobileapphoteladactin1.tests.BookHotel_BlankFields@446293d]" name="User_is_able_to_view_error_Book_No_Input" duration-ms="43492" started-at="2020-07-24T11:52:46 AEST" finished-at="2020-07-24T11:53:29 AEST">
          <reporter-output>
          </reporter-output>
        </test-method> <!-- User_is_able_to_view_error_Book_No_Input -->
        <test-method status="PASS" signature="closeSession()[pri:0, instance:com.adactin.Mobileapphoteladactin1.tests.BookHotel_BlankFields@446293d]" name="closeSession" is-config="true" duration-ms="445" started-at="2020-07-24T11:53:29 AEST" finished-at="2020-07-24T11:53:30 AEST">
          <reporter-output>
          </reporter-output>
        </test-method> <!-- closeSession -->
        <test-method status="PASS" signature="closeApp()[pri:0, instance:com.adactin.Mobileapphoteladactin1.tests.BookHotel_BlankFields@446293d]" name="closeApp" is-config="true" duration-ms="1" started-at="2020-07-24T11:53:30 AEST" depends-on-methods="com.adactin.Mobileapphoteladactin1.tests.BookHotel_BlankFields.closeSession" finished-at="2020-07-24T11:53:30 AEST">
          <reporter-output>
          </reporter-output>
        </test-method> <!-- closeApp -->
      </class> <!-- com.adactin.Mobileapphoteladactin1.tests.BookHotel_BlankFields -->
    </test> <!-- Default test -->
  </suite> <!-- Default suite -->
</testng-results>
