<?xml version="1.0" encoding="UTF-8"?>
<testng-results skipped="0" failed="0" ignored="0" total="1" passed="1">
  <reporter-output>
  </reporter-output>
  <suite name="Default suite" duration-ms="45510" started-at="2020-07-14T13:31:26 AEST" finished-at="2020-07-14T13:32:11 AEST">
    <groups>
    </groups>
    <test name="Default test" duration-ms="45510" started-at="2020-07-14T13:31:26 AEST" finished-at="2020-07-14T13:32:11 AEST">
      <class name="com.adactin.Mobileapphoteladactin1.tests.SelectHotelVerification">
        <test-method status="PASS" signature="User_is_able_to_select_hotel()[pri:0, instance:com.adactin.Mobileapphoteladactin1.tests.SelectHotelVerification@1af2d44a]" name="User_is_able_to_select_hotel" duration-ms="44964" started-at="2020-07-14T13:31:26 AEST" finished-at="2020-07-14T13:32:11 AEST">
          <reporter-output>
          </reporter-output>
        </test-method> <!-- User_is_able_to_select_hotel -->
        <test-method status="PASS" signature="closeApp()[pri:0, instance:com.adactin.Mobileapphoteladactin1.tests.SelectHotelVerification@1af2d44a]" name="closeApp" is-config="true" duration-ms="485" started-at="2020-07-14T13:32:11 AEST" finished-at="2020-07-14T13:32:11 AEST">
          <reporter-output>
          </reporter-output>
        </test-method> <!-- closeApp -->
      </class> <!-- com.adactin.Mobileapphoteladactin1.tests.SelectHotelVerification -->
    </test> <!-- Default test -->
  </suite> <!-- Default suite -->
</testng-results>
