<?xml version="1.0" encoding="UTF-8"?>
<testng-results ignored="0" total="1" passed="1" failed="0" skipped="0">
  <reporter-output>
  </reporter-output>
  <suite started-at="2020-03-12T15:28:05 AEDT" name="Default suite" finished-at="2020-03-12T15:31:16 AEDT" duration-ms="190294">
    <groups>
    </groups>
    <test started-at="2020-03-12T15:28:05 AEDT" name="Default test" finished-at="2020-03-12T15:31:16 AEDT" duration-ms="190294">
      <class name="com.adactin.Mobileapphoteladactin1.pages.LoginPage">
        <test-method is-config="true" signature="initialising()[pri:0, instance:com.adactin.Mobileapphoteladactin1.pages.LoginPage@4e91d63f]" started-at="2020-03-12T15:28:05 AEDT" name="initialising" finished-at="2020-03-12T15:31:08 AEDT" duration-ms="182512" status="PASS">
          <reporter-output>
          </reporter-output>
        </test-method> <!-- initialising -->
        <test-method signature="Logging_in()[pri:0, instance:com.adactin.Mobileapphoteladactin1.pages.LoginPage@4e91d63f]" started-at="2020-03-12T15:31:08 AEDT" name="Logging_in" finished-at="2020-03-12T15:31:16 AEDT" duration-ms="7629" status="PASS">
          <reporter-output>
          </reporter-output>
        </test-method> <!-- Logging_in -->
      </class> <!-- com.adactin.Mobileapphoteladactin1.pages.LoginPage -->
    </test> <!-- Default test -->
  </suite> <!-- Default suite -->
</testng-results>
