<?xml version="1.0" encoding="UTF-8"?>
<testng-results ignored="0" total="1" passed="0" failed="1" skipped="0">
  <reporter-output>
  </reporter-output>
  <suite started-at="2020-03-25T16:13:23 AEDT" name="Default suite" finished-at="2020-03-25T16:17:51 AEDT" duration-ms="268435">
    <groups>
    </groups>
    <test started-at="2020-03-25T16:13:23 AEDT" name="Default test" finished-at="2020-03-25T16:17:51 AEDT" duration-ms="268435">
      <class name="com.adactin.Mobileapphoteladactin1.tests.User_is_able_to_reset_the_search_criteria">
        <test-method signature="User_is_able_to_reset_the_search_criteria()[pri:0, instance:com.adactin.Mobileapphoteladactin1.tests.User_is_able_to_reset_the_search_criteria@20435c40]" started-at="2020-03-25T16:13:23 AEDT" name="User_is_able_to_reset_the_search_criteria" finished-at="2020-03-25T16:17:51 AEDT" duration-ms="268333" status="FAIL">
          <exception class="org.openqa.selenium.UnsupportedCommandException">
            <message>
              <![CDATA[Unhandled endpoint: /session/B2D18C17-CC9F-4F59-A5C8-D726F837DD72/element/05030000-0000-0000-2912-000000000000/selected -- http://localhost:8100/ with parameters {
    wildcards =     (
        "session/B2D18C17-CC9F-4F59-A5C8-D726F837DD72/element/05030000-0000-0000-2912-000000000000/selected"
    );
}
Build info: version: '3.141.59', revision: 'e82be7d358', time: '2018-11-14T08:17:03'
System info: host: 'Aswins-Air', ip: 'fe80:0:0:0:433:363c:acbb:279b%en0', os.name: 'Mac OS X', os.arch: 'x86_64', os.version: '10.15.3', java.version: '13.0.1'
Driver info: io.appium.java_client.ios.IOSDriver
Capabilities {app: /Users/aswinvijayan/Documen..., automationName: XCUITest, browserName: , connectHardwareKeyboard: true, databaseEnabled: false, deviceName: iPhone SE, javascriptEnabled: true, locationContextEnabled: false, networkConnectionEnabled: false, platform: MAC, platformName: iOS, platformVersion: 13.3, simpleIsVisibleCheck: true, takesScreenshot: true, udid: 144C9801-8851-435B-9230-5D8..., webStorageEnabled: false}
Session ID: c71ae3ee-51bf-4f60-a2db-4f6f854801e4]]>
            </message>
            <full-stacktrace>
              <![CDATA[org.openqa.selenium.UnsupportedCommandException: Unhandled endpoint: /session/B2D18C17-CC9F-4F59-A5C8-D726F837DD72/element/05030000-0000-0000-2912-000000000000/selected -- http://localhost:8100/ with parameters {
    wildcards =     (
        "session/B2D18C17-CC9F-4F59-A5C8-D726F837DD72/element/05030000-0000-0000-2912-000000000000/selected"
    );
}
Build info: version: '3.141.59', revision: 'e82be7d358', time: '2018-11-14T08:17:03'
System info: host: 'Aswins-Air', ip: 'fe80:0:0:0:433:363c:acbb:279b%en0', os.name: 'Mac OS X', os.arch: 'x86_64', os.version: '10.15.3', java.version: '13.0.1'
Driver info: io.appium.java_client.ios.IOSDriver
Capabilities {app: /Users/aswinvijayan/Documen..., automationName: XCUITest, browserName: , connectHardwareKeyboard: true, databaseEnabled: false, deviceName: iPhone SE, javascriptEnabled: true, locationContextEnabled: false, networkConnectionEnabled: false, platform: MAC, platformName: iOS, platformVersion: 13.3, simpleIsVisibleCheck: true, takesScreenshot: true, udid: 144C9801-8851-435B-9230-5D8..., webStorageEnabled: false}
Session ID: c71ae3ee-51bf-4f60-a2db-4f6f854801e4
at java.base/jdk.internal.reflect.NativeConstructorAccessorImpl.newInstance0(Native Method)
at java.base/jdk.internal.reflect.NativeConstructorAccessorImpl.newInstance(NativeConstructorAccessorImpl.java:62)
at java.base/jdk.internal.reflect.DelegatingConstructorAccessorImpl.newInstance(DelegatingConstructorAccessorImpl.java:45)
at java.base/java.lang.reflect.Constructor.newInstanceWithCaller(Constructor.java:500)
at java.base/java.lang.reflect.Constructor.newInstance(Constructor.java:481)
at org.openqa.selenium.remote.http.W3CHttpResponseCodec.createException(W3CHttpResponseCodec.java:187)
at org.openqa.selenium.remote.http.W3CHttpResponseCodec.decode(W3CHttpResponseCodec.java:122)
at org.openqa.selenium.remote.http.W3CHttpResponseCodec.decode(W3CHttpResponseCodec.java:49)
at org.openqa.selenium.remote.HttpCommandExecutor.execute(HttpCommandExecutor.java:158)
at io.appium.java_client.remote.AppiumCommandExecutor.execute(AppiumCommandExecutor.java:239)
at org.openqa.selenium.remote.RemoteWebDriver.execute(RemoteWebDriver.java:552)
at io.appium.java_client.DefaultGenericMobileDriver.execute(DefaultGenericMobileDriver.java:41)
at io.appium.java_client.AppiumDriver.execute(AppiumDriver.java:1)
at io.appium.java_client.ios.IOSDriver.execute(IOSDriver.java:1)
at org.openqa.selenium.remote.RemoteWebElement.execute(RemoteWebElement.java:285)
at io.appium.java_client.DefaultGenericMobileElement.execute(DefaultGenericMobileElement.java:45)
at io.appium.java_client.MobileElement.execute(MobileElement.java:1)
at io.appium.java_client.ios.IOSElement.execute(IOSElement.java:1)
at org.openqa.selenium.remote.RemoteWebElement.isSelected(RemoteWebElement.java:146)
at com.adactin.Mobileapphoteladactin1.pages.Home.doReset(Home.java:173)
at com.adactin.Mobileapphoteladactin1.tests.User_is_able_to_reset_the_search_criteria.User_is_able_to_reset_the_search_criteria(User_is_able_to_reset_the_search_criteria.java:30)
at java.base/jdk.internal.reflect.NativeMethodAccessorImpl.invoke0(Native Method)
at java.base/jdk.internal.reflect.NativeMethodAccessorImpl.invoke(NativeMethodAccessorImpl.java:62)
at java.base/jdk.internal.reflect.DelegatingMethodAccessorImpl.invoke(DelegatingMethodAccessorImpl.java:43)
at java.base/java.lang.reflect.Method.invoke(Method.java:567)
at org.testng.internal.MethodInvocationHelper.invokeMethod(MethodInvocationHelper.java:134)
at org.testng.internal.TestInvoker.invokeMethod(TestInvoker.java:597)
at org.testng.internal.TestInvoker.invokeTestMethod(TestInvoker.java:173)
at org.testng.internal.MethodRunner.runInSequence(MethodRunner.java:46)
at org.testng.internal.TestInvoker$MethodInvocationAgent.invoke(TestInvoker.java:816)
at org.testng.internal.TestInvoker.invokeTestMethods(TestInvoker.java:146)
at org.testng.internal.TestMethodWorker.invokeTestMethods(TestMethodWorker.java:146)
at org.testng.internal.TestMethodWorker.run(TestMethodWorker.java:128)
at java.base/java.util.ArrayList.forEach(ArrayList.java:1507)
at org.testng.TestRunner.privateRun(TestRunner.java:766)
at org.testng.TestRunner.run(TestRunner.java:587)
at org.testng.SuiteRunner.runTest(SuiteRunner.java:384)
at org.testng.SuiteRunner.runSequentially(SuiteRunner.java:378)
at org.testng.SuiteRunner.privateRun(SuiteRunner.java:337)
at org.testng.SuiteRunner.run(SuiteRunner.java:286)
at org.testng.SuiteRunnerWorker.runSuite(SuiteRunnerWorker.java:53)
at org.testng.SuiteRunnerWorker.run(SuiteRunnerWorker.java:96)
at org.testng.TestNG.runSuitesSequentially(TestNG.java:1187)
at org.testng.TestNG.runSuitesLocally(TestNG.java:1109)
at org.testng.TestNG.runSuites(TestNG.java:1039)
at org.testng.TestNG.run(TestNG.java:1007)
at org.testng.remote.AbstractRemoteTestNG.run(AbstractRemoteTestNG.java:115)
at org.testng.remote.RemoteTestNG.initAndRun(RemoteTestNG.java:251)
at org.testng.remote.RemoteTestNG.main(RemoteTestNG.java:77)
]]>
            </full-stacktrace>
          </exception> <!-- org.openqa.selenium.UnsupportedCommandException -->
          <reporter-output>
          </reporter-output>
        </test-method> <!-- User_is_able_to_reset_the_search_criteria -->
      </class> <!-- com.adactin.Mobileapphoteladactin1.tests.User_is_able_to_reset_the_search_criteria -->
    </test> <!-- Default test -->
  </suite> <!-- Default suite -->
</testng-results>
