<?xml version="1.0" encoding="UTF-8"?>
<testng-results ignored="0" total="1" passed="1" failed="0" skipped="0">
  <reporter-output>
  </reporter-output>
  <suite started-at="2020-03-24T17:04:42 AEDT" name="Default suite" finished-at="2020-03-24T17:10:39 AEDT" duration-ms="357269">
    <groups>
    </groups>
    <test started-at="2020-03-24T17:04:42 AEDT" name="Default test" finished-at="2020-03-24T17:10:39 AEDT" duration-ms="357269">
      <class name="com.adactin.Mobileapphoteladactin1.tests.User_is_able_to_search_hotel_with_location_and_hotelname">
        <test-method signature="User_is_able_to_search_hotel_with_location_and_hotelname()[pri:0, instance:com.adactin.Mobileapphoteladactin1.tests.User_is_able_to_search_hotel_with_location_and_hotelname@225129c]" started-at="2020-03-24T17:04:42 AEDT" name="User_is_able_to_search_hotel_with_location_and_hotelname" finished-at="2020-03-24T17:10:39 AEDT" duration-ms="357221" status="PASS">
          <reporter-output>
          </reporter-output>
        </test-method> <!-- User_is_able_to_search_hotel_with_location_and_hotelname -->
      </class> <!-- com.adactin.Mobileapphoteladactin1.tests.User_is_able_to_search_hotel_with_location_and_hotelname -->
    </test> <!-- Default test -->
  </suite> <!-- Default suite -->
</testng-results>
