<?xml version="1.0" encoding="UTF-8"?>
<testng-results skipped="0" failed="0" ignored="0" total="1" passed="1">
  <reporter-output>
  </reporter-output>
  <suite name="Default suite" duration-ms="26432" started-at="2020-07-28T17:04:52 AEST" finished-at="2020-07-28T17:05:19 AEST">
    <groups>
      <group name="functionalTest">
        <method signature="ViewBookedHotelDetails.User_is_able_to_view_itinerary()[pri:0, instance:com.adactin.Mobileapphoteladactin1.tests.ViewBookedHotelDetails@2dde1bff]" name="User_is_able_to_view_itinerary" class="com.adactin.Mobileapphoteladactin1.tests.ViewBookedHotelDetails"/>
      </group> <!-- functionalTest -->
    </groups>
    <test name="Default test" duration-ms="26432" started-at="2020-07-28T17:04:52 AEST" finished-at="2020-07-28T17:05:19 AEST">
      <class name="com.adactin.Mobileapphoteladactin1.tests.ViewBookedHotelDetails">
        <test-method status="PASS" signature="User_is_able_to_view_itinerary()[pri:0, instance:com.adactin.Mobileapphoteladactin1.tests.ViewBookedHotelDetails@2dde1bff]" name="User_is_able_to_view_itinerary" duration-ms="25922" started-at="2020-07-28T17:04:53 AEST" finished-at="2020-07-28T17:05:18 AEST">
          <reporter-output>
          </reporter-output>
        </test-method> <!-- User_is_able_to_view_itinerary -->
        <test-method status="PASS" signature="closeApp()[pri:0, instance:com.adactin.Mobileapphoteladactin1.tests.ViewBookedHotelDetails@2dde1bff]" name="closeApp" is-config="true" duration-ms="443" started-at="2020-07-28T17:05:18 AEST" finished-at="2020-07-28T17:05:19 AEST">
          <reporter-output>
          </reporter-output>
        </test-method> <!-- closeApp -->
      </class> <!-- com.adactin.Mobileapphoteladactin1.tests.ViewBookedHotelDetails -->
    </test> <!-- Default test -->
  </suite> <!-- Default suite -->
</testng-results>
