<?xml version="1.0" encoding="UTF-8"?>
<!-- Generated by org.testng.reporters.JUnitReportReporter -->
<testsuite hostname="Aswins-Air" failures="0" tests="1" name="com.adactin.Mobileapphoteladactin1.tests.User_is_able_to_logout" time="163.584" errors="1" timestamp="2020-03-26T16:00:41 AEDT" skipped="0">
  <testcase classname="com.adactin.Mobileapphoteladactin1.tests.User_is_able_to_logout" name="User_is_able_to_logout" time="163.584">
    <error message="Unable to create a new remote session. Please check the server log for more details. Original error: An unknown server-side error occurred while processing the command. Original error: The simulator 6BE42A44-FE37-4883-93C0-3266405B7660 has failed to finish booting after 120s. Original status: Monitoring boot status for appiumTest-771258FF-ED87-4B58-AA6F-2938F96ABA51-iPhone SE (6BE42A44-FE37-4883-93C0-3266405B7660).
[2020-03-26 04:42:08 +0000] Status=2, isTerminal=NO, Elapsed=00:25.
	Waiting on Data Migration
		Reason:Running plugin com.apple.-0LaunchServicesMigrator (00LaunchServicesMigrator.migrator, user-agnostic)
		Migration Elapsed:00:19 seconds

[2020-03-26 04:42:09 +0000] Status=2, isTerminal=NO, Elapsed=00:26.
	Waiting on Data Migration
		Reason:Running plugin com.apple.-0LaunchServicesMigrator (00LaunchServicesMigrator.migrator, user-agnostic)
		Migration Elapsed:00:20 seconds

[2020-03-26 04:42:10 +0000] Status=2, isTerminal=NO, Elapsed=00:27.
	Waiting on Data Migration
		Reason:Running plugin com.apple.-0LaunchServicesMigrator (00LaunchServicesMigrator.migrator, user-agnostic)
		Migration Elapsed:00:21 seconds

[2020-03-26 04:42:11 +0000] Status=2, isTerminal=NO, Elapsed=00:28.
	Waiting on Data Migration
		Reason:Running plugin com.apple.-0LaunchServicesMigrator (00LaunchServicesMigrator.migrator, user-agnostic)
		Migration Elapsed:00:22 seconds

[2020-03-26 04:42:12 +0000] Status=2, isTerminal=NO, Elapsed=00:29.
	Waiting on Data Migration
		Reason:Running plugin com.apple.-0LaunchServicesMigrator (00LaunchServicesMigrator.migrator, user-agnostic)
		Migration Elapsed:00:23 seconds

[2020-03-26 04:42:13 +0000] Status=2, isTerminal=NO, Elapsed=00:30.
	Waiting on Data Migration
		Reason:Running plugin com.apple.-0LaunchServicesMigrator (00LaunchServicesMigrator.migrator, user-agnostic)
		Migration Elapsed:00:24 seconds

[2020-03-26 04:42:14 +0000] Status=2, isTerminal=NO, Elapsed=00:31.
	Waiting on Data Migration
		Reason:Running plugin com.apple.-0LaunchServicesMigrator (00LaunchServicesMigrator.migrator, user-agnostic)
		Migration Elapsed:00:25 seconds

[2020-03-26 04:42:15 +0000] Status=2, isTerminal=NO, Elapsed=00:32.
	Waiting on Data Migration
		Reason:Running plugin com.apple.-0LaunchServicesMigrator (00LaunchServicesMigrator.migrator, user-agnostic)
		Migration Elapsed:00:26 seconds

[2020-03-26 04:42:16 +0000] Status=2, isTerminal=NO, Elapsed=00:33.
	Waiting on Data Migration
		Reason:Running plugin com.apple.-0LaunchServicesMigrator (00LaunchServicesMigrator.migrator, user-agnostic)
		Migration Elapsed:00:27 seconds

[2020-03-26 04:42:17 +0000] Status=2, isTerminal=NO, Elapsed=00:34.
	Waiting on Data Migration
		Reason:Running plugin com.apple.-0LaunchServicesMigrator (00LaunchServicesMigrator.migrator, user-agnostic)
		Migration Elapsed:00:28 seconds

[2020-03-26 04:42:18 +0000] Status=2, isTerminal=NO, Elapsed=00:35.
	Waiting on Data Migration
		Reason:Running plugin com.apple.-0LaunchServicesMigrator (00LaunchServicesMigrator.migrator, user-agnostic)
		Migration Elapsed:00:29 seconds

[2020-03-26 04:42:19 +0000] Status=2, isTerminal=NO, Elapsed=00:36.
	Waiting on Data Migration
		Reason:Running plugin com.apple.-0LaunchServicesMigrator (00LaunchServicesMigrator.migrator, user-agnostic)
		Migration Elapsed:00:30 seconds

[2020-03-26 04:42:20 +0000] Status=2, isTerminal=NO, Elapsed=00:37.
	Waiting on Data Migration
		Reason:Running plugin com.apple.-0LaunchServicesMigrator (00LaunchServicesMigrator.migrator, user-agnostic)
		Migration Elapsed:00:31 seconds

[2020-03-26 04:42:21 +0000] Status=2, isTerminal=NO, Elapsed=00:38.
	Waiting on Data Migration
		Reason:Running plugin com.apple.-0LaunchServicesMigrator (00LaunchServicesMigrator.migrator, user-agnostic)
		Migration Elapsed:00:32 seconds

[2020-03-26 04:42:22 +0000] Status=2, isTerminal=NO, Elapsed=00:39.
	Waiting on Data Migration
		Reason:Running plugin com.apple.-0LaunchServicesMigrator (00LaunchServicesMigrator.migrator, user-agnostic)
		Migration Elapsed:00:33 seconds

[2020-03-26 04:42:23 +0000] Status=2, isTerminal=NO, Elapsed=00:40.
	Waiting on Data Migration
		Reason:Running plugin com.apple.-0LaunchServicesMigrator (00LaunchServicesMigrator.migrator, user-agnostic)
		Migration Elapsed:00:34 seconds

[2020-03-26 04:42:24 +0000] Status=2, isTerminal=NO, Elapsed=00:41.
	Waiting on Data Migration
		Reason:Running plugin com.apple.-0LaunchServicesMigrator (00LaunchServicesMigrator.migrator, user-agnostic)
		Migration Elapsed:00:35 seconds

[2020-03-26 04:42:25 +0000] Status=2, isTerminal=NO, Elapsed=00:42.
	Waiting on Data Migration
		Reason:Running plugin com.apple.-0LaunchServicesMigrator (00LaunchServicesMigrator.migrator, user-agnostic)
		Migration Elapsed:00:36 seconds

[2020-03-26 04:42:26 +0000] Status=2, isTerminal=NO, Elapsed=00:43.
	Waiting on Data Migration
		Reason:Running plugin com.apple.-0LaunchServicesMigrator (00LaunchServicesMigrator.migrator, user-agnostic)
		Migration Elapsed:00:37 seconds

[2020-03-26 04:42:27 +0000] Status=2, isTerminal=NO, Elapsed=00:44.
	Waiting on Data Migration
		Reason:Running plugin com.apple.-0LaunchServicesMigrator (00LaunchServicesMigrator.migrator, user-agnostic)
		Migration Elapsed:00:38 seconds

[2020-03-26 04:42:28 +0000] Status=2, isTerminal=NO, Elapsed=00:45.
	Waiting on Data Migration
		Reason:Running plugin com.apple.-0LaunchServicesMigrator (00LaunchServicesMigrator.migrator, user-agnostic)
		Migration Elapsed:00:39 seconds

[2020-03-26 04:42:29 +0000] Status=2, isTerminal=NO, Elapsed=00:46.
	Waiting on Data Migration
		Reason:Running plugin com.apple.-0LaunchServicesMigrator (00LaunchServicesMigrator.migrator, user-agnostic)
		Migration Elapsed:00:40 seconds

[2020-03-26 04:42:30 +0000] Status=2, isTerminal=NO, Elapsed=00:47.
	Waiting on Data Migration
		Reason:Running plugin com.apple.-0LaunchServicesMigrator (00LaunchServicesMigrator.migrator, user-agnostic)
		Migration Elapsed:00:41 seconds

[2020-03-26 04:42:31 +0000] Status=2, isTerminal=NO, Elapsed=00:48.
	Waiting on Data Migration
		Reason:Running plugin com.apple.-0LaunchServicesMigrator (00LaunchServicesMigrator.migrator, user-agnostic)
		Migration Elapsed:00:42 seconds

[2020-03-26 04:42:32 +0000] Status=2, isTerminal=NO, Elapsed=00:49.
	Waiting on Data Migration
		Reason:Running plugin com.apple.-0LaunchServicesMigrator (00LaunchServicesMigrator.migrator, user-agnostic)
		Migration Elapsed:00:43 seconds

[2020-03-26 04:42:33 +0000] Status=2, isTerminal=NO, Elapsed=00:50.
	Waiting on Data Migration
		Reason:Running plugin com.apple.-0LaunchServicesMigrator (00LaunchServicesMigrator.migrator, user-agnostic)
		Migration Elapsed:00:44 seconds

[2020-03-26 04:42:34 +0000] Status=2, isTerminal=NO, Elapsed=00:51.
	Waiting on Data Migration
		Reason:Running plugin com.apple.-0LaunchServicesMigrator (00LaunchServicesMigrator.migrator, user-agnostic)
		Migration Elapsed:00:45 seconds

[2020-03-26 04:42:35 +0000] Status=2, isTerminal=NO, Elapsed=00:52.
	Waiting on Data Migration
		Reason:Running plugin com.apple.-0LaunchServicesMigrator (00LaunchServicesMigrator.migrator, user-agnostic)
		Migration Elapsed:00:46 seconds

[2020-03-26 04:42:36 +0000] Status=2, isTerminal=NO, Elapsed=00:53.
	Waiting on Data Migration
		Reason:Running plugin com.apple.-0LaunchServicesMigrator (00LaunchServicesMigrator.migrator, user-agnostic)
		Migration Elapsed:00:47 seconds

[2020-03-26 04:42:37 +0000] Status=2, isTerminal=NO, Elapsed=00:54.
	Waiting on Data Migration
		Reason:Running plugin com.apple.-0LaunchServicesMigrator (00LaunchServicesMigrator.migrator, user-agnostic)
		Migration Elapsed:00:48 seconds

[2020-03-26 04:42:38 +0000] Status=2, isTerminal=NO, Elapsed=00:55.
	Waiting on Data Migration
		Reason:Running plugin com.apple.-0LaunchServicesMigrator (00LaunchServicesMigrator.migrator, user-agnostic)
		Migration Elapsed:00:49 seconds

[2020-03-26 04:42:39 +0000] Status=2, isTerminal=NO, Elapsed=00:56.
	Waiting on Data Migration
		Reason:Running plugin com.apple.-0LaunchServicesMigrator (00LaunchServicesMigrator.migrator, user-agnostic)
		Migration Elapsed:00:50 seconds

[2020-03-26 04:42:40 +0000] Status=2, isTerminal=NO, Elapsed=00:57.
	Waiting on Data Migration
		Reason:Running plugin com.apple.-0LaunchServicesMigrator (00LaunchServicesMigrator.migrator, user-agnostic)
		Migration Elapsed:00:51 seconds

[2020-03-26 04:42:41 +0000] Status=2, isTerminal=NO, Elapsed=00:58.
	Waiting on Data Migration
		Reason:Running plugin com.apple.-0LaunchServicesMigrator (00LaunchServicesMigrator.migrator, user-agnostic)
		Migration Elapsed:00:52 seconds

[2020-03-26 04:42:42 +0000] Status=2, isTerminal=NO, Elapsed=00:59.
	Waiting on Data Migration
		Reason:Running plugin com.apple.-0LaunchServicesMigrator (00LaunchServicesMigrator.migrator, user-agnostic)
		Migration Elapsed:00:53 seconds

[2020-03-26 04:42:43 +0000] Status=2, isTerminal=NO, Elapsed=01:00.
	Waiting on Data Migration
		Reason:Running plugin com.apple.-0LaunchServicesMigrator (00LaunchServicesMigrator.migrator, user-agnostic)
		Migration Elapsed:00:54 seconds

[2020-03-26 04:42:44 +0000] Status=2, isTerminal=NO, Elapsed=01:01.
	Waiting on Data Migration
		Reason:Running plugin com.apple.-0LaunchServicesMigrator (00LaunchServicesMigrator.migrator, user-agnostic)
		Migration Elapsed:00:55 seconds

[2020-03-26 04:42:45 +0000] Status=2, isTerminal=NO, Elapsed=01:02.
	Waiting on Data Migration
		Reason:Running plugin com.apple.-0LaunchServicesMigrator (00LaunchServicesMigrator.migrator, user-agnostic)
		Migration Elapsed:00:56 seconds

[2020-03-26 04:42:46 +0000] Status=2, isTerminal=NO, Elapsed=01:03.
	Waiting on Data Migration
		Reason:Running plugin com.apple.-0LaunchServicesMigrator (00LaunchServicesMigrator.migrator, user-agnostic)
		Migration Elapsed:00:57 seconds

[2020-03-26 04:42:47 +0000] Status=2, isTerminal=NO, Elapsed=01:04.
	Waiting on Data Migration
		Reason:Running plugin com.apple.-0LaunchServicesMigrator (00LaunchServicesMigrator.migrator, user-agnostic)
		Migration Elapsed:00:58 seconds

[2020-03-26 04:42:48 +0000] Status=2, isTerminal=NO, Elapsed=01:05.
	Waiting on Data Migration
		Reason:Running plugin com.apple.-0LaunchServicesMigrator (00LaunchServicesMigrator.migrator, user-agnostic)
		Migration Elapsed:00:59 seconds

[2020-03-26 04:42:49 +0000] Status=2, isTerminal=NO, Elapsed=01:06.
	Waiting on Data Migration
		Reason:Running plugin com.apple.-0LaunchServicesMigrator (00LaunchServicesMigrator.migrator, user-agnostic)
		Migration Elapsed:01:00 seconds

[2020-03-26 04:42:50 +0000] Status=2, isTerminal=NO, Elapsed=01:07.
	Waiting on Data Migration
		Reason:Running plugin com.apple.-0LaunchServicesMigrator (00LaunchServicesMigrator.migrator, user-agnostic)
		Migration Elapsed:01:01 seconds

[2020-03-26 04:42:51 +0000] Status=2, isTerminal=NO, Elapsed=01:08.
	Waiting on Data Migration
		Reason:Running plugin com.apple.-0LaunchServicesMigrator (00LaunchServicesMigrator.migrator, user-agnostic)
		Migration Elapsed:01:02 seconds

[2020-03-26 04:42:52 +0000] Status=2, isTerminal=NO, Elapsed=01:09.
	Waiting on Data Migration
		Reason:Running plugin com.apple.-0LaunchServicesMigrator (00LaunchServicesMigrator.migrator, user-agnostic)
		Migration Elapsed:01:03 seconds

[2020-03-26 04:42:53 +0000] Status=2, isTerminal=NO, Elapsed=01:10.
	Waiting on Data Migration
		Reason:Running plugin com.apple.-0LaunchServicesMigrator (00LaunchServicesMigrator.migrator, user-agnostic)
		Migration Elapsed:01:04 seconds

[2020-03-26 04:42:54 +0000] Status=2, isTerminal=NO, Elapsed=01:11.
	Waiting on Data Migration
		Reason:Running plugin com.apple.-0LaunchServicesMigrator (00LaunchServicesMigrator.migrator, user-agnostic)
		Migration Elapsed:01:05 seconds

[2020-03-26 04:42:55 +0000] Status=2, isTerminal=NO, Elapsed=01:12.
	Waiting on Data Migration
		Reason:Running plugin com.apple.-0LaunchServicesMigrator (00LaunchServicesMigrator.migrator, user-agnostic)
		Migration Elapsed:01:06 seconds

[2020-03-26 04:42:56 +0000] Status=2, isTerminal=NO, Elapsed=01:13.
	Waiting on Data Migration
		Reason:Running plugin com.apple.-0LaunchServicesMigrator (00LaunchServicesMigrator.migrator, user-agnostic)
		Migration Elapsed:01:07 seconds

[2020-03-26 04:42:57 +0000] Status=2, isTerminal=NO, Elapsed=01:14.
	Waiting on Data Migration
		Reason:Running plugin com.apple.-0LaunchServicesMigrator (00LaunchServicesMigrator.migrator, user-agnostic)
		Migration Elapsed:01:08 seconds

[2020-03-26 04:42:58 +0000] Status=2, isTerminal=NO, Elapsed=01:15.
	Waiting on Data Migration
		Reason:Running plugin com.apple.-0LaunchServicesMigrator (00LaunchServicesMigrator.migrator, user-agnostic)
		Migration Elapsed:01:09 seconds

[2020-03-26 04:42:59 +0000] Status=2, isTerminal=NO, Elapsed=01:16.
	Waiting on Data Migration
		Reason:Running plugin com.apple.-0LaunchServicesMigrator (00LaunchServicesMigrator.migrator, user-agnostic)
		Migration Elapsed:01:10 seconds

[2020-03-26 04:43:00 +0000] Status=2, isTerminal=NO, Elapsed=01:17.
	Waiting on Data Migration
		Reason:Running plugin com.apple.-0LaunchServicesMigrator (00LaunchServicesMigrator.migrator, user-agnostic)
		Migration Elapsed:01:11 seconds

[2020-03-26 04:43:01 +0000] Status=2, isTerminal=NO, Elapsed=01:18.
	Waiting on Data Migration
		Reason:Running plugin com.apple.-0LaunchServicesMigrator (00LaunchServicesMigrator.migrator, user-agnostic)
		Migration Elapsed:01:12 seconds

[2020-03-26 04:43:02 +0000] Status=2, isTerminal=NO, Elapsed=01:19.
	Waiting on Data Migration
		Reason:Running plugin com.apple.-0LaunchServicesMigrator (00LaunchServicesMigrator.migrator, user-agnostic)
		Migration Elapsed:01:13 seconds

[2020-03-26 04:43:03 +0000] Status=2, isTerminal=NO, Elapsed=01:20.
	Waiting on Data Migration
		Reason:Running plugin com.apple.-0LaunchServicesMigrator (00LaunchServicesMigrator.migrator, user-agnostic)
		Migration Elapsed:01:14 seconds

[2020-03-26 04:43:04 +0000] Status=2, isTerminal=NO, Elapsed=01:21.
	Waiting on Data Migration
		Reason:Running plugin com.apple.-0LaunchServicesMigrator (00LaunchServicesMigrator.migrator, user-agnostic)
		Migration Elapsed:01:15 seconds

[2020-03-26 04:43:05 +0000] Status=2, isTerminal=NO, Elapsed=01:22.
	Waiting on Data Migration
		Reason:Running plugin com.apple.-0LaunchServicesMigrator (00LaunchServicesMigrator.migrator, user-agnostic)
		Migration Elapsed:01:16 seconds

[2020-03-26 04:43:06 +0000] Status=2, isTerminal=NO, Elapsed=01:23.
	Waiting on Data Migration
		Reason:Running plugin com.apple.-0LaunchServicesMigrator (00LaunchServicesMigrator.migrator, user-agnostic)
		Migration Elapsed:01:17 seconds

[2020-03-26 04:43:07 +0000] Status=2, isTerminal=NO, Elapsed=01:24.
	Waiting on Data Migration
		Reason:Running plugin com.apple.-0LaunchServicesMigrator (00LaunchServicesMigrator.migrator, user-agnostic)
		Migration Elapsed:01:18 seconds

[2020-03-26 04:43:08 +0000] Status=2, isTerminal=NO, Elapsed=01:25.
	Waiting on Data Migration
		Reason:Running plugin com.apple.-0LaunchServicesMigrator (00LaunchServicesMigrator.migrator, user-agnostic)
		Migration Elapsed:01:19 seconds

[2020-03-26 04:43:09 +0000] Status=2, isTerminal=NO, Elapsed=01:26.
	Waiting on Data Migration
		Reason:Running plugin com.apple.-0LaunchServicesMigrator (00LaunchServicesMigrator.migrator, user-agnostic)
		Migration Elapsed:01:20 seconds

[2020-03-26 04:43:10 +0000] Status=2, isTerminal=NO, Elapsed=01:27.
	Waiting on Data Migration
		Reason:Running plugin com.apple.-0LaunchServicesMigrator (00LaunchServicesMigrator.migrator, user-agnostic)
		Migration Elapsed:01:21 seconds

[2020-03-26 04:43:11 +0000] Status=2, isTerminal=NO, Elapsed=01:28.
	Waiting on Data Migration
		Reason:Running plugin com.apple.-0LaunchServicesMigrator (00LaunchServicesMigrator.migrator, user-agnostic)
		Migration Elapsed:01:22 seconds

[2020-03-26 04:43:12 +0000] Status=2, isTerminal=NO, Elapsed=01:29.
	Waiting on Data Migration
		Reason:Running plugin com.apple.-0LaunchServicesMigrator (00LaunchServicesMigrator.migrator, user-agnostic)
		Migration Elapsed:01:23 seconds

[2020-03-26 04:43:13 +0000] Status=2, isTerminal=NO, Elapsed=01:30.
	Waiting on Data Migration
		Reason:Running plugin com.apple.-0LaunchServicesMigrator (00LaunchServicesMigrator.migrator, user-agnostic)
		Migration Elapsed:01:24 seconds

[2020-03-26 04:43:14 +0000] Status=2, isTerminal=NO, Elapsed=01:31.
	Waiting on Data Migration
		Reason:Running plugin com.apple.-0LaunchServicesMigrator (00LaunchServicesMigrator.migrator, user-agnostic)
		Migration Elapsed:01:25 seconds

[2020-03-26 04:43:15 +0000] Status=2, isTerminal=NO, Elapsed=01:32.
	Waiting on Data Migration
		Reason:Running plugin com.apple.-0LaunchServicesMigrator (00LaunchServicesMigrator.migrator, user-agnostic)
		Migration Elapsed:01:26 seconds

[2020-03-26 04:43:16 +0000] Status=2, isTerminal=NO, Elapsed=01:33.
	Waiting on Data Migration
		Reason:Running plugin com.apple.-0LaunchServicesMigrator (00LaunchServicesMigrator.migrator, user-agnostic)
		Migration Elapsed:01:27 seconds

[2020-03-26 04:43:17 +0000] Status=2, isTerminal=NO, Elapsed=01:34.
	Waiting on Data Migration
		Reason:Running plugin com.apple.-0LaunchServicesMigrator (00LaunchServicesMigrator.migrator, user-agnostic)
		Migration Elapsed:01:28 seconds

[2020-03-26 04:43:18 +0000] Status=2, isTerminal=NO, Elapsed=01:35.
	Waiting on Data Migration
		Reason:Running plugin com.apple.-0LaunchServicesMigrator (00LaunchServicesMigrator.migrator, user-agnostic)
		Migration Elapsed:01:29 seconds

[2020-03-26 04:43:19 +0000] Status=2, isTerminal=NO, Elapsed=01:36.
	Waiting on Data Migration
		Reason:Running plugin com.apple.-0LaunchServicesMigrator (00LaunchServicesMigrator.migrator, user-agnostic)
		Migration Elapsed:01:30 seconds

[2020-03-26 04:43:20 +0000] Status=2, isTerminal=NO, Elapsed=01:37.
	Waiting on Data Migration
		Reason:Running plugin com.apple.-0LaunchServicesMigrator (00LaunchServicesMigrator.migrator, user-agnostic)
		Migration Elapsed:01:31 seconds

[2020-03-26 04:43:21 +0000] Status=2, isTerminal=NO, Elapsed=01:38.
	Waiting on Data Migration
		Reason:Running plugin com.apple.-0LaunchServicesMigrator (00LaunchServicesMigrator.migrator, user-agnostic)
		Migration Elapsed:01:32 seconds

[2020-03-26 04:43:22 +0000] Status=2, isTerminal=NO, Elapsed=01:39.
	Waiting on Data Migration
		Reason:Running plugin com.apple.-0LaunchServicesMigrator (00LaunchServicesMigrator.migrator, user-agnostic)
		Migration Elapsed:01:33 seconds

[2020-03-26 04:43:23 +0000] Status=2, isTerminal=NO, Elapsed=01:40.
	Waiting on Data Migration
		Reason:Running plugin com.apple.-0LaunchServicesMigrator (00LaunchServicesMigrator.migrator, user-agnostic)
		Migration Elapsed:01:34 seconds

[2020-03-26 04:43:24 +0000] Status=2, isTerminal=NO, Elapsed=01:41.
	Waiting on Data Migration
		Reason:Running plugin com.apple.-0LaunchServicesMigrator (00LaunchServicesMigrator.migrator, user-agnostic)
		Migration Elapsed:01:35 seconds

[2020-03-26 04:43:25 +0000] Status=2, isTerminal=NO, Elapsed=01:42.
	Waiting on Data Migration
		Reason:Running plugin com.apple.-0LaunchServicesMigrator (00LaunchServicesMigrator.migrator, user-agnostic)
		Migration Elapsed:01:36 seconds

[2020-03-26 04:43:26 +0000] Status=2, isTerminal=NO, Elapsed=01:43.
	Waiting on Data Migration
		Reason:Running plugin com.apple.-0LaunchServicesMigrator (00LaunchServicesMigrator.migrator, user-agnostic)
		Migration Elapsed:01:37 seconds

[2020-03-26 04:43:27 +0000] Status=2, isTerminal=NO, Elapsed=01:44.
	Waiting on Data Migration
		Reason:Running plugin com.apple.-0LaunchServicesMigrator (00LaunchServicesMigrator.migrator, user-agnostic)
		Migration Elapsed:01:38 seconds

[2020-03-26 04:43:28 +0000] Status=2, isTerminal=NO, Elapsed=01:45.
	Waiting on Data Migration
		Reason:Running plugin com.apple.-0LaunchServicesMigrator (00LaunchServicesMigrator.migrator, user-agnostic)
		Migration Elapsed:01:39 seconds

[2020-03-26 04:43:29 +0000] Status=2, isTerminal=NO, Elapsed=01:46.
	Waiting on Data Migration
		Reason:Running plugin com.apple.-0LaunchServicesMigrator (00LaunchServicesMigrator.migrator, user-agnostic)
		Migration Elapsed:01:40 seconds

[2020-03-26 04:43:30 +0000] Status=2, isTerminal=NO, Elapsed=01:47.
	Waiting on Data Migration
		Reason:Running plugin com.apple.-0LaunchServicesMigrator (00LaunchServicesMigrator.migrator, user-agnostic)
		Migration Elapsed:01:41 seconds

[2020-03-26 04:43:31 +0000] Status=2, isTerminal=NO, Elapsed=01:48.
	Waiting on Data Migration
		Reason:Running plugin com.apple.-0LaunchServicesMigrator (00LaunchServicesMigrator.migrator, user-agnostic)
		Migration Elapsed:01:42 seconds

[2020-03-26 04:43:32 +0000] Status=2, isTerminal=NO, Elapsed=01:49.
	Waiting on Data Migration
		Reason:Running plugin com.apple.-0LaunchServicesMigrator (00LaunchServicesMigrator.migrator, user-agnostic)
		Migration Elapsed:01:43 seconds

[2020-03-26 04:43:33 +0000] Status=2, isTerminal=NO, Elapsed=01:50.
	Waiting on Data Migration
		Reason:Running plugin com.apple.-0LaunchServicesMigrator (00LaunchServicesMigrator.migrator, user-agnostic)
		Migration Elapsed:01:44 seconds

[2020-03-26 04:43:34 +0000] Status=2, isTerminal=NO, Elapsed=01:51.
	Waiting on Data Migration
		Reason:Running plugin com.apple.-0LaunchServicesMigrator (00LaunchServicesMigrator.migrator, user-agnostic)
		Migration Elapsed:01:45 seconds

[2020-03-26 04:43:35 +0000] Status=2, isTerminal=NO, Elapsed=01:52.
	Waiting on Data Migration
		Reason:Running plugin com.apple.-0LaunchServicesMigrator (00LaunchServicesMigrator.migrator, user-agnostic)
		Migration Elapsed:01:46 seconds

[2020-03-26 04:43:36 +0000] Status=2, isTerminal=NO, Elapsed=01:53.
	Waiting on Data Migration
		Reason:Running plugin com.apple.-0LaunchServicesMigrator (00LaunchServicesMigrator.migrator, user-agnostic)
		Migration Elapsed:01:47 seconds

[2020-03-26 04:43:37 +0000] Status=2, isTerminal=NO, Elapsed=01:54.
	Waiting on Data Migration
		Reason:Running plugin com.apple.-0LaunchServicesMigrator (00LaunchServicesMigrator.migrator, user-agnostic)
		Migration Elapsed:01:48 seconds

[2020-03-26 04:43:38 +0000] Status=2, isTerminal=NO, Elapsed=01:55.
	Waiting on Data Migration
		Reason:Running plugin com.apple.-0LaunchServicesMigrator (00LaunchServicesMigrator.migrator, user-agnostic)
		Migration Elapsed:01:49 seconds

[2020-03-26 04:43:39 +0000] Status=2, isTerminal=NO, Elapsed=01:56.
	Waiting on Data Migration
		Reason:Running plugin com.apple.-0LaunchServicesMigrator (00LaunchServicesMigrator.migrator, user-agnostic)
		Migration Elapsed:01:50 seconds

[2020-03-26 04:43:40 +0000] Status=2, isTerminal=NO, Elapsed=01:57.
	Waiting on Data Migration
		Reason:Running plugin com.apple.-0LaunchServicesMigrator (00LaunchServicesMigrator.migrator, user-agnostic)
		Migration Elapsed:01:51 seconds

[2020-03-26 04:43:41 +0000] Status=2, isTerminal=NO, Elapsed=01:58.
	Waiting on Data Migration
		Reason:Running plugin com.apple.-0LaunchServicesMigrator (00LaunchServicesMigrator.migrator, user-agnostic)
		Migration Elapsed:01:52 seconds

[2020-03-26 04:43:42 +0000] Status=2, isTerminal=NO, Elapsed=01:59.
	Waiting on Data Migration
		Reason:Running plugin com.apple.-0LaunchServicesMigrator (00LaunchServicesMigrator.migrator, user-agnostic)
		Migration Elapsed:01:53 seconds

[2020-03-26 04:43:43 +0000] Status=2, isTerminal=NO, Elapsed=02:00.
	Waiting on Data Migration
		Reason:Running plugin com.apple.-0LaunchServicesMigrator (00LaunchServicesMigrator.migrator, user-agnostic)
		Migration Elapsed:01:54 seconds

[2020-03-26 04:43:44 +0000] Status=2, isTerminal=NO, Elapsed=02:01.
	Waiting on Data Migration
		Reason:Running plugin com.apple.-0LaunchServicesMigrator (00LaunchServicesMigrator.migrator, user-agnostic)
		Migration Elapsed:01:55 seconds

[2020-03-26 04:43:45 +0000] Status=2, isTerminal=NO, Elapsed=02:02.
	Waiting on Data Migration
		Reason:Running plugin com.apple.-0LaunchServicesMigrator (00LaunchServicesMigrator.migrator, user-agnostic)
		Migration Elapsed:01:56 seconds

[2020-03-26 04:43:46 +0000] Status=2, isTerminal=NO, Elapsed=02:03.
	Waiting on Data Migration
		Reason:Running plugin com.apple.-0LaunchServicesMigrator (00LaunchServicesMigrator.migrator, user-agnostic)
		Migration Elapsed:01:57 seconds

[2020-03-26 04:43:47 +0000] Status=2, isTerminal=NO, Elapsed=02:04.
	Waiting on Data Migration
		Reason:Running plugin com.apple.-0LaunchServicesMigrator (00LaunchServicesMigrator.migrator, user-agnostic)
		Migration Elapsed:01:58 seconds

[2020-03-26 04:43:48 +0000] Status=2, isTerminal=NO, Elapsed=02:05.
	Waiting on Data Migration
		Reason:Running plugin com.apple.-0LaunchServicesMigrator (00LaunchServicesMigrator.migrator, user-agnostic)
		Migration Elapsed:01:59 seconds

[2020-03-26 04:43:49 +0000] Status=2, isTerminal=NO, Elapsed=02:06.
	Waiting on Data Migration
		Reason:Running plugin com.apple.-0LaunchServicesMigrator (00LaunchServicesMigrator.migrator, user-agnostic)
		Migration Elapsed:02:00 seconds

[2020-03-26 04:43:50 +0000] Status=2, isTerminal=NO, Elapsed=02:07.
	Waiting on Data Migration
		Reason:Running plugin com.apple.-0LaunchServicesMigrator (00LaunchServicesMigrator.migrator, user-agnostic)
		Migration Elapsed:02:01 seconds

[2020-03-26 04:43:51 +0000] Status=2, isTerminal=NO, Elapsed=02:08.
	Waiting on Data Migration
		Reason:Running plugin com.apple.-0LaunchServicesMigrator (00LaunchServicesMigrator.migrator, user-agnostic)
		Migration Elapsed:02:02 seconds

[2020-03-26 04:43:52 +0000] Status=2, isTerminal=NO, Elapsed=02:09.
	Waiting on Data Migration
		Reason:Running plugin com.apple.-0LaunchServicesMigrator (00LaunchServicesMigrator.migrator, user-agnostic)
		Migration Elapsed:02:03 seconds

[2020-03-26 04:43:53 +0000] Status=2, isTerminal=NO, Elapsed=02:10.
	Waiting on Data Migration
		Reason:Running plugin com.apple.-0LaunchServicesMigrator (00LaunchServicesMigrator.migrator, user-agnostic)
		Migration Elapsed:02:04 seconds

[2020-03-26 04:43:54 +0000] Status=2, isTerminal=NO, Elapsed=02:11.
	Waiting on Data Migration
		Reason:Running plugin com.apple.-0LaunchServicesMigrator (00LaunchServicesMigrator.migrator, user-agnostic)
		Migration Elapsed:02:05 seconds

[2020-03-26 04:43:55 +0000] Status=2, isTerminal=NO, Elapsed=02:12.
	Waiting on Data Migration
		Reason:Running plugin com.apple.-0LaunchServicesMigrator (00LaunchServicesMigrator.migrator, user-agnostic)
		Migration Elapsed:02:06 seconds

[2020-03-26 04:43:56 +0000] Status=2, isTerminal=NO, Elapsed=02:13.
	Waiting on Data Migration
		Reason:Running plugin com.apple.-0LaunchServicesMigrator (00LaunchServicesMigrator.migrator, user-agnostic)
		Migration Elapsed:02:07 seconds

[2020-03-26 04:43:57 +0000] Status=2, isTerminal=NO, Elapsed=02:14.
	Waiting on Data Migration
		Reason:Running plugin com.apple.-0LaunchServicesMigrator (00LaunchServicesMigrator.migrator, user-agnostic)
		Migration Elapsed:02:08 seconds

[2020-03-26 04:43:58 +0000] Status=2, isTerminal=NO, Elapsed=02:15.
	Waiting on Data Migration
		Reason:Running plugin com.apple.-0LaunchServicesMigrator (00LaunchServicesMigrator.migrator, user-agnostic)
		Migration Elapsed:02:09 seconds

[2020-03-26 04:43:59 +0000] Status=2, isTerminal=NO, Elapsed=02:16.
	Waiting on Data Migration
		Reason:Running plugin com.apple.-0LaunchServicesMigrator (00LaunchServicesMigrator.migrator, user-agnostic)
		Migration Elapsed:02:10 seconds

[2020-03-26 04:44:00 +0000] Status=2, isTerminal=NO, Elapsed=02:17.
	Waiting on Data Migration
		Reason:Running plugin com.apple.-0LaunchServicesMigrator (00LaunchServicesMigrator.migrator, user-agnostic)
		Migration Elapsed:02:11 seconds

[2020-03-26 04:44:01 +0000] Status=2, isTerminal=NO, Elapsed=02:18.
	Waiting on Data Migration
		Reason:Running plugin com.apple.-0LaunchServicesMigrator (00LaunchServicesMigrator.migrator, user-agnostic)
		Migration Elapsed:02:12 seconds

[2020-03-26 04:44:02 +0000] Status=2, isTerminal=NO, Elapsed=02:19.
	Waiting on Data Migration
		Reason:Running plugin com.apple.-0LaunchServicesMigrator (00LaunchServicesMigrator.migrator, user-agnostic)
		Migration Elapsed:02:13 seconds

[2020-03-26 04:44:03 +0000] Status=2, isTerminal=NO, Elapsed=02:20.
	Waiting on Data Migration
		Reason:Running plugin com.apple.-0LaunchServicesMigrator (00LaunchServicesMigrator.migrator, user-agnostic)
		Migration Elapsed:02:14 seconds

[2020-03-26 04:44:04 +0000] Status=2, isTerminal=NO, Elapsed=02:21.
	Waiting on Data Migration
		Reason:Running plugin com.apple.-0LaunchServicesMigrator (00LaunchServicesMigrator.migrator, user-agnostic)
		Migration Elapsed:02:15 seconds

[2020-03-26 04:44:05 +0000] Status=2, isTerminal=NO, Elapsed=02:22.
	Waiting on Data Migration
		Reason:Running plugin com.apple.-0LaunchServicesMigrator (00LaunchServicesMigrator.migrator, user-agnostic)
		Migration Elapsed:02:16 seconds

[2020-03-26 04:44:06 +0000] Status=2, isTerminal=NO, Elapsed=02:23.
	Waiting on Data Migration
		Reason:Running plugin com.apple.-0LaunchServicesMigrator (00LaunchServicesMigrator.migrator, user-agnostic)
		Migration Elapsed:02:17 seconds


Build info: version: &#039;3.141.59&#039;, revision: &#039;e82be7d358&#039;, time: &#039;2018-11-14T08:17:03&#039;
System info: host: &#039;Aswins-Air&#039;, ip: &#039;fe80:0:0:0:18c7:5e5d:1c65:92af%en0&#039;, os.name: &#039;Mac OS X&#039;, os.arch: &#039;x86_64&#039;, os.version: &#039;10.15.3&#039;, java.version: &#039;13.0.1&#039;
Driver info: driver.version: IOSDriver
remote stacktrace: UnknownError: An unknown server-side error occurred while processing the command. Original error: The simulator 6BE42A44-FE37-4883-93C0-3266405B7660 has failed to finish booting after 120s. Original status: Monitoring boot status for appiumTest-771258FF-ED87-4B58-AA6F-2938F96ABA51-iPhone SE (6BE42A44-FE37-4883-93C0-3266405B7660).
[2020-03-26 04:42:08 +0000] Status=2, isTerminal=NO, Elapsed=00:25.
	Waiting on Data Migration
		Reason:Running plugin com.apple.-0LaunchServicesMigrator (00LaunchServicesMigrator.migrator, user-agnostic)
		Migration Elapsed:00:19 seconds

[2020-03-26 04:42:09 +0000] Status=2, isTerminal=NO, Elapsed=00:26.
	Waiting on Data Migration
		Reason:Running plugin com.apple.-0LaunchServicesMigrator (00LaunchServicesMigrator.migrator, user-agnostic)
		Migration Elapsed:00:20 seconds

[2020-03-26 04:42:10 +0000] Status=2, isTerminal=NO, Elapsed=00:27.
	Waiting on Data Migration
		Reason:Running plugin com.apple.-0LaunchServicesMigrator (00LaunchServicesMigrator.migrator, user-agnostic)
		Migration Elapsed:00:21 seconds

[2020-03-26 04:42:11 +0000] Status=2, isTerminal=NO, Elapsed=00:28.
	Waiting on Data Migration
		Reason:Running plugin com.apple.-0LaunchServicesMigrator (00LaunchServicesMigrator.migrator, user-agnostic)
		Migration Elapsed:00:22 seconds

[2020-03-26 04:42:12 +0000] Status=2, isTerminal=NO, Elapsed=00:29.
	Waiting on Data Migration
		Reason:Running plugin com.apple.-0LaunchServicesMigrator (00LaunchServicesMigrator.migrator, user-agnostic)
		Migration Elapsed:00:23 seconds

[2020-03-26 04:42:13 +0000] Status=2, isTerminal=NO, Elapsed=00:30.
	Waiting on Data Migration
		Reason:Running plugin com.apple.-0LaunchServicesMigrator (00LaunchServicesMigrator.migrator, user-agnostic)
		Migration Elapsed:00:24 seconds

[2020-03-26 04:42:14 +0000] Status=2, isTerminal=NO, Elapsed=00:31.
	Waiting on Data Migration
		Reason:Running plugin com.apple.-0LaunchServicesMigrator (00LaunchServicesMigrator.migrator, user-agnostic)
		Migration Elapsed:00:25 seconds

[2020-03-26 04:42:15 +0000] Status=2, isTerminal=NO, Elapsed=00:32.
	Waiting on Data Migration
		Reason:Running plugin com.apple.-0LaunchServicesMigrator (00LaunchServicesMigrator.migrator, user-agnostic)
		Migration Elapsed:00:26 seconds

[2020-03-26 04:42:16 +0000] Status=2, isTerminal=NO, Elapsed=00:33.
	Waiting on Data Migration
		Reason:Running plugin com.apple.-0LaunchServicesMigrator (00LaunchServicesMigrator.migrator, user-agnostic)
		Migration Elapsed:00:27 seconds

[2020-03-26 04:42:17 +0000] Status=2, isTerminal=NO, Elapsed=00:34.
	Waiting on Data Migration
		Reason:Running plugin com.apple.-0LaunchServicesMigrator (00LaunchServicesMigrator.migrator, user-agnostic)
		Migration Elapsed:00:28 seconds

[2020-03-26 04:42:18 +0000] Status=2, isTerminal=NO, Elapsed=00:35.
	Waiting on Data Migration
		Reason:Running plugin com.apple.-0LaunchServicesMigrator (00LaunchServicesMigrator.migrator, user-agnostic)
		Migration Elapsed:00:29 seconds

[2020-03-26 04:42:19 +0000] Status=2, isTerminal=NO, Elapsed=00:36.
	Waiting on Data Migration
		Reason:Running plugin com.apple.-0LaunchServicesMigrator (00LaunchServicesMigrator.migrator, user-agnostic)
		Migration Elapsed:00:30 seconds

[2020-03-26 04:42:20 +0000] Status=2, isTerminal=NO, Elapsed=00:37.
	Waiting on Data Migration
		Reason:Running plugin com.apple.-0LaunchServicesMigrator (00LaunchServicesMigrator.migrator, user-agnostic)
		Migration Elapsed:00:31 seconds

[2020-03-26 04:42:21 +0000] Status=2, isTerminal=NO, Elapsed=00:38.
	Waiting on Data Migration
		Reason:Running plugin com.apple.-0LaunchServicesMigrator (00LaunchServicesMigrator.migrator, user-agnostic)
		Migration Elapsed:00:32 seconds

[2020-03-26 04:42:22 +0000] Status=2, isTerminal=NO, Elapsed=00:39.
	Waiting on Data Migration
		Reason:Running plugin com.apple.-0LaunchServicesMigrator (00LaunchServicesMigrator.migrator, user-agnostic)
		Migration Elapsed:00:33 seconds

[2020-03-26 04:42:23 +0000] Status=2, isTerminal=NO, Elapsed=00:40.
	Waiting on Data Migration
		Reason:Running plugin com.apple.-0LaunchServicesMigrator (00LaunchServicesMigrator.migrator, user-agnostic)
		Migration Elapsed:00:34 seconds

[2020-03-26 04:42:24 +0000] Status=2, isTerminal=NO, Elapsed=00:41.
	Waiting on Data Migration
		Reason:Running plugin com.apple.-0LaunchServicesMigrator (00LaunchServicesMigrator.migrator, user-agnostic)
		Migration Elapsed:00:35 seconds

[2020-03-26 04:42:25 +0000] Status=2, isTerminal=NO, Elapsed=00:42.
	Waiting on Data Migration
		Reason:Running plugin com.apple.-0LaunchServicesMigrator (00LaunchServicesMigrator.migrator, user-agnostic)
		Migration Elapsed:00:36 seconds

[2020-03-26 04:42:26 +0000] Status=2, isTerminal=NO, Elapsed=00:43.
	Waiting on Data Migration
		Reason:Running plugin com.apple.-0LaunchServicesMigrator (00LaunchServicesMigrator.migrator, user-agnostic)
		Migration Elapsed:00:37 seconds

[2020-03-26 04:42:27 +0000] Status=2, isTerminal=NO, Elapsed=00:44.
	Waiting on Data Migration
		Reason:Running plugin com.apple.-0LaunchServicesMigrator (00LaunchServicesMigrator.migrator, user-agnostic)
		Migration Elapsed:00:38 seconds

[2020-03-26 04:42:28 +0000] Status=2, isTerminal=NO, Elapsed=00:45.
	Waiting on Data Migration
		Reason:Running plugin com.apple.-0LaunchServicesMigrator (00LaunchServicesMigrator.migrator, user-agnostic)
		Migration Elapsed:00:39 seconds

[2020-03-26 04:42:29 +0000] Status=2, isTerminal=NO, Elapsed=00:46.
	Waiting on Data Migration
		Reason:Running plugin com.apple.-0LaunchServicesMigrator (00LaunchServicesMigrator.migrator, user-agnostic)
		Migration Elapsed:00:40 seconds

[2020-03-26 04:42:30 +0000] Status=2, isTerminal=NO, Elapsed=00:47.
	Waiting on Data Migration
		Reason:Running plugin com.apple.-0LaunchServicesMigrator (00LaunchServicesMigrator.migrator, user-agnostic)
		Migration Elapsed:00:41 seconds

[2020-03-26 04:42:31 +0000] Status=2, isTerminal=NO, Elapsed=00:48.
	Waiting on Data Migration
		Reason:Running plugin com.apple.-0LaunchServicesMigrator (00LaunchServicesMigrator.migrator, user-agnostic)
		Migration Elapsed:00:42 seconds

[2020-03-26 04:42:32 +0000] Status=2, isTerminal=NO, Elapsed=00:49.
	Waiting on Data Migration
		Reason:Running plugin com.apple.-0LaunchServicesMigrator (00LaunchServicesMigrator.migrator, user-agnostic)
		Migration Elapsed:00:43 seconds

[2020-03-26 04:42:33 +0000] Status=2, isTerminal=NO, Elapsed=00:50.
	Waiting on Data Migration
		Reason:Running plugin com.apple.-0LaunchServicesMigrator (00LaunchServicesMigrator.migrator, user-agnostic)
		Migration Elapsed:00:44 seconds

[2020-03-26 04:42:34 +0000] Status=2, isTerminal=NO, Elapsed=00:51.
	Waiting on Data Migration
		Reason:Running plugin com.apple.-0LaunchServicesMigrator (00LaunchServicesMigrator.migrator, user-agnostic)
		Migration Elapsed:00:45 seconds

[2020-03-26 04:42:35 +0000] Status=2, isTerminal=NO, Elapsed=00:52.
	Waiting on Data Migration
		Reason:Running plugin com.apple.-0LaunchServicesMigrator (00LaunchServicesMigrator.migrator, user-agnostic)
		Migration Elapsed:00:46 seconds

[2020-03-26 04:42:36 +0000] Status=2, isTerminal=NO, Elapsed=00:53.
	Waiting on Data Migration
		Reason:Running plugin com.apple.-0LaunchServicesMigrator (00LaunchServicesMigrator.migrator, user-agnostic)
		Migration Elapsed:00:47 seconds

[2020-03-26 04:42:37 +0000] Status=2, isTerminal=NO, Elapsed=00:54.
	Waiting on Data Migration
		Reason:Running plugin com.apple.-0LaunchServicesMigrator (00LaunchServicesMigrator.migrator, user-agnostic)
		Migration Elapsed:00:48 seconds

[2020-03-26 04:42:38 +0000] Status=2, isTerminal=NO, Elapsed=00:55.
	Waiting on Data Migration
		Reason:Running plugin com.apple.-0LaunchServicesMigrator (00LaunchServicesMigrator.migrator, user-agnostic)
		Migration Elapsed:00:49 seconds

[2020-03-26 04:42:39 +0000] Status=2, isTerminal=NO, Elapsed=00:56.
	Waiting on Data Migration
		Reason:Running plugin com.apple.-0LaunchServicesMigrator (00LaunchServicesMigrator.migrator, user-agnostic)
		Migration Elapsed:00:50 seconds

[2020-03-26 04:42:40 +0000] Status=2, isTerminal=NO, Elapsed=00:57.
	Waiting on Data Migration
		Reason:Running plugin com.apple.-0LaunchServicesMigrator (00LaunchServicesMigrator.migrator, user-agnostic)
		Migration Elapsed:00:51 seconds

[2020-03-26 04:42:41 +0000] Status=2, isTerminal=NO, Elapsed=00:58.
	Waiting on Data Migration
		Reason:Running plugin com.apple.-0LaunchServicesMigrator (00LaunchServicesMigrator.migrator, user-agnostic)
		Migration Elapsed:00:52 seconds

[2020-03-26 04:42:42 +0000] Status=2, isTerminal=NO, Elapsed=00:59.
	Waiting on Data Migration
		Reason:Running plugin com.apple.-0LaunchServicesMigrator (00LaunchServicesMigrator.migrator, user-agnostic)
		Migration Elapsed:00:53 seconds

[2020-03-26 04:42:43 +0000] Status=2, isTerminal=NO, Elapsed=01:00.
	Waiting on Data Migration
		Reason:Running plugin com.apple.-0LaunchServicesMigrator (00LaunchServicesMigrator.migrator, user-agnostic)
		Migration Elapsed:00:54 seconds

[2020-03-26 04:42:44 +0000] Status=2, isTerminal=NO, Elapsed=01:01.
	Waiting on Data Migration
		Reason:Running plugin com.apple.-0LaunchServicesMigrator (00LaunchServicesMigrator.migrator, user-agnostic)
		Migration Elapsed:00:55 seconds

[2020-03-26 04:42:45 +0000] Status=2, isTerminal=NO, Elapsed=01:02.
	Waiting on Data Migration
		Reason:Running plugin com.apple.-0LaunchServicesMigrator (00LaunchServicesMigrator.migrator, user-agnostic)
		Migration Elapsed:00:56 seconds

[2020-03-26 04:42:46 +0000] Status=2, isTerminal=NO, Elapsed=01:03.
	Waiting on Data Migration
		Reason:Running plugin com.apple.-0LaunchServicesMigrator (00LaunchServicesMigrator.migrator, user-agnostic)
		Migration Elapsed:00:57 seconds

[2020-03-26 04:42:47 +0000] Status=2, isTerminal=NO, Elapsed=01:04.
	Waiting on Data Migration
		Reason:Running plugin com.apple.-0LaunchServicesMigrator (00LaunchServicesMigrator.migrator, user-agnostic)
		Migration Elapsed:00:58 seconds

[2020-03-26 04:42:48 +0000] Status=2, isTerminal=NO, Elapsed=01:05.
	Waiting on Data Migration
		Reason:Running plugin com.apple.-0LaunchServicesMigrator (00LaunchServicesMigrator.migrator, user-agnostic)
		Migration Elapsed:00:59 seconds

[2020-03-26 04:42:49 +0000] Status=2, isTerminal=NO, Elapsed=01:06.
	Waiting on Data Migration
		Reason:Running plugin com.apple.-0LaunchServicesMigrator (00LaunchServicesMigrator.migrator, user-agnostic)
		Migration Elapsed:01:00 seconds

[2020-03-26 04:42:50 +0000] Status=2, isTerminal=NO, Elapsed=01:07.
	Waiting on Data Migration
		Reason:Running plugin com.apple.-0LaunchServicesMigrator (00LaunchServicesMigrator.migrator, user-agnostic)
		Migration Elapsed:01:01 seconds

[2020-03-26 04:42:51 +0000] Status=2, isTerminal=NO, Elapsed=01:08.
	Waiting on Data Migration
		Reason:Running plugin com.apple.-0LaunchServicesMigrator (00LaunchServicesMigrator.migrator, user-agnostic)
		Migration Elapsed:01:02 seconds

[2020-03-26 04:42:52 +0000] Status=2, isTerminal=NO, Elapsed=01:09.
	Waiting on Data Migration
		Reason:Running plugin com.apple.-0LaunchServicesMigrator (00LaunchServicesMigrator.migrator, user-agnostic)
		Migration Elapsed:01:03 seconds

[2020-03-26 04:42:53 +0000] Status=2, isTerminal=NO, Elapsed=01:10.
	Waiting on Data Migration
		Reason:Running plugin com.apple.-0LaunchServicesMigrator (00LaunchServicesMigrator.migrator, user-agnostic)
		Migration Elapsed:01:04 seconds

[2020-03-26 04:42:54 +0000] Status=2, isTerminal=NO, Elapsed=01:11.
	Waiting on Data Migration
		Reason:Running plugin com.apple.-0LaunchServicesMigrator (00LaunchServicesMigrator.migrator, user-agnostic)
		Migration Elapsed:01:05 seconds

[2020-03-26 04:42:55 +0000] Status=2, isTerminal=NO, Elapsed=01:12.
	Waiting on Data Migration
		Reason:Running plugin com.apple.-0LaunchServicesMigrator (00LaunchServicesMigrator.migrator, user-agnostic)
		Migration Elapsed:01:06 seconds

[2020-03-26 04:42:56 +0000] Status=2, isTerminal=NO, Elapsed=01:13.
	Waiting on Data Migration
		Reason:Running plugin com.apple.-0LaunchServicesMigrator (00LaunchServicesMigrator.migrator, user-agnostic)
		Migration Elapsed:01:07 seconds

[2020-03-26 04:42:57 +0000] Status=2, isTerminal=NO, Elapsed=01:14.
	Waiting on Data Migration
		Reason:Running plugin com.apple.-0LaunchServicesMigrator (00LaunchServicesMigrator.migrator, user-agnostic)
		Migration Elapsed:01:08 seconds

[2020-03-26 04:42:58 +0000] Status=2, isTerminal=NO, Elapsed=01:15.
	Waiting on Data Migration
		Reason:Running plugin com.apple.-0LaunchServicesMigrator (00LaunchServicesMigrator.migrator, user-agnostic)
		Migration Elapsed:01:09 seconds

[2020-03-26 04:42:59 +0000] Status=2, isTerminal=NO, Elapsed=01:16.
	Waiting on Data Migration
		Reason:Running plugin com.apple.-0LaunchServicesMigrator (00LaunchServicesMigrator.migrator, user-agnostic)
		Migration Elapsed:01:10 seconds

[2020-03-26 04:43:00 +0000] Status=2, isTerminal=NO, Elapsed=01:17.
	Waiting on Data Migration
		Reason:Running plugin com.apple.-0LaunchServicesMigrator (00LaunchServicesMigrator.migrator, user-agnostic)
		Migration Elapsed:01:11 seconds

[2020-03-26 04:43:01 +0000] Status=2, isTerminal=NO, Elapsed=01:18.
	Waiting on Data Migration
		Reason:Running plugin com.apple.-0LaunchServicesMigrator (00LaunchServicesMigrator.migrator, user-agnostic)
		Migration Elapsed:01:12 seconds

[2020-03-26 04:43:02 +0000] Status=2, isTerminal=NO, Elapsed=01:19.
	Waiting on Data Migration
		Reason:Running plugin com.apple.-0LaunchServicesMigrator (00LaunchServicesMigrator.migrator, user-agnostic)
		Migration Elapsed:01:13 seconds

[2020-03-26 04:43:03 +0000] Status=2, isTerminal=NO, Elapsed=01:20.
	Waiting on Data Migration
		Reason:Running plugin com.apple.-0LaunchServicesMigrator (00LaunchServicesMigrator.migrator, user-agnostic)
		Migration Elapsed:01:14 seconds

[2020-03-26 04:43:04 +0000] Status=2, isTerminal=NO, Elapsed=01:21.
	Waiting on Data Migration
		Reason:Running plugin com.apple.-0LaunchServicesMigrator (00LaunchServicesMigrator.migrator, user-agnostic)
		Migration Elapsed:01:15 seconds

[2020-03-26 04:43:05 +0000] Status=2, isTerminal=NO, Elapsed=01:22.
	Waiting on Data Migration
		Reason:Running plugin com.apple.-0LaunchServicesMigrator (00LaunchServicesMigrator.migrator, user-agnostic)
		Migration Elapsed:01:16 seconds

[2020-03-26 04:43:06 +0000] Status=2, isTerminal=NO, Elapsed=01:23.
	Waiting on Data Migration
		Reason:Running plugin com.apple.-0LaunchServicesMigrator (00LaunchServicesMigrator.migrator, user-agnostic)
		Migration Elapsed:01:17 seconds

[2020-03-26 04:43:07 +0000] Status=2, isTerminal=NO, Elapsed=01:24.
	Waiting on Data Migration
		Reason:Running plugin com.apple.-0LaunchServicesMigrator (00LaunchServicesMigrator.migrator, user-agnostic)
		Migration Elapsed:01:18 seconds

[2020-03-26 04:43:08 +0000] Status=2, isTerminal=NO, Elapsed=01:25.
	Waiting on Data Migration
		Reason:Running plugin com.apple.-0LaunchServicesMigrator (00LaunchServicesMigrator.migrator, user-agnostic)
		Migration Elapsed:01:19 seconds

[2020-03-26 04:43:09 +0000] Status=2, isTerminal=NO, Elapsed=01:26.
	Waiting on Data Migration
		Reason:Running plugin com.apple.-0LaunchServicesMigrator (00LaunchServicesMigrator.migrator, user-agnostic)
		Migration Elapsed:01:20 seconds

[2020-03-26 04:43:10 +0000] Status=2, isTerminal=NO, Elapsed=01:27.
	Waiting on Data Migration
		Reason:Running plugin com.apple.-0LaunchServicesMigrator (00LaunchServicesMigrator.migrator, user-agnostic)
		Migration Elapsed:01:21 seconds

[2020-03-26 04:43:11 +0000] Status=2, isTerminal=NO, Elapsed=01:28.
	Waiting on Data Migration
		Reason:Running plugin com.apple.-0LaunchServicesMigrator (00LaunchServicesMigrator.migrator, user-agnostic)
		Migration Elapsed:01:22 seconds

[2020-03-26 04:43:12 +0000] Status=2, isTerminal=NO, Elapsed=01:29.
	Waiting on Data Migration
		Reason:Running plugin com.apple.-0LaunchServicesMigrator (00LaunchServicesMigrator.migrator, user-agnostic)
		Migration Elapsed:01:23 seconds

[2020-03-26 04:43:13 +0000] Status=2, isTerminal=NO, Elapsed=01:30.
	Waiting on Data Migration
		Reason:Running plugin com.apple.-0LaunchServicesMigrator (00LaunchServicesMigrator.migrator, user-agnostic)
		Migration Elapsed:01:24 seconds

[2020-03-26 04:43:14 +0000] Status=2, isTerminal=NO, Elapsed=01:31.
	Waiting on Data Migration
		Reason:Running plugin com.apple.-0LaunchServicesMigrator (00LaunchServicesMigrator.migrator, user-agnostic)
		Migration Elapsed:01:25 seconds

[2020-03-26 04:43:15 +0000] Status=2, isTerminal=NO, Elapsed=01:32.
	Waiting on Data Migration
		Reason:Running plugin com.apple.-0LaunchServicesMigrator (00LaunchServicesMigrator.migrator, user-agnostic)
		Migration Elapsed:01:26 seconds

[2020-03-26 04:43:16 +0000] Status=2, isTerminal=NO, Elapsed=01:33.
	Waiting on Data Migration
		Reason:Running plugin com.apple.-0LaunchServicesMigrator (00LaunchServicesMigrator.migrator, user-agnostic)
		Migration Elapsed:01:27 seconds

[2020-03-26 04:43:17 +0000] Status=2, isTerminal=NO, Elapsed=01:34.
	Waiting on Data Migration
		Reason:Running plugin com.apple.-0LaunchServicesMigrator (00LaunchServicesMigrator.migrator, user-agnostic)
		Migration Elapsed:01:28 seconds

[2020-03-26 04:43:18 +0000] Status=2, isTerminal=NO, Elapsed=01:35.
	Waiting on Data Migration
		Reason:Running plugin com.apple.-0LaunchServicesMigrator (00LaunchServicesMigrator.migrator, user-agnostic)
		Migration Elapsed:01:29 seconds

[2020-03-26 04:43:19 +0000] Status=2, isTerminal=NO, Elapsed=01:36.
	Waiting on Data Migration
		Reason:Running plugin com.apple.-0LaunchServicesMigrator (00LaunchServicesMigrator.migrator, user-agnostic)
		Migration Elapsed:01:30 seconds

[2020-03-26 04:43:20 +0000] Status=2, isTerminal=NO, Elapsed=01:37.
	Waiting on Data Migration
		Reason:Running plugin com.apple.-0LaunchServicesMigrator (00LaunchServicesMigrator.migrator, user-agnostic)
		Migration Elapsed:01:31 seconds

[2020-03-26 04:43:21 +0000] Status=2, isTerminal=NO, Elapsed=01:38.
	Waiting on Data Migration
		Reason:Running plugin com.apple.-0LaunchServicesMigrator (00LaunchServicesMigrator.migrator, user-agnostic)
		Migration Elapsed:01:32 seconds

[2020-03-26 04:43:22 +0000] Status=2, isTerminal=NO, Elapsed=01:39.
	Waiting on Data Migration
		Reason:Running plugin com.apple.-0LaunchServicesMigrator (00LaunchServicesMigrator.migrator, user-agnostic)
		Migration Elapsed:01:33 seconds

[2020-03-26 04:43:23 +0000] Status=2, isTerminal=NO, Elapsed=01:40.
	Waiting on Data Migration
		Reason:Running plugin com.apple.-0LaunchServicesMigrator (00LaunchServicesMigrator.migrator, user-agnostic)
		Migration Elapsed:01:34 seconds

[2020-03-26 04:43:24 +0000] Status=2, isTerminal=NO, Elapsed=01:41.
	Waiting on Data Migration
		Reason:Running plugin com.apple.-0LaunchServicesMigrator (00LaunchServicesMigrator.migrator, user-agnostic)
		Migration Elapsed:01:35 seconds

[2020-03-26 04:43:25 +0000] Status=2, isTerminal=NO, Elapsed=01:42.
	Waiting on Data Migration
		Reason:Running plugin com.apple.-0LaunchServicesMigrator (00LaunchServicesMigrator.migrator, user-agnostic)
		Migration Elapsed:01:36 seconds

[2020-03-26 04:43:26 +0000] Status=2, isTerminal=NO, Elapsed=01:43.
	Waiting on Data Migration
		Reason:Running plugin com.apple.-0LaunchServicesMigrator (00LaunchServicesMigrator.migrator, user-agnostic)
		Migration Elapsed:01:37 seconds

[2020-03-26 04:43:27 +0000] Status=2, isTerminal=NO, Elapsed=01:44.
	Waiting on Data Migration
		Reason:Running plugin com.apple.-0LaunchServicesMigrator (00LaunchServicesMigrator.migrator, user-agnostic)
		Migration Elapsed:01:38 seconds

[2020-03-26 04:43:28 +0000] Status=2, isTerminal=NO, Elapsed=01:45.
	Waiting on Data Migration
		Reason:Running plugin com.apple.-0LaunchServicesMigrator (00LaunchServicesMigrator.migrator, user-agnostic)
		Migration Elapsed:01:39 seconds

[2020-03-26 04:43:29 +0000] Status=2, isTerminal=NO, Elapsed=01:46.
	Waiting on Data Migration
		Reason:Running plugin com.apple.-0LaunchServicesMigrator (00LaunchServicesMigrator.migrator, user-agnostic)
		Migration Elapsed:01:40 seconds

[2020-03-26 04:43:30 +0000] Status=2, isTerminal=NO, Elapsed=01:47.
	Waiting on Data Migration
		Reason:Running plugin com.apple.-0LaunchServicesMigrator (00LaunchServicesMigrator.migrator, user-agnostic)
		Migration Elapsed:01:41 seconds

[2020-03-26 04:43:31 +0000] Status=2, isTerminal=NO, Elapsed=01:48.
	Waiting on Data Migration
		Reason:Running plugin com.apple.-0LaunchServicesMigrator (00LaunchServicesMigrator.migrator, user-agnostic)
		Migration Elapsed:01:42 seconds

[2020-03-26 04:43:32 +0000] Status=2, isTerminal=NO, Elapsed=01:49.
	Waiting on Data Migration
		Reason:Running plugin com.apple.-0LaunchServicesMigrator (00LaunchServicesMigrator.migrator, user-agnostic)
		Migration Elapsed:01:43 seconds

[2020-03-26 04:43:33 +0000] Status=2, isTerminal=NO, Elapsed=01:50.
	Waiting on Data Migration
		Reason:Running plugin com.apple.-0LaunchServicesMigrator (00LaunchServicesMigrator.migrator, user-agnostic)
		Migration Elapsed:01:44 seconds

[2020-03-26 04:43:34 +0000] Status=2, isTerminal=NO, Elapsed=01:51.
	Waiting on Data Migration
		Reason:Running plugin com.apple.-0LaunchServicesMigrator (00LaunchServicesMigrator.migrator, user-agnostic)
		Migration Elapsed:01:45 seconds

[2020-03-26 04:43:35 +0000] Status=2, isTerminal=NO, Elapsed=01:52.
	Waiting on Data Migration
		Reason:Running plugin com.apple.-0LaunchServicesMigrator (00LaunchServicesMigrator.migrator, user-agnostic)
		Migration Elapsed:01:46 seconds

[2020-03-26 04:43:36 +0000] Status=2, isTerminal=NO, Elapsed=01:53.
	Waiting on Data Migration
		Reason:Running plugin com.apple.-0LaunchServicesMigrator (00LaunchServicesMigrator.migrator, user-agnostic)
		Migration Elapsed:01:47 seconds

[2020-03-26 04:43:37 +0000] Status=2, isTerminal=NO, Elapsed=01:54.
	Waiting on Data Migration
		Reason:Running plugin com.apple.-0LaunchServicesMigrator (00LaunchServicesMigrator.migrator, user-agnostic)
		Migration Elapsed:01:48 seconds

[2020-03-26 04:43:38 +0000] Status=2, isTerminal=NO, Elapsed=01:55.
	Waiting on Data Migration
		Reason:Running plugin com.apple.-0LaunchServicesMigrator (00LaunchServicesMigrator.migrator, user-agnostic)
		Migration Elapsed:01:49 seconds

[2020-03-26 04:43:39 +0000] Status=2, isTerminal=NO, Elapsed=01:56.
	Waiting on Data Migration
		Reason:Running plugin com.apple.-0LaunchServicesMigrator (00LaunchServicesMigrator.migrator, user-agnostic)
		Migration Elapsed:01:50 seconds

[2020-03-26 04:43:40 +0000] Status=2, isTerminal=NO, Elapsed=01:57.
	Waiting on Data Migration
		Reason:Running plugin com.apple.-0LaunchServicesMigrator (00LaunchServicesMigrator.migrator, user-agnostic)
		Migration Elapsed:01:51 seconds

[2020-03-26 04:43:41 +0000] Status=2, isTerminal=NO, Elapsed=01:58.
	Waiting on Data Migration
		Reason:Running plugin com.apple.-0LaunchServicesMigrator (00LaunchServicesMigrator.migrator, user-agnostic)
		Migration Elapsed:01:52 seconds

[2020-03-26 04:43:42 +0000] Status=2, isTerminal=NO, Elapsed=01:59.
	Waiting on Data Migration
		Reason:Running plugin com.apple.-0LaunchServicesMigrator (00LaunchServicesMigrator.migrator, user-agnostic)
		Migration Elapsed:01:53 seconds

[2020-03-26 04:43:43 +0000] Status=2, isTerminal=NO, Elapsed=02:00.
	Waiting on Data Migration
		Reason:Running plugin com.apple.-0LaunchServicesMigrator (00LaunchServicesMigrator.migrator, user-agnostic)
		Migration Elapsed:01:54 seconds

[2020-03-26 04:43:44 +0000] Status=2, isTerminal=NO, Elapsed=02:01.
	Waiting on Data Migration
		Reason:Running plugin com.apple.-0LaunchServicesMigrator (00LaunchServicesMigrator.migrator, user-agnostic)
		Migration Elapsed:01:55 seconds

[2020-03-26 04:43:45 +0000] Status=2, isTerminal=NO, Elapsed=02:02.
	Waiting on Data Migration
		Reason:Running plugin com.apple.-0LaunchServicesMigrator (00LaunchServicesMigrator.migrator, user-agnostic)
		Migration Elapsed:01:56 seconds

[2020-03-26 04:43:46 +0000] Status=2, isTerminal=NO, Elapsed=02:03.
	Waiting on Data Migration
		Reason:Running plugin com.apple.-0LaunchServicesMigrator (00LaunchServicesMigrator.migrator, user-agnostic)
		Migration Elapsed:01:57 seconds

[2020-03-26 04:43:47 +0000] Status=2, isTerminal=NO, Elapsed=02:04.
	Waiting on Data Migration
		Reason:Running plugin com.apple.-0LaunchServicesMigrator (00LaunchServicesMigrator.migrator, user-agnostic)
		Migration Elapsed:01:58 seconds

[2020-03-26 04:43:48 +0000] Status=2, isTerminal=NO, Elapsed=02:05.
	Waiting on Data Migration
		Reason:Running plugin com.apple.-0LaunchServicesMigrator (00LaunchServicesMigrator.migrator, user-agnostic)
		Migration Elapsed:01:59 seconds

[2020-03-26 04:43:49 +0000] Status=2, isTerminal=NO, Elapsed=02:06.
	Waiting on Data Migration
		Reason:Running plugin com.apple.-0LaunchServicesMigrator (00LaunchServicesMigrator.migrator, user-agnostic)
		Migration Elapsed:02:00 seconds

[2020-03-26 04:43:50 +0000] Status=2, isTerminal=NO, Elapsed=02:07.
	Waiting on Data Migration
		Reason:Running plugin com.apple.-0LaunchServicesMigrator (00LaunchServicesMigrator.migrator, user-agnostic)
		Migration Elapsed:02:01 seconds

[2020-03-26 04:43:51 +0000] Status=2, isTerminal=NO, Elapsed=02:08.
	Waiting on Data Migration
		Reason:Running plugin com.apple.-0LaunchServicesMigrator (00LaunchServicesMigrator.migrator, user-agnostic)
		Migration Elapsed:02:02 seconds

[2020-03-26 04:43:52 +0000] Status=2, isTerminal=NO, Elapsed=02:09.
	Waiting on Data Migration
		Reason:Running plugin com.apple.-0LaunchServicesMigrator (00LaunchServicesMigrator.migrator, user-agnostic)
		Migration Elapsed:02:03 seconds

[2020-03-26 04:43:53 +0000] Status=2, isTerminal=NO, Elapsed=02:10.
	Waiting on Data Migration
		Reason:Running plugin com.apple.-0LaunchServicesMigrator (00LaunchServicesMigrator.migrator, user-agnostic)
		Migration Elapsed:02:04 seconds

[2020-03-26 04:43:54 +0000] Status=2, isTerminal=NO, Elapsed=02:11.
	Waiting on Data Migration
		Reason:Running plugin com.apple.-0LaunchServicesMigrator (00LaunchServicesMigrator.migrator, user-agnostic)
		Migration Elapsed:02:05 seconds

[2020-03-26 04:43:55 +0000] Status=2, isTerminal=NO, Elapsed=02:12.
	Waiting on Data Migration
		Reason:Running plugin com.apple.-0LaunchServicesMigrator (00LaunchServicesMigrator.migrator, user-agnostic)
		Migration Elapsed:02:06 seconds

[2020-03-26 04:43:56 +0000] Status=2, isTerminal=NO, Elapsed=02:13.
	Waiting on Data Migration
		Reason:Running plugin com.apple.-0LaunchServicesMigrator (00LaunchServicesMigrator.migrator, user-agnostic)
		Migration Elapsed:02:07 seconds

[2020-03-26 04:43:57 +0000] Status=2, isTerminal=NO, Elapsed=02:14.
	Waiting on Data Migration
		Reason:Running plugin com.apple.-0LaunchServicesMigrator (00LaunchServicesMigrator.migrator, user-agnostic)
		Migration Elapsed:02:08 seconds

[2020-03-26 04:43:58 +0000] Status=2, isTerminal=NO, Elapsed=02:15.
	Waiting on Data Migration
		Reason:Running plugin com.apple.-0LaunchServicesMigrator (00LaunchServicesMigrator.migrator, user-agnostic)
		Migration Elapsed:02:09 seconds

[2020-03-26 04:43:59 +0000] Status=2, isTerminal=NO, Elapsed=02:16.
	Waiting on Data Migration
		Reason:Running plugin com.apple.-0LaunchServicesMigrator (00LaunchServicesMigrator.migrator, user-agnostic)
		Migration Elapsed:02:10 seconds

[2020-03-26 04:44:00 +0000] Status=2, isTerminal=NO, Elapsed=02:17.
	Waiting on Data Migration
		Reason:Running plugin com.apple.-0LaunchServicesMigrator (00LaunchServicesMigrator.migrator, user-agnostic)
		Migration Elapsed:02:11 seconds

[2020-03-26 04:44:01 +0000] Status=2, isTerminal=NO, Elapsed=02:18.
	Waiting on Data Migration
		Reason:Running plugin com.apple.-0LaunchServicesMigrator (00LaunchServicesMigrator.migrator, user-agnostic)
		Migration Elapsed:02:12 seconds

[2020-03-26 04:44:02 +0000] Status=2, isTerminal=NO, Elapsed=02:19.
	Waiting on Data Migration
		Reason:Running plugin com.apple.-0LaunchServicesMigrator (00LaunchServicesMigrator.migrator, user-agnostic)
		Migration Elapsed:02:13 seconds

[2020-03-26 04:44:03 +0000] Status=2, isTerminal=NO, Elapsed=02:20.
	Waiting on Data Migration
		Reason:Running plugin com.apple.-0LaunchServicesMigrator (00LaunchServicesMigrator.migrator, user-agnostic)
		Migration Elapsed:02:14 seconds

[2020-03-26 04:44:04 +0000] Status=2, isTerminal=NO, Elapsed=02:21.
	Waiting on Data Migration
		Reason:Running plugin com.apple.-0LaunchServicesMigrator (00LaunchServicesMigrator.migrator, user-agnostic)
		Migration Elapsed:02:15 seconds

[2020-03-26 04:44:05 +0000] Status=2, isTerminal=NO, Elapsed=02:22.
	Waiting on Data Migration
		Reason:Running plugin com.apple.-0LaunchServicesMigrator (00LaunchServicesMigrator.migrator, user-agnostic)
		Migration Elapsed:02:16 seconds

[2020-03-26 04:44:06 +0000] Status=2, isTerminal=NO, Elapsed=02:23.
	Waiting on Data Migration
		Reason:Running plugin com.apple.-0LaunchServicesMigrator (00LaunchServicesMigrator.migrator, user-agnostic)
		Migration Elapsed:02:17 seconds


    at getResponseForW3CError (/Applications/Appium.app/Contents/Resources/app/node_modules/appium/node_modules/appium-base-driver/lib/protocol/errors.js:804:9)
    at asyncHandler (/Applications/Appium.app/Contents/Resources/app/node_modules/appium/node_modules/appium-base-driver/lib/protocol/protocol.js:388:37)
    at process._tickCallback (internal/process/next_tick.js:68:7)
Build info: version: &#039;3.141.59&#039;, revision: &#039;e82be7d358&#039;, time: &#039;2018-11-14T08:17:03&#039;
System info: host: &#039;Aswins-Air&#039;, ip: &#039;fe80:0:0:0:18c7:5e5d:1c65:92af%en0&#039;, os.name: &#039;Mac OS X&#039;, os.arch: &#039;x86_64&#039;, os.version: &#039;10.15.3&#039;, java.version: &#039;13.0.1&#039;
Driver info: driver.version: IOSDriver" type="org.openqa.selenium.SessionNotCreatedException">
      <![CDATA[org.openqa.selenium.SessionNotCreatedException: Unable to create a new remote session. Please check the server log for more details. Original error: An unknown server-side error occurred while processing the command. Original error: The simulator 6BE42A44-FE37-4883-93C0-3266405B7660 has failed to finish booting after 120s. Original status: Monitoring boot status for appiumTest-771258FF-ED87-4B58-AA6F-2938F96ABA51-iPhone SE (6BE42A44-FE37-4883-93C0-3266405B7660).
[2020-03-26 04:42:08 +0000] Status=2, isTerminal=NO, Elapsed=00:25.
Waiting on Data Migration
Reason:Running plugin com.apple.-0LaunchServicesMigrator (00LaunchServicesMigrator.migrator, user-agnostic)
Migration Elapsed:00:19 seconds

[2020-03-26 04:42:09 +0000] Status=2, isTerminal=NO, Elapsed=00:26.
Waiting on Data Migration
Reason:Running plugin com.apple.-0LaunchServicesMigrator (00LaunchServicesMigrator.migrator, user-agnostic)
Migration Elapsed:00:20 seconds

[2020-03-26 04:42:10 +0000] Status=2, isTerminal=NO, Elapsed=00:27.
Waiting on Data Migration
Reason:Running plugin com.apple.-0LaunchServicesMigrator (00LaunchServicesMigrator.migrator, user-agnostic)
Migration Elapsed:00:21 seconds

[2020-03-26 04:42:11 +0000] Status=2, isTerminal=NO, Elapsed=00:28.
Waiting on Data Migration
Reason:Running plugin com.apple.-0LaunchServicesMigrator (00LaunchServicesMigrator.migrator, user-agnostic)
Migration Elapsed:00:22 seconds

[2020-03-26 04:42:12 +0000] Status=2, isTerminal=NO, Elapsed=00:29.
Waiting on Data Migration
Reason:Running plugin com.apple.-0LaunchServicesMigrator (00LaunchServicesMigrator.migrator, user-agnostic)
Migration Elapsed:00:23 seconds

[2020-03-26 04:42:13 +0000] Status=2, isTerminal=NO, Elapsed=00:30.
Waiting on Data Migration
Reason:Running plugin com.apple.-0LaunchServicesMigrator (00LaunchServicesMigrator.migrator, user-agnostic)
Migration Elapsed:00:24 seconds

[2020-03-26 04:42:14 +0000] Status=2, isTerminal=NO, Elapsed=00:31.
Waiting on Data Migration
Reason:Running plugin com.apple.-0LaunchServicesMigrator (00LaunchServicesMigrator.migrator, user-agnostic)
Migration Elapsed:00:25 seconds

[2020-03-26 04:42:15 +0000] Status=2, isTerminal=NO, Elapsed=00:32.
Waiting on Data Migration
Reason:Running plugin com.apple.-0LaunchServicesMigrator (00LaunchServicesMigrator.migrator, user-agnostic)
Migration Elapsed:00:26 seconds

[2020-03-26 04:42:16 +0000] Status=2, isTerminal=NO, Elapsed=00:33.
Waiting on Data Migration
Reason:Running plugin com.apple.-0LaunchServicesMigrator (00LaunchServicesMigrator.migrator, user-agnostic)
Migration Elapsed:00:27 seconds

[2020-03-26 04:42:17 +0000] Status=2, isTerminal=NO, Elapsed=00:34.
Waiting on Data Migration
Reason:Running plugin com.apple.-0LaunchServicesMigrator (00LaunchServicesMigrator.migrator, user-agnostic)
Migration Elapsed:00:28 seconds

[2020-03-26 04:42:18 +0000] Status=2, isTerminal=NO, Elapsed=00:35.
Waiting on Data Migration
Reason:Running plugin com.apple.-0LaunchServicesMigrator (00LaunchServicesMigrator.migrator, user-agnostic)
Migration Elapsed:00:29 seconds

[2020-03-26 04:42:19 +0000] Status=2, isTerminal=NO, Elapsed=00:36.
Waiting on Data Migration
Reason:Running plugin com.apple.-0LaunchServicesMigrator (00LaunchServicesMigrator.migrator, user-agnostic)
Migration Elapsed:00:30 seconds

[2020-03-26 04:42:20 +0000] Status=2, isTerminal=NO, Elapsed=00:37.
Waiting on Data Migration
Reason:Running plugin com.apple.-0LaunchServicesMigrator (00LaunchServicesMigrator.migrator, user-agnostic)
Migration Elapsed:00:31 seconds

[2020-03-26 04:42:21 +0000] Status=2, isTerminal=NO, Elapsed=00:38.
Waiting on Data Migration
Reason:Running plugin com.apple.-0LaunchServicesMigrator (00LaunchServicesMigrator.migrator, user-agnostic)
Migration Elapsed:00:32 seconds

[2020-03-26 04:42:22 +0000] Status=2, isTerminal=NO, Elapsed=00:39.
Waiting on Data Migration
Reason:Running plugin com.apple.-0LaunchServicesMigrator (00LaunchServicesMigrator.migrator, user-agnostic)
Migration Elapsed:00:33 seconds

[2020-03-26 04:42:23 +0000] Status=2, isTerminal=NO, Elapsed=00:40.
Waiting on Data Migration
Reason:Running plugin com.apple.-0LaunchServicesMigrator (00LaunchServicesMigrator.migrator, user-agnostic)
Migration Elapsed:00:34 seconds

[2020-03-26 04:42:24 +0000] Status=2, isTerminal=NO, Elapsed=00:41.
Waiting on Data Migration
Reason:Running plugin com.apple.-0LaunchServicesMigrator (00LaunchServicesMigrator.migrator, user-agnostic)
Migration Elapsed:00:35 seconds

[2020-03-26 04:42:25 +0000] Status=2, isTerminal=NO, Elapsed=00:42.
Waiting on Data Migration
Reason:Running plugin com.apple.-0LaunchServicesMigrator (00LaunchServicesMigrator.migrator, user-agnostic)
Migration Elapsed:00:36 seconds

[2020-03-26 04:42:26 +0000] Status=2, isTerminal=NO, Elapsed=00:43.
Waiting on Data Migration
Reason:Running plugin com.apple.-0LaunchServicesMigrator (00LaunchServicesMigrator.migrator, user-agnostic)
Migration Elapsed:00:37 seconds

[2020-03-26 04:42:27 +0000] Status=2, isTerminal=NO, Elapsed=00:44.
Waiting on Data Migration
Reason:Running plugin com.apple.-0LaunchServicesMigrator (00LaunchServicesMigrator.migrator, user-agnostic)
Migration Elapsed:00:38 seconds

[2020-03-26 04:42:28 +0000] Status=2, isTerminal=NO, Elapsed=00:45.
Waiting on Data Migration
Reason:Running plugin com.apple.-0LaunchServicesMigrator (00LaunchServicesMigrator.migrator, user-agnostic)
Migration Elapsed:00:39 seconds

[2020-03-26 04:42:29 +0000] Status=2, isTerminal=NO, Elapsed=00:46.
Waiting on Data Migration
Reason:Running plugin com.apple.-0LaunchServicesMigrator (00LaunchServicesMigrator.migrator, user-agnostic)
Migration Elapsed:00:40 seconds

[2020-03-26 04:42:30 +0000] Status=2, isTerminal=NO, Elapsed=00:47.
Waiting on Data Migration
Reason:Running plugin com.apple.-0LaunchServicesMigrator (00LaunchServicesMigrator.migrator, user-agnostic)
Migration Elapsed:00:41 seconds

[2020-03-26 04:42:31 +0000] Status=2, isTerminal=NO, Elapsed=00:48.
Waiting on Data Migration
Reason:Running plugin com.apple.-0LaunchServicesMigrator (00LaunchServicesMigrator.migrator, user-agnostic)
Migration Elapsed:00:42 seconds

[2020-03-26 04:42:32 +0000] Status=2, isTerminal=NO, Elapsed=00:49.
Waiting on Data Migration
Reason:Running plugin com.apple.-0LaunchServicesMigrator (00LaunchServicesMigrator.migrator, user-agnostic)
Migration Elapsed:00:43 seconds

[2020-03-26 04:42:33 +0000] Status=2, isTerminal=NO, Elapsed=00:50.
Waiting on Data Migration
Reason:Running plugin com.apple.-0LaunchServicesMigrator (00LaunchServicesMigrator.migrator, user-agnostic)
Migration Elapsed:00:44 seconds

[2020-03-26 04:42:34 +0000] Status=2, isTerminal=NO, Elapsed=00:51.
Waiting on Data Migration
Reason:Running plugin com.apple.-0LaunchServicesMigrator (00LaunchServicesMigrator.migrator, user-agnostic)
Migration Elapsed:00:45 seconds

[2020-03-26 04:42:35 +0000] Status=2, isTerminal=NO, Elapsed=00:52.
Waiting on Data Migration
Reason:Running plugin com.apple.-0LaunchServicesMigrator (00LaunchServicesMigrator.migrator, user-agnostic)
Migration Elapsed:00:46 seconds

[2020-03-26 04:42:36 +0000] Status=2, isTerminal=NO, Elapsed=00:53.
Waiting on Data Migration
Reason:Running plugin com.apple.-0LaunchServicesMigrator (00LaunchServicesMigrator.migrator, user-agnostic)
Migration Elapsed:00:47 seconds

[2020-03-26 04:42:37 +0000] Status=2, isTerminal=NO, Elapsed=00:54.
Waiting on Data Migration
Reason:Running plugin com.apple.-0LaunchServicesMigrator (00LaunchServicesMigrator.migrator, user-agnostic)
Migration Elapsed:00:48 seconds

[2020-03-26 04:42:38 +0000] Status=2, isTerminal=NO, Elapsed=00:55.
Waiting on Data Migration
Reason:Running plugin com.apple.-0LaunchServicesMigrator (00LaunchServicesMigrator.migrator, user-agnostic)
Migration Elapsed:00:49 seconds

[2020-03-26 04:42:39 +0000] Status=2, isTerminal=NO, Elapsed=00:56.
Waiting on Data Migration
Reason:Running plugin com.apple.-0LaunchServicesMigrator (00LaunchServicesMigrator.migrator, user-agnostic)
Migration Elapsed:00:50 seconds

[2020-03-26 04:42:40 +0000] Status=2, isTerminal=NO, Elapsed=00:57.
Waiting on Data Migration
Reason:Running plugin com.apple.-0LaunchServicesMigrator (00LaunchServicesMigrator.migrator, user-agnostic)
Migration Elapsed:00:51 seconds

[2020-03-26 04:42:41 +0000] Status=2, isTerminal=NO, Elapsed=00:58.
Waiting on Data Migration
Reason:Running plugin com.apple.-0LaunchServicesMigrator (00LaunchServicesMigrator.migrator, user-agnostic)
Migration Elapsed:00:52 seconds

[2020-03-26 04:42:42 +0000] Status=2, isTerminal=NO, Elapsed=00:59.
Waiting on Data Migration
Reason:Running plugin com.apple.-0LaunchServicesMigrator (00LaunchServicesMigrator.migrator, user-agnostic)
Migration Elapsed:00:53 seconds

[2020-03-26 04:42:43 +0000] Status=2, isTerminal=NO, Elapsed=01:00.
Waiting on Data Migration
Reason:Running plugin com.apple.-0LaunchServicesMigrator (00LaunchServicesMigrator.migrator, user-agnostic)
Migration Elapsed:00:54 seconds

[2020-03-26 04:42:44 +0000] Status=2, isTerminal=NO, Elapsed=01:01.
Waiting on Data Migration
Reason:Running plugin com.apple.-0LaunchServicesMigrator (00LaunchServicesMigrator.migrator, user-agnostic)
Migration Elapsed:00:55 seconds

[2020-03-26 04:42:45 +0000] Status=2, isTerminal=NO, Elapsed=01:02.
Waiting on Data Migration
Reason:Running plugin com.apple.-0LaunchServicesMigrator (00LaunchServicesMigrator.migrator, user-agnostic)
Migration Elapsed:00:56 seconds

[2020-03-26 04:42:46 +0000] Status=2, isTerminal=NO, Elapsed=01:03.
Waiting on Data Migration
Reason:Running plugin com.apple.-0LaunchServicesMigrator (00LaunchServicesMigrator.migrator, user-agnostic)
Migration Elapsed:00:57 seconds

[2020-03-26 04:42:47 +0000] Status=2, isTerminal=NO, Elapsed=01:04.
Waiting on Data Migration
Reason:Running plugin com.apple.-0LaunchServicesMigrator (00LaunchServicesMigrator.migrator, user-agnostic)
Migration Elapsed:00:58 seconds

[2020-03-26 04:42:48 +0000] Status=2, isTerminal=NO, Elapsed=01:05.
Waiting on Data Migration
Reason:Running plugin com.apple.-0LaunchServicesMigrator (00LaunchServicesMigrator.migrator, user-agnostic)
Migration Elapsed:00:59 seconds

[2020-03-26 04:42:49 +0000] Status=2, isTerminal=NO, Elapsed=01:06.
Waiting on Data Migration
Reason:Running plugin com.apple.-0LaunchServicesMigrator (00LaunchServicesMigrator.migrator, user-agnostic)
Migration Elapsed:01:00 seconds

[2020-03-26 04:42:50 +0000] Status=2, isTerminal=NO, Elapsed=01:07.
Waiting on Data Migration
Reason:Running plugin com.apple.-0LaunchServicesMigrator (00LaunchServicesMigrator.migrator, user-agnostic)
Migration Elapsed:01:01 seconds

[2020-03-26 04:42:51 +0000] Status=2, isTerminal=NO, Elapsed=01:08.
Waiting on Data Migration
Reason:Running plugin com.apple.-0LaunchServicesMigrator (00LaunchServicesMigrator.migrator, user-agnostic)
Migration Elapsed:01:02 seconds

[2020-03-26 04:42:52 +0000] Status=2, isTerminal=NO, Elapsed=01:09.
Waiting on Data Migration
Reason:Running plugin com.apple.-0LaunchServicesMigrator (00LaunchServicesMigrator.migrator, user-agnostic)
Migration Elapsed:01:03 seconds

[2020-03-26 04:42:53 +0000] Status=2, isTerminal=NO, Elapsed=01:10.
Waiting on Data Migration
Reason:Running plugin com.apple.-0LaunchServicesMigrator (00LaunchServicesMigrator.migrator, user-agnostic)
Migration Elapsed:01:04 seconds

[2020-03-26 04:42:54 +0000] Status=2, isTerminal=NO, Elapsed=01:11.
Waiting on Data Migration
Reason:Running plugin com.apple.-0LaunchServicesMigrator (00LaunchServicesMigrator.migrator, user-agnostic)
Migration Elapsed:01:05 seconds

[2020-03-26 04:42:55 +0000] Status=2, isTerminal=NO, Elapsed=01:12.
Waiting on Data Migration
Reason:Running plugin com.apple.-0LaunchServicesMigrator (00LaunchServicesMigrator.migrator, user-agnostic)
Migration Elapsed:01:06 seconds

[2020-03-26 04:42:56 +0000] Status=2, isTerminal=NO, Elapsed=01:13.
Waiting on Data Migration
Reason:Running plugin com.apple.-0LaunchServicesMigrator (00LaunchServicesMigrator.migrator, user-agnostic)
Migration Elapsed:01:07 seconds

[2020-03-26 04:42:57 +0000] Status=2, isTerminal=NO, Elapsed=01:14.
Waiting on Data Migration
Reason:Running plugin com.apple.-0LaunchServicesMigrator (00LaunchServicesMigrator.migrator, user-agnostic)
Migration Elapsed:01:08 seconds

[2020-03-26 04:42:58 +0000] Status=2, isTerminal=NO, Elapsed=01:15.
Waiting on Data Migration
Reason:Running plugin com.apple.-0LaunchServicesMigrator (00LaunchServicesMigrator.migrator, user-agnostic)
Migration Elapsed:01:09 seconds

[2020-03-26 04:42:59 +0000] Status=2, isTerminal=NO, Elapsed=01:16.
Waiting on Data Migration
Reason:Running plugin com.apple.-0LaunchServicesMigrator (00LaunchServicesMigrator.migrator, user-agnostic)
Migration Elapsed:01:10 seconds

[2020-03-26 04:43:00 +0000] Status=2, isTerminal=NO, Elapsed=01:17.
Waiting on Data Migration
Reason:Running plugin com.apple.-0LaunchServicesMigrator (00LaunchServicesMigrator.migrator, user-agnostic)
Migration Elapsed:01:11 seconds

[2020-03-26 04:43:01 +0000] Status=2, isTerminal=NO, Elapsed=01:18.
Waiting on Data Migration
Reason:Running plugin com.apple.-0LaunchServicesMigrator (00LaunchServicesMigrator.migrator, user-agnostic)
Migration Elapsed:01:12 seconds

[2020-03-26 04:43:02 +0000] Status=2, isTerminal=NO, Elapsed=01:19.
Waiting on Data Migration
Reason:Running plugin com.apple.-0LaunchServicesMigrator (00LaunchServicesMigrator.migrator, user-agnostic)
Migration Elapsed:01:13 seconds

[2020-03-26 04:43:03 +0000] Status=2, isTerminal=NO, Elapsed=01:20.
Waiting on Data Migration
Reason:Running plugin com.apple.-0LaunchServicesMigrator (00LaunchServicesMigrator.migrator, user-agnostic)
Migration Elapsed:01:14 seconds

[2020-03-26 04:43:04 +0000] Status=2, isTerminal=NO, Elapsed=01:21.
Waiting on Data Migration
Reason:Running plugin com.apple.-0LaunchServicesMigrator (00LaunchServicesMigrator.migrator, user-agnostic)
Migration Elapsed:01:15 seconds

[2020-03-26 04:43:05 +0000] Status=2, isTerminal=NO, Elapsed=01:22.
Waiting on Data Migration
Reason:Running plugin com.apple.-0LaunchServicesMigrator (00LaunchServicesMigrator.migrator, user-agnostic)
Migration Elapsed:01:16 seconds

[2020-03-26 04:43:06 +0000] Status=2, isTerminal=NO, Elapsed=01:23.
Waiting on Data Migration
Reason:Running plugin com.apple.-0LaunchServicesMigrator (00LaunchServicesMigrator.migrator, user-agnostic)
Migration Elapsed:01:17 seconds

[2020-03-26 04:43:07 +0000] Status=2, isTerminal=NO, Elapsed=01:24.
Waiting on Data Migration
Reason:Running plugin com.apple.-0LaunchServicesMigrator (00LaunchServicesMigrator.migrator, user-agnostic)
Migration Elapsed:01:18 seconds

[2020-03-26 04:43:08 +0000] Status=2, isTerminal=NO, Elapsed=01:25.
Waiting on Data Migration
Reason:Running plugin com.apple.-0LaunchServicesMigrator (00LaunchServicesMigrator.migrator, user-agnostic)
Migration Elapsed:01:19 seconds

[2020-03-26 04:43:09 +0000] Status=2, isTerminal=NO, Elapsed=01:26.
Waiting on Data Migration
Reason:Running plugin com.apple.-0LaunchServicesMigrator (00LaunchServicesMigrator.migrator, user-agnostic)
Migration Elapsed:01:20 seconds

[2020-03-26 04:43:10 +0000] Status=2, isTerminal=NO, Elapsed=01:27.
Waiting on Data Migration
Reason:Running plugin com.apple.-0LaunchServicesMigrator (00LaunchServicesMigrator.migrator, user-agnostic)
Migration Elapsed:01:21 seconds

[2020-03-26 04:43:11 +0000] Status=2, isTerminal=NO, Elapsed=01:28.
Waiting on Data Migration
Reason:Running plugin com.apple.-0LaunchServicesMigrator (00LaunchServicesMigrator.migrator, user-agnostic)
Migration Elapsed:01:22 seconds

[2020-03-26 04:43:12 +0000] Status=2, isTerminal=NO, Elapsed=01:29.
Waiting on Data Migration
Reason:Running plugin com.apple.-0LaunchServicesMigrator (00LaunchServicesMigrator.migrator, user-agnostic)
Migration Elapsed:01:23 seconds

[2020-03-26 04:43:13 +0000] Status=2, isTerminal=NO, Elapsed=01:30.
Waiting on Data Migration
Reason:Running plugin com.apple.-0LaunchServicesMigrator (00LaunchServicesMigrator.migrator, user-agnostic)
Migration Elapsed:01:24 seconds

[2020-03-26 04:43:14 +0000] Status=2, isTerminal=NO, Elapsed=01:31.
Waiting on Data Migration
Reason:Running plugin com.apple.-0LaunchServicesMigrator (00LaunchServicesMigrator.migrator, user-agnostic)
Migration Elapsed:01:25 seconds

[2020-03-26 04:43:15 +0000] Status=2, isTerminal=NO, Elapsed=01:32.
Waiting on Data Migration
Reason:Running plugin com.apple.-0LaunchServicesMigrator (00LaunchServicesMigrator.migrator, user-agnostic)
Migration Elapsed:01:26 seconds

[2020-03-26 04:43:16 +0000] Status=2, isTerminal=NO, Elapsed=01:33.
Waiting on Data Migration
Reason:Running plugin com.apple.-0LaunchServicesMigrator (00LaunchServicesMigrator.migrator, user-agnostic)
Migration Elapsed:01:27 seconds

[2020-03-26 04:43:17 +0000] Status=2, isTerminal=NO, Elapsed=01:34.
Waiting on Data Migration
Reason:Running plugin com.apple.-0LaunchServicesMigrator (00LaunchServicesMigrator.migrator, user-agnostic)
Migration Elapsed:01:28 seconds

[2020-03-26 04:43:18 +0000] Status=2, isTerminal=NO, Elapsed=01:35.
Waiting on Data Migration
Reason:Running plugin com.apple.-0LaunchServicesMigrator (00LaunchServicesMigrator.migrator, user-agnostic)
Migration Elapsed:01:29 seconds

[2020-03-26 04:43:19 +0000] Status=2, isTerminal=NO, Elapsed=01:36.
Waiting on Data Migration
Reason:Running plugin com.apple.-0LaunchServicesMigrator (00LaunchServicesMigrator.migrator, user-agnostic)
Migration Elapsed:01:30 seconds

[2020-03-26 04:43:20 +0000] Status=2, isTerminal=NO, Elapsed=01:37.
Waiting on Data Migration
Reason:Running plugin com.apple.-0LaunchServicesMigrator (00LaunchServicesMigrator.migrator, user-agnostic)
Migration Elapsed:01:31 seconds

[2020-03-26 04:43:21 +0000] Status=2, isTerminal=NO, Elapsed=01:38.
Waiting on Data Migration
Reason:Running plugin com.apple.-0LaunchServicesMigrator (00LaunchServicesMigrator.migrator, user-agnostic)
Migration Elapsed:01:32 seconds

[2020-03-26 04:43:22 +0000] Status=2, isTerminal=NO, Elapsed=01:39.
Waiting on Data Migration
Reason:Running plugin com.apple.-0LaunchServicesMigrator (00LaunchServicesMigrator.migrator, user-agnostic)
Migration Elapsed:01:33 seconds

[2020-03-26 04:43:23 +0000] Status=2, isTerminal=NO, Elapsed=01:40.
Waiting on Data Migration
Reason:Running plugin com.apple.-0LaunchServicesMigrator (00LaunchServicesMigrator.migrator, user-agnostic)
Migration Elapsed:01:34 seconds

[2020-03-26 04:43:24 +0000] Status=2, isTerminal=NO, Elapsed=01:41.
Waiting on Data Migration
Reason:Running plugin com.apple.-0LaunchServicesMigrator (00LaunchServicesMigrator.migrator, user-agnostic)
Migration Elapsed:01:35 seconds

[2020-03-26 04:43:25 +0000] Status=2, isTerminal=NO, Elapsed=01:42.
Waiting on Data Migration
Reason:Running plugin com.apple.-0LaunchServicesMigrator (00LaunchServicesMigrator.migrator, user-agnostic)
Migration Elapsed:01:36 seconds

[2020-03-26 04:43:26 +0000] Status=2, isTerminal=NO, Elapsed=01:43.
Waiting on Data Migration
Reason:Running plugin com.apple.-0LaunchServicesMigrator (00LaunchServicesMigrator.migrator, user-agnostic)
Migration Elapsed:01:37 seconds

[2020-03-26 04:43:27 +0000] Status=2, isTerminal=NO, Elapsed=01:44.
Waiting on Data Migration
Reason:Running plugin com.apple.-0LaunchServicesMigrator (00LaunchServicesMigrator.migrator, user-agnostic)
Migration Elapsed:01:38 seconds

[2020-03-26 04:43:28 +0000] Status=2, isTerminal=NO, Elapsed=01:45.
Waiting on Data Migration
Reason:Running plugin com.apple.-0LaunchServicesMigrator (00LaunchServicesMigrator.migrator, user-agnostic)
Migration Elapsed:01:39 seconds

[2020-03-26 04:43:29 +0000] Status=2, isTerminal=NO, Elapsed=01:46.
Waiting on Data Migration
Reason:Running plugin com.apple.-0LaunchServicesMigrator (00LaunchServicesMigrator.migrator, user-agnostic)
Migration Elapsed:01:40 seconds

[2020-03-26 04:43:30 +0000] Status=2, isTerminal=NO, Elapsed=01:47.
Waiting on Data Migration
Reason:Running plugin com.apple.-0LaunchServicesMigrator (00LaunchServicesMigrator.migrator, user-agnostic)
Migration Elapsed:01:41 seconds

[2020-03-26 04:43:31 +0000] Status=2, isTerminal=NO, Elapsed=01:48.
Waiting on Data Migration
Reason:Running plugin com.apple.-0LaunchServicesMigrator (00LaunchServicesMigrator.migrator, user-agnostic)
Migration Elapsed:01:42 seconds

[2020-03-26 04:43:32 +0000] Status=2, isTerminal=NO, Elapsed=01:49.
Waiting on Data Migration
Reason:Running plugin com.apple.-0LaunchServicesMigrator (00LaunchServicesMigrator.migrator, user-agnostic)
Migration Elapsed:01:43 seconds

[...]
Migration Elapsed:01:02 seconds

[2020-03-26 04:42:52 +0000] Status=2, isTerminal=NO, Elapsed=01:09.
Waiting on Data Migration
Reason:Running plugin com.apple.-0LaunchServicesMigrator (00LaunchServicesMigrator.migrator, user-agnostic)
Migration Elapsed:01:03 seconds

[2020-03-26 04:42:53 +0000] Status=2, isTerminal=NO, Elapsed=01:10.
Waiting on Data Migration
Reason:Running plugin com.apple.-0LaunchServicesMigrator (00LaunchServicesMigrator.migrator, user-agnostic)
Migration Elapsed:01:04 seconds

[2020-03-26 04:42:54 +0000] Status=2, isTerminal=NO, Elapsed=01:11.
Waiting on Data Migration
Reason:Running plugin com.apple.-0LaunchServicesMigrator (00LaunchServicesMigrator.migrator, user-agnostic)
Migration Elapsed:01:05 seconds

[2020-03-26 04:42:55 +0000] Status=2, isTerminal=NO, Elapsed=01:12.
Waiting on Data Migration
Reason:Running plugin com.apple.-0LaunchServicesMigrator (00LaunchServicesMigrator.migrator, user-agnostic)
Migration Elapsed:01:06 seconds

[2020-03-26 04:42:56 +0000] Status=2, isTerminal=NO, Elapsed=01:13.
Waiting on Data Migration
Reason:Running plugin com.apple.-0LaunchServicesMigrator (00LaunchServicesMigrator.migrator, user-agnostic)
Migration Elapsed:01:07 seconds

[2020-03-26 04:42:57 +0000] Status=2, isTerminal=NO, Elapsed=01:14.
Waiting on Data Migration
Reason:Running plugin com.apple.-0LaunchServicesMigrator (00LaunchServicesMigrator.migrator, user-agnostic)
Migration Elapsed:01:08 seconds

[2020-03-26 04:42:58 +0000] Status=2, isTerminal=NO, Elapsed=01:15.
Waiting on Data Migration
Reason:Running plugin com.apple.-0LaunchServicesMigrator (00LaunchServicesMigrator.migrator, user-agnostic)
Migration Elapsed:01:09 seconds

[2020-03-26 04:42:59 +0000] Status=2, isTerminal=NO, Elapsed=01:16.
Waiting on Data Migration
Reason:Running plugin com.apple.-0LaunchServicesMigrator (00LaunchServicesMigrator.migrator, user-agnostic)
Migration Elapsed:01:10 seconds

[2020-03-26 04:43:00 +0000] Status=2, isTerminal=NO, Elapsed=01:17.
Waiting on Data Migration
Reason:Running plugin com.apple.-0LaunchServicesMigrator (00LaunchServicesMigrator.migrator, user-agnostic)
Migration Elapsed:01:11 seconds

[2020-03-26 04:43:01 +0000] Status=2, isTerminal=NO, Elapsed=01:18.
Waiting on Data Migration
Reason:Running plugin com.apple.-0LaunchServicesMigrator (00LaunchServicesMigrator.migrator, user-agnostic)
Migration Elapsed:01:12 seconds

[2020-03-26 04:43:02 +0000] Status=2, isTerminal=NO, Elapsed=01:19.
Waiting on Data Migration
Reason:Running plugin com.apple.-0LaunchServicesMigrator (00LaunchServicesMigrator.migrator, user-agnostic)
Migration Elapsed:01:13 seconds

[2020-03-26 04:43:03 +0000] Status=2, isTerminal=NO, Elapsed=01:20.
Waiting on Data Migration
Reason:Running plugin com.apple.-0LaunchServicesMigrator (00LaunchServicesMigrator.migrator, user-agnostic)
Migration Elapsed:01:14 seconds

[2020-03-26 04:43:04 +0000] Status=2, isTerminal=NO, Elapsed=01:21.
Waiting on Data Migration
Reason:Running plugin com.apple.-0LaunchServicesMigrator (00LaunchServicesMigrator.migrator, user-agnostic)
Migration Elapsed:01:15 seconds

[2020-03-26 04:43:05 +0000] Status=2, isTerminal=NO, Elapsed=01:22.
Waiting on Data Migration
Reason:Running plugin com.apple.-0LaunchServicesMigrator (00LaunchServicesMigrator.migrator, user-agnostic)
Migration Elapsed:01:16 seconds

[2020-03-26 04:43:06 +0000] Status=2, isTerminal=NO, Elapsed=01:23.
Waiting on Data Migration
Reason:Running plugin com.apple.-0LaunchServicesMigrator (00LaunchServicesMigrator.migrator, user-agnostic)
Migration Elapsed:01:17 seconds

[2020-03-26 04:43:07 +0000] Status=2, isTerminal=NO, Elapsed=01:24.
Waiting on Data Migration
Reason:Running plugin com.apple.-0LaunchServicesMigrator (00LaunchServicesMigrator.migrator, user-agnostic)
Migration Elapsed:01:18 seconds

[2020-03-26 04:43:08 +0000] Status=2, isTerminal=NO, Elapsed=01:25.
Waiting on Data Migration
Reason:Running plugin com.apple.-0LaunchServicesMigrator (00LaunchServicesMigrator.migrator, user-agnostic)
Migration Elapsed:01:19 seconds

[2020-03-26 04:43:09 +0000] Status=2, isTerminal=NO, Elapsed=01:26.
Waiting on Data Migration
Reason:Running plugin com.apple.-0LaunchServicesMigrator (00LaunchServicesMigrator.migrator, user-agnostic)
Migration Elapsed:01:20 seconds

[2020-03-26 04:43:10 +0000] Status=2, isTerminal=NO, Elapsed=01:27.
Waiting on Data Migration
Reason:Running plugin com.apple.-0LaunchServicesMigrator (00LaunchServicesMigrator.migrator, user-agnostic)
Migration Elapsed:01:21 seconds

[2020-03-26 04:43:11 +0000] Status=2, isTerminal=NO, Elapsed=01:28.
Waiting on Data Migration
Reason:Running plugin com.apple.-0LaunchServicesMigrator (00LaunchServicesMigrator.migrator, user-agnostic)
Migration Elapsed:01:22 seconds

[2020-03-26 04:43:12 +0000] Status=2, isTerminal=NO, Elapsed=01:29.
Waiting on Data Migration
Reason:Running plugin com.apple.-0LaunchServicesMigrator (00LaunchServicesMigrator.migrator, user-agnostic)
Migration Elapsed:01:23 seconds

[2020-03-26 04:43:13 +0000] Status=2, isTerminal=NO, Elapsed=01:30.
Waiting on Data Migration
Reason:Running plugin com.apple.-0LaunchServicesMigrator (00LaunchServicesMigrator.migrator, user-agnostic)
Migration Elapsed:01:24 seconds

[2020-03-26 04:43:14 +0000] Status=2, isTerminal=NO, Elapsed=01:31.
Waiting on Data Migration
Reason:Running plugin com.apple.-0LaunchServicesMigrator (00LaunchServicesMigrator.migrator, user-agnostic)
Migration Elapsed:01:25 seconds

[2020-03-26 04:43:15 +0000] Status=2, isTerminal=NO, Elapsed=01:32.
Waiting on Data Migration
Reason:Running plugin com.apple.-0LaunchServicesMigrator (00LaunchServicesMigrator.migrator, user-agnostic)
Migration Elapsed:01:26 seconds

[2020-03-26 04:43:16 +0000] Status=2, isTerminal=NO, Elapsed=01:33.
Waiting on Data Migration
Reason:Running plugin com.apple.-0LaunchServicesMigrator (00LaunchServicesMigrator.migrator, user-agnostic)
Migration Elapsed:01:27 seconds

[2020-03-26 04:43:17 +0000] Status=2, isTerminal=NO, Elapsed=01:34.
Waiting on Data Migration
Reason:Running plugin com.apple.-0LaunchServicesMigrator (00LaunchServicesMigrator.migrator, user-agnostic)
Migration Elapsed:01:28 seconds

[2020-03-26 04:43:18 +0000] Status=2, isTerminal=NO, Elapsed=01:35.
Waiting on Data Migration
Reason:Running plugin com.apple.-0LaunchServicesMigrator (00LaunchServicesMigrator.migrator, user-agnostic)
Migration Elapsed:01:29 seconds

[2020-03-26 04:43:19 +0000] Status=2, isTerminal=NO, Elapsed=01:36.
Waiting on Data Migration
Reason:Running plugin com.apple.-0LaunchServicesMigrator (00LaunchServicesMigrator.migrator, user-agnostic)
Migration Elapsed:01:30 seconds

[2020-03-26 04:43:20 +0000] Status=2, isTerminal=NO, Elapsed=01:37.
Waiting on Data Migration
Reason:Running plugin com.apple.-0LaunchServicesMigrator (00LaunchServicesMigrator.migrator, user-agnostic)
Migration Elapsed:01:31 seconds

[2020-03-26 04:43:21 +0000] Status=2, isTerminal=NO, Elapsed=01:38.
Waiting on Data Migration
Reason:Running plugin com.apple.-0LaunchServicesMigrator (00LaunchServicesMigrator.migrator, user-agnostic)
Migration Elapsed:01:32 seconds

[2020-03-26 04:43:22 +0000] Status=2, isTerminal=NO, Elapsed=01:39.
Waiting on Data Migration
Reason:Running plugin com.apple.-0LaunchServicesMigrator (00LaunchServicesMigrator.migrator, user-agnostic)
Migration Elapsed:01:33 seconds

[2020-03-26 04:43:23 +0000] Status=2, isTerminal=NO, Elapsed=01:40.
Waiting on Data Migration
Reason:Running plugin com.apple.-0LaunchServicesMigrator (00LaunchServicesMigrator.migrator, user-agnostic)
Migration Elapsed:01:34 seconds

[2020-03-26 04:43:24 +0000] Status=2, isTerminal=NO, Elapsed=01:41.
Waiting on Data Migration
Reason:Running plugin com.apple.-0LaunchServicesMigrator (00LaunchServicesMigrator.migrator, user-agnostic)
Migration Elapsed:01:35 seconds

[2020-03-26 04:43:25 +0000] Status=2, isTerminal=NO, Elapsed=01:42.
Waiting on Data Migration
Reason:Running plugin com.apple.-0LaunchServicesMigrator (00LaunchServicesMigrator.migrator, user-agnostic)
Migration Elapsed:01:36 seconds

[2020-03-26 04:43:26 +0000] Status=2, isTerminal=NO, Elapsed=01:43.
Waiting on Data Migration
Reason:Running plugin com.apple.-0LaunchServicesMigrator (00LaunchServicesMigrator.migrator, user-agnostic)
Migration Elapsed:01:37 seconds

[2020-03-26 04:43:27 +0000] Status=2, isTerminal=NO, Elapsed=01:44.
Waiting on Data Migration
Reason:Running plugin com.apple.-0LaunchServicesMigrator (00LaunchServicesMigrator.migrator, user-agnostic)
Migration Elapsed:01:38 seconds

[2020-03-26 04:43:28 +0000] Status=2, isTerminal=NO, Elapsed=01:45.
Waiting on Data Migration
Reason:Running plugin com.apple.-0LaunchServicesMigrator (00LaunchServicesMigrator.migrator, user-agnostic)
Migration Elapsed:01:39 seconds

[2020-03-26 04:43:29 +0000] Status=2, isTerminal=NO, Elapsed=01:46.
Waiting on Data Migration
Reason:Running plugin com.apple.-0LaunchServicesMigrator (00LaunchServicesMigrator.migrator, user-agnostic)
Migration Elapsed:01:40 seconds

[2020-03-26 04:43:30 +0000] Status=2, isTerminal=NO, Elapsed=01:47.
Waiting on Data Migration
Reason:Running plugin com.apple.-0LaunchServicesMigrator (00LaunchServicesMigrator.migrator, user-agnostic)
Migration Elapsed:01:41 seconds

[2020-03-26 04:43:31 +0000] Status=2, isTerminal=NO, Elapsed=01:48.
Waiting on Data Migration
Reason:Running plugin com.apple.-0LaunchServicesMigrator (00LaunchServicesMigrator.migrator, user-agnostic)
Migration Elapsed:01:42 seconds

[2020-03-26 04:43:32 +0000] Status=2, isTerminal=NO, Elapsed=01:49.
Waiting on Data Migration
Reason:Running plugin com.apple.-0LaunchServicesMigrator (00LaunchServicesMigrator.migrator, user-agnostic)
Migration Elapsed:01:43 seconds

[2020-03-26 04:43:33 +0000] Status=2, isTerminal=NO, Elapsed=01:50.
Waiting on Data Migration
Reason:Running plugin com.apple.-0LaunchServicesMigrator (00LaunchServicesMigrator.migrator, user-agnostic)
Migration Elapsed:01:44 seconds

[2020-03-26 04:43:34 +0000] Status=2, isTerminal=NO, Elapsed=01:51.
Waiting on Data Migration
Reason:Running plugin com.apple.-0LaunchServicesMigrator (00LaunchServicesMigrator.migrator, user-agnostic)
Migration Elapsed:01:45 seconds

[2020-03-26 04:43:35 +0000] Status=2, isTerminal=NO, Elapsed=01:52.
Waiting on Data Migration
Reason:Running plugin com.apple.-0LaunchServicesMigrator (00LaunchServicesMigrator.migrator, user-agnostic)
Migration Elapsed:01:46 seconds

[2020-03-26 04:43:36 +0000] Status=2, isTerminal=NO, Elapsed=01:53.
Waiting on Data Migration
Reason:Running plugin com.apple.-0LaunchServicesMigrator (00LaunchServicesMigrator.migrator, user-agnostic)
Migration Elapsed:01:47 seconds

[2020-03-26 04:43:37 +0000] Status=2, isTerminal=NO, Elapsed=01:54.
Waiting on Data Migration
Reason:Running plugin com.apple.-0LaunchServicesMigrator (00LaunchServicesMigrator.migrator, user-agnostic)
Migration Elapsed:01:48 seconds

[2020-03-26 04:43:38 +0000] Status=2, isTerminal=NO, Elapsed=01:55.
Waiting on Data Migration
Reason:Running plugin com.apple.-0LaunchServicesMigrator (00LaunchServicesMigrator.migrator, user-agnostic)
Migration Elapsed:01:49 seconds

[2020-03-26 04:43:39 +0000] Status=2, isTerminal=NO, Elapsed=01:56.
Waiting on Data Migration
Reason:Running plugin com.apple.-0LaunchServicesMigrator (00LaunchServicesMigrator.migrator, user-agnostic)
Migration Elapsed:01:50 seconds

[2020-03-26 04:43:40 +0000] Status=2, isTerminal=NO, Elapsed=01:57.
Waiting on Data Migration
Reason:Running plugin com.apple.-0LaunchServicesMigrator (00LaunchServicesMigrator.migrator, user-agnostic)
Migration Elapsed:01:51 seconds

[2020-03-26 04:43:41 +0000] Status=2, isTerminal=NO, Elapsed=01:58.
Waiting on Data Migration
Reason:Running plugin com.apple.-0LaunchServicesMigrator (00LaunchServicesMigrator.migrator, user-agnostic)
Migration Elapsed:01:52 seconds

[2020-03-26 04:43:42 +0000] Status=2, isTerminal=NO, Elapsed=01:59.
Waiting on Data Migration
Reason:Running plugin com.apple.-0LaunchServicesMigrator (00LaunchServicesMigrator.migrator, user-agnostic)
Migration Elapsed:01:53 seconds

[2020-03-26 04:43:43 +0000] Status=2, isTerminal=NO, Elapsed=02:00.
Waiting on Data Migration
Reason:Running plugin com.apple.-0LaunchServicesMigrator (00LaunchServicesMigrator.migrator, user-agnostic)
Migration Elapsed:01:54 seconds

[2020-03-26 04:43:44 +0000] Status=2, isTerminal=NO, Elapsed=02:01.
Waiting on Data Migration
Reason:Running plugin com.apple.-0LaunchServicesMigrator (00LaunchServicesMigrator.migrator, user-agnostic)
Migration Elapsed:01:55 seconds

[2020-03-26 04:43:45 +0000] Status=2, isTerminal=NO, Elapsed=02:02.
Waiting on Data Migration
Reason:Running plugin com.apple.-0LaunchServicesMigrator (00LaunchServicesMigrator.migrator, user-agnostic)
Migration Elapsed:01:56 seconds

[2020-03-26 04:43:46 +0000] Status=2, isTerminal=NO, Elapsed=02:03.
Waiting on Data Migration
Reason:Running plugin com.apple.-0LaunchServicesMigrator (00LaunchServicesMigrator.migrator, user-agnostic)
Migration Elapsed:01:57 seconds

[2020-03-26 04:43:47 +0000] Status=2, isTerminal=NO, Elapsed=02:04.
Waiting on Data Migration
Reason:Running plugin com.apple.-0LaunchServicesMigrator (00LaunchServicesMigrator.migrator, user-agnostic)
Migration Elapsed:01:58 seconds

[2020-03-26 04:43:48 +0000] Status=2, isTerminal=NO, Elapsed=02:05.
Waiting on Data Migration
Reason:Running plugin com.apple.-0LaunchServicesMigrator (00LaunchServicesMigrator.migrator, user-agnostic)
Migration Elapsed:01:59 seconds

[2020-03-26 04:43:49 +0000] Status=2, isTerminal=NO, Elapsed=02:06.
Waiting on Data Migration
Reason:Running plugin com.apple.-0LaunchServicesMigrator (00LaunchServicesMigrator.migrator, user-agnostic)
Migration Elapsed:02:00 seconds

[2020-03-26 04:43:50 +0000] Status=2, isTerminal=NO, Elapsed=02:07.
Waiting on Data Migration
Reason:Running plugin com.apple.-0LaunchServicesMigrator (00LaunchServicesMigrator.migrator, user-agnostic)
Migration Elapsed:02:01 seconds

[2020-03-26 04:43:51 +0000] Status=2, isTerminal=NO, Elapsed=02:08.
Waiting on Data Migration
Reason:Running plugin com.apple.-0LaunchServicesMigrator (00LaunchServicesMigrator.migrator, user-agnostic)
Migration Elapsed:02:02 seconds

[2020-03-26 04:43:52 +0000] Status=2, isTerminal=NO, Elapsed=02:09.
Waiting on Data Migration
Reason:Running plugin com.apple.-0LaunchServicesMigrator (00LaunchServicesMigrator.migrator, user-agnostic)
Migration Elapsed:02:03 seconds

[2020-03-26 04:43:53 +0000] Status=2, isTerminal=NO, Elapsed=02:10.
Waiting on Data Migration
Reason:Running plugin com.apple.-0LaunchServicesMigrator (00LaunchServicesMigrator.migrator, user-agnostic)
Migration Elapsed:02:04 seconds

[2020-03-26 04:43:54 +0000] Status=2, isTerminal=NO, Elapsed=02:11.
Waiting on Data Migration
Reason:Running plugin com.apple.-0LaunchServicesMigrator (00LaunchServicesMigrator.migrator, user-agnostic)
Migration Elapsed:02:05 seconds

[2020-03-26 04:43:55 +0000] Status=2, isTerminal=NO, Elapsed=02:12.
Waiting on Data Migration
Reason:Running plugin com.apple.-0LaunchServicesMigrator (00LaunchServicesMigrator.migrator, user-agnostic)
Migration Elapsed:02:06 seconds

[2020-03-26 04:43:56 +0000] Status=2, isTerminal=NO, Elapsed=02:13.
Waiting on Data Migration
Reason:Running plugin com.apple.-0LaunchServicesMigrator (00LaunchServicesMigrator.migrator, user-agnostic)
Migration Elapsed:02:07 seconds

[2020-03-26 04:43:57 +0000] Status=2, isTerminal=NO, Elapsed=02:14.
Waiting on Data Migration
Reason:Running plugin com.apple.-0LaunchServicesMigrator (00LaunchServicesMigrator.migrator, user-agnostic)
Migration Elapsed:02:08 seconds

[2020-03-26 04:43:58 +0000] Status=2, isTerminal=NO, Elapsed=02:15.
Waiting on Data Migration
Reason:Running plugin com.apple.-0LaunchServicesMigrator (00LaunchServicesMigrator.migrator, user-agnostic)
Migration Elapsed:02:09 seconds

[2020-03-26 04:43:59 +0000] Status=2, isTerminal=NO, Elapsed=02:16.
Waiting on Data Migration
Reason:Running plugin com.apple.-0LaunchServicesMigrator (00LaunchServicesMigrator.migrator, user-agnostic)
Migration Elapsed:02:10 seconds

[2020-03-26 04:44:00 +0000] Status=2, isTerminal=NO, Elapsed=02:17.
Waiting on Data Migration
Reason:Running plugin com.apple.-0LaunchServicesMigrator (00LaunchServicesMigrator.migrator, user-agnostic)
Migration Elapsed:02:11 seconds

[2020-03-26 04:44:01 +0000] Status=2, isTerminal=NO, Elapsed=02:18.
Waiting on Data Migration
Reason:Running plugin com.apple.-0LaunchServicesMigrator (00LaunchServicesMigrator.migrator, user-agnostic)
Migration Elapsed:02:12 seconds

[2020-03-26 04:44:02 +0000] Status=2, isTerminal=NO, Elapsed=02:19.
Waiting on Data Migration
Reason:Running plugin com.apple.-0LaunchServicesMigrator (00LaunchServicesMigrator.migrator, user-agnostic)
Migration Elapsed:02:13 seconds

[2020-03-26 04:44:03 +0000] Status=2, isTerminal=NO, Elapsed=02:20.
Waiting on Data Migration
Reason:Running plugin com.apple.-0LaunchServicesMigrator (00LaunchServicesMigrator.migrator, user-agnostic)
Migration Elapsed:02:14 seconds

[2020-03-26 04:44:04 +0000] Status=2, isTerminal=NO, Elapsed=02:21.
Waiting on Data Migration
Reason:Running plugin com.apple.-0LaunchServicesMigrator (00LaunchServicesMigrator.migrator, user-agnostic)
Migration Elapsed:02:15 seconds

[2020-03-26 04:44:05 +0000] Status=2, isTerminal=NO, Elapsed=02:22.
Waiting on Data Migration
Reason:Running plugin com.apple.-0LaunchServicesMigrator (00LaunchServicesMigrator.migrator, user-agnostic)
Migration Elapsed:02:16 seconds

[2020-03-26 04:44:06 +0000] Status=2, isTerminal=NO, Elapsed=02:23.
Waiting on Data Migration
Reason:Running plugin com.apple.-0LaunchServicesMigrator (00LaunchServicesMigrator.migrator, user-agnostic)
Migration Elapsed:02:17 seconds


    at getResponseForW3CError (/Applications/Appium.app/Contents/Resources/app/node_modules/appium/node_modules/appium-base-driver/lib/protocol/errors.js:804:9)
    at asyncHandler (/Applications/Appium.app/Contents/Resources/app/node_modules/appium/node_modules/appium-base-driver/lib/protocol/protocol.js:388:37)
    at process._tickCallback (internal/process/next_tick.js:68:7)
at java.base/jdk.internal.reflect.NativeConstructorAccessorImpl.newInstance0(Native Method)
at java.base/jdk.internal.reflect.NativeConstructorAccessorImpl.newInstance(NativeConstructorAccessorImpl.java:62)
at java.base/jdk.internal.reflect.DelegatingConstructorAccessorImpl.newInstance(DelegatingConstructorAccessorImpl.java:45)
at java.base/java.lang.reflect.Constructor.newInstanceWithCaller(Constructor.java:500)
at java.base/java.lang.reflect.Constructor.newInstance(Constructor.java:481)
at org.openqa.selenium.remote.W3CHandshakeResponse.lambda$errorHandler$0(W3CHandshakeResponse.java:62)
at org.openqa.selenium.remote.HandshakeResponse.lambda$getResponseFunction$0(HandshakeResponse.java:30)
at org.openqa.selenium.remote.ProtocolHandshake.lambda$createSession$0(ProtocolHandshake.java:126)
at java.base/java.util.stream.ReferencePipeline$3$1.accept(ReferencePipeline.java:195)
at java.base/java.util.Spliterators$ArraySpliterator.tryAdvance(Spliterators.java:958)
at java.base/java.util.stream.ReferencePipeline.forEachWithCancel(ReferencePipeline.java:127)
at java.base/java.util.stream.AbstractPipeline.copyIntoWithCancel(AbstractPipeline.java:502)
at java.base/java.util.stream.AbstractPipeline.copyInto(AbstractPipeline.java:488)
at java.base/java.util.stream.AbstractPipeline.wrapAndCopyInto(AbstractPipeline.java:474)
at java.base/java.util.stream.FindOps$FindOp.evaluateSequential(FindOps.java:150)
at java.base/java.util.stream.AbstractPipeline.evaluate(AbstractPipeline.java:234)
at java.base/java.util.stream.ReferencePipeline.findFirst(ReferencePipeline.java:543)
at org.openqa.selenium.remote.ProtocolHandshake.createSession(ProtocolHandshake.java:128)
... 49 more
]]>
    </error>
  </testcase> <!-- User_is_able_to_logout -->
  <system-out/>
</testsuite> <!-- com.adactin.Mobileapphoteladactin1.tests.User_is_able_to_logout -->
